#
# A fatal error has been detected by the Java Runtime Environment:
#
#  EXCEPTION_ACCESS_VIOLATION (0xc0000005) at pc=0x00007ffc3eeaf247, pid=4288, tid=15052
#
# JRE version: OpenJDK Runtime Environment (17.0+35) (build 17+35-2724)
# Java VM: OpenJDK 64-Bit Server VM (17+35-2724, mixed mode, sharing, tiered, compressed oops, compressed class ptrs, g1 gc, windows-amd64)
# Problematic frame:
# C  0x00007ffc3eeaf247
#
# No core dump will be written. Minidumps are not enabled by default on client versions of Windows
#
# If you would like to submit a bug report, please visit:
#   https://bugreport.java.com/bugreport/crash.jsp
# The crash happened outside the Java Virtual Machine in native code.
# See problematic frame for where to report the bug.
#

---------------  S U M M A R Y ------------

Command Line: -Dfile.encoding=windows-1252 -Duser.country=US -Duser.language=en -Duser.variant io.neilshirsat.catan.render.MainFrame

Host: AMD Ryzen 5 3500U with Radeon Vega Mobile Gfx  , 8 cores, 5G,  Windows 10 , 64 bit Build 19041 (10.0.19041.1645)
Time: Tue Apr 26 07:48:44 2022 Central Daylight Time elapsed time: 28.818545 seconds (0d 0h 0m 28s)

---------------  T H R E A D  ---------------

Current thread (0x00000209e96af420):  JavaThread "AWT-EventQueue-0" [_thread_in_native, id=15052, stack(0x0000004455000000,0x0000004455100000)]

Stack: [0x0000004455000000,0x0000004455100000],  sp=0x00000044550ff030,  free space=1020k
Native frames: (J=compiled Java code, j=interpreted, Vv=VM code, C=native code)
C  0x00007ffc3eeaf247

Java frames: (J=compiled Java code, j=interpreted, Vv=VM code)
j  org.cef.CefApp.N_Shutdown()V+0
j  org.cef.CefApp.access$600(Lorg/cef/CefApp;)V+1
j  org.cef.CefApp$5.run()V+31
J 2247 c1 java.awt.event.InvocationEvent.dispatch()V java.desktop@17 (69 bytes) @ 0x00000209d4b06e9c [0x00000209d4b06c80+0x000000000000021c]
J 2102 c1 java.awt.EventQueue.dispatchEventImpl(Ljava/awt/AWTEvent;Ljava/lang/Object;)V java.desktop@17 (136 bytes) @ 0x00000209d4aa82b4 [0x00000209d4aa67e0+0x0000000000001ad4]
J 2104 c1 java.awt.EventQueue$4.run()Ljava/lang/Void; java.desktop@17 (60 bytes) @ 0x00000209d4aaa10c [0x00000209d4aa9fe0+0x000000000000012c]
J 2043 c1 java.awt.EventQueue.dispatchEvent(Ljava/awt/AWTEvent;)V java.desktop@17 (80 bytes) @ 0x00000209d4a7440c [0x00000209d4a73e60+0x00000000000005ac]
J 2051 c1 java.awt.EventDispatchThread.pumpOneEventForFilters(I)V java.desktop@17 (113 bytes) @ 0x00000209d4a783a4 [0x00000209d4a77d20+0x0000000000000684]
j  java.awt.EventDispatchThread.pumpEventsForFilter(ILjava/awt/Conditional;Ljava/awt/EventFilter;)V+35 java.desktop@17
j  java.awt.EventDispatchThread.pumpEventsForHierarchy(ILjava/awt/Conditional;Ljava/awt/Component;)V+11 java.desktop@17
j  java.awt.EventDispatchThread.pumpEvents(ILjava/awt/Conditional;)V+4 java.desktop@17
j  java.awt.EventDispatchThread.pumpEvents(Ljava/awt/Conditional;)V+3 java.desktop@17
j  java.awt.EventDispatchThread.run()V+9 java.desktop@17
v  ~StubRoutines::call_stub

siginfo: EXCEPTION_ACCESS_VIOLATION (0xc0000005), reading address 0x0000000000000000


Register to memory mapping:

RIP=0x00007ffc3eeaf247 points into unknown readable memory: 80
RAX=0x00000209f0529890 points into unknown readable memory: 0x00000209f0529890 | 90 98 52 f0 09 02 00 00
RBX={method} {0x00000209f1a37cf8} 'N_Shutdown' '()V' in 'org/cef/CefApp'
RCX=0x00007ffc3efa5900 points into unknown readable memory: 0x00000209f0529890 | 90 98 52 f0 09 02 00 00
RDX=0x00000209f0529890 points into unknown readable memory: 0x00000209f0529890 | 90 98 52 f0 09 02 00 00
RSP=0x00000044550ff030 is pointing into the stack for thread: 0x00000209e96af420
RBP=0x00000044550ff108 is pointing into the stack for thread: 0x00000209e96af420
RSI=0x0000000000000015 is an unknown value
RDI=0x0 is NULL
R8 =0x0000000000000009 is an unknown value
R9 =0x00000000000000de is an unknown value
R10=0x00000209d411d5f2 is at code_begin+946 in an Interpreter codelet
method entry point (kind = native)  [0x00000209d411d240, 0x00000209d411dbc0]  2432 bytes
R11=0x0000000000000112 is an unknown value
R12=0x0 is NULL
R13={method} {0x00000209f1a37cf8} 'N_Shutdown' '()V' in 'org/cef/CefApp'
R14=0x00000044550ff128 is pointing into the stack for thread: 0x00000209e96af420
R15=0x00000209e96af420 is a thread


Registers:
RAX=0x00000209f0529890, RBX=0x00000209f1a37cf0, RCX=0x00007ffc3efa5900, RDX=0x00000209f0529890
RSP=0x00000044550ff030, RBP=0x00000044550ff108, RSI=0x0000000000000015, RDI=0x0000000000000000
R8 =0x0000000000000009, R9 =0x00000000000000de, R10=0x00000209d411d5f2, R11=0x0000000000000112
R12=0x0000000000000000, R13=0x00000209f1a37cf0, R14=0x00000044550ff128, R15=0x00000209e96af420
RIP=0x00007ffc3eeaf247, EFLAGS=0x0000000000010202

Top of Stack: (sp=0x00000044550ff030)
0x00000044550ff030:   00000209f1a37cf0 0000000000000015
0x00000044550ff040:   00000044550ff088 00000008003ebde8
0x00000044550ff050:   0000000000000000 00007ffc3ee81621
0x00000044550ff060:   00000209f1a37cf0 0000000000000000
0x00000044550ff070:   00000044550ff088 00000044550ff0e8
0x00000044550ff080:   00000209d41194fe 00000209d411d621
0x00000044550ff090:   0000000000000009 0000000000000000
0x00000044550ff0a0:   00000044550ff090 0000000800af26ac
0x00000044550ff0b0:   00000044550ff110 00000008003f25d8
0x00000044550ff0c0:   00000044550ff0c0 0000000000000000
0x00000044550ff0d0:   00000044550ff128 00000209f1a3d8f0
0x00000044550ff0e0:   0000000000000000 00000000a5784498
0x00000044550ff0f0:   00000209f1a37cf0 0000000000000000
0x00000044550ff100:   00000044550ff128 00000044550ff178
0x00000044550ff110:   00000209d41194fe 0000000000000000
0x00000044550ff120:   00000209d411af78 00000000a5784e30 

Instructions: (pc=0x00007ffc3eeaf247)
0x00007ffc3eeaf147:   55 ff 48 8b cb e8 1f 42 fe ff 48 89 45 1f 48 8b
0x00007ffc3eeaf157:   03 48 8b cb ff 50 78 48 85 c0 74 19 48 8b 03 48
0x00007ffc3eeaf167:   8b cb ff 90 80 00 00 00 48 8b 03 48 8b cb ff 90
0x00007ffc3eeaf177:   88 00 00 00 90 48 89 7d 2f 48 8b 55 3f 48 85 d2
0x00007ffc3eeaf187:   74 14 80 7d 47 00 74 0e 48 8b 4d 37 48 8b 01 ff
0x00007ffc3eeaf197:   90 b8 00 00 00 90 48 8b 55 ff 4c 8b 45 1f 4d 85
0x00007ffc3eeaf1a7:   c0 75 04 32 db eb 15 49 8b d0 48 8b cb e8 87 f0
0x00007ffc3eeaf1b7:   00 00 b3 01 48 8b 55 ff 4c 8b 45 1f 48 8d 05 26
0x00007ffc3eeaf1c7:   c7 09 00 48 89 45 0f 4d 85 c0 74 1a 80 7d 27 00
0x00007ffc3eeaf1d7:   74 14 48 8b 4d 17 48 8b 01 49 8b d0 ff 90 b8 00
0x00007ffc3eeaf1e7:   00 00 48 8b 55 ff 48 89 7d ef 48 85 d2 74 15 80
0x00007ffc3eeaf1f7:   7d 07 00 74 0f 48 8b 4d f7 4c 8b 01 41 ff 90 b8
0x00007ffc3eeaf207:   00 00 00 90 0f b6 c3 4c 8d 9c 24 90 00 00 00 49
0x00007ffc3eeaf217:   8b 5b 10 49 8b 7b 20 49 8b e3 5d c3 cc cc cc cc
0x00007ffc3eeaf227:   cc cc cc cc cc cc cc cc cc 48 89 5c 24 08 57 48
0x00007ffc3eeaf237:   83 ec 20 48 8b f9 e8 4e 2d 02 00 e8 89 14 ff ff
0x00007ffc3eeaf247:   80 3f 00 74 10 bb 0a 00 00 00 e8 7a 2d 02 00 48
0x00007ffc3eeaf257:   83 eb 01 75 f5 48 8b 5f 08 48 c7 47 08 00 00 00
0x00007ffc3eeaf267:   00 48 85 db 74 15 48 8b cb e8 1b 0f 02 00 ba 08
0x00007ffc3eeaf277:   00 00 00 48 8b cb e8 f2 b7 05 00 48 c7 47 08 00
0x00007ffc3eeaf287:   00 00 00 48 8b 5c 24 30 48 83 c4 20 5f e9 c7 31
0x00007ffc3eeaf297:   02 00 cc cc cc cc cc cc cc 48 89 5c 24 08 48 89
0x00007ffc3eeaf2a7:   74 24 10 57 48 83 ec 20 8b 41 08 48 8b fa 41 0f
0x00007ffc3eeaf2b7:   b6 d8 48 8b f1 89 42 08 4c 8d 42 10 48 8b 51 18
0x00007ffc3eeaf2c7:   44 8b cb 48 8b 49 10 e8 8a 2c 02 00 48 8b 56 30
0x00007ffc3eeaf2d7:   4c 8d 47 28 48 8b 4e 28 44 8b cb e8 76 2c 02 00
0x00007ffc3eeaf2e7:   48 8b 56 48 4c 8d 47 40 48 8b 4e 40 44 8b cb e8
0x00007ffc3eeaf2f7:   62 2c 02 00 8b 46 58 4c 8d 47 70 89 47 58 44 8b
0x00007ffc3eeaf307:   cb 8b 46 5c 89 47 5c 8b 46 60 89 47 60 8b 46 64
0x00007ffc3eeaf317:   89 47 64 8b 46 68 89 47 68 48 8b 56 78 48 8b 4e
0x00007ffc3eeaf327:   70 e8 30 2c 02 00 48 8b 96 90 00 00 00 4c 8d 87
0x00007ffc3eeaf337:   88 00 00 00 48 8b 8e 88 00 00 00 44 8b cb e8 13 


Stack slot to memory mapping:
stack at sp + 0 slots: {method} {0x00000209f1a37cf8} 'N_Shutdown' '()V' in 'org/cef/CefApp'
stack at sp + 1 slots: 0x0000000000000015 is an unknown value
stack at sp + 2 slots: 0x00000044550ff088 is pointing into the stack for thread: 0x00000209e96af420
stack at sp + 3 slots: 0x00000008003ebde8 is pointing into metadata
stack at sp + 4 slots: 0x0 is NULL
stack at sp + 5 slots: 0x00007ffc3ee81621 points into unknown readable memory: 48 83 c4 28 e9 d6 ca
stack at sp + 6 slots: {method} {0x00000209f1a37cf8} 'N_Shutdown' '()V' in 'org/cef/CefApp'
stack at sp + 7 slots: 0x0 is NULL


---------------  P R O C E S S  ---------------

Threads class SMR info:
_java_thread_list=0x00000209ea378060, length=22, elements={
0x00000209e968cf60, 0x00000209e968ddd0, 0x00000209e96a38c0, 0x00000209e96a6280,
0x00000209e96a8c40, 0x00000209e96ae5b0, 0x00000209e96ba840, 0x00000209e96c32f0,
0x00000209e96ce4f0, 0x00000209e96ae0e0, 0x00000209e96af8f0, 0x00000209e96aea80,
0x00000209e96b0c30, 0x00000209e96ad270, 0x00000209e96af420, 0x00000209e96b0760,
0x00000209e96aef50, 0x00000209e96adc10, 0x00000209e96b0290, 0x00000209e96ad740,
0x00000209ea901ec0, 0x00000209ea903ba0
}

Java Threads: ( => current thread )
  0x00000209e968cf60 JavaThread "Reference Handler" daemon [_thread_blocked, id=14064, stack(0x0000004454400000,0x0000004454500000)]
  0x00000209e968ddd0 JavaThread "Finalizer" daemon [_thread_blocked, id=5196, stack(0x0000004454500000,0x0000004454600000)]
  0x00000209e96a38c0 JavaThread "Signal Dispatcher" daemon [_thread_blocked, id=4412, stack(0x0000004454600000,0x0000004454700000)]
  0x00000209e96a6280 JavaThread "Attach Listener" daemon [_thread_blocked, id=12848, stack(0x0000004454700000,0x0000004454800000)]
  0x00000209e96a8c40 JavaThread "Service Thread" daemon [_thread_blocked, id=10212, stack(0x0000004454800000,0x0000004454900000)]
  0x00000209e96ae5b0 JavaThread "Monitor Deflation Thread" daemon [_thread_blocked, id=13720, stack(0x0000004454900000,0x0000004454a00000)]
  0x00000209e96ba840 JavaThread "C2 CompilerThread0" daemon [_thread_blocked, id=17256, stack(0x0000004454a00000,0x0000004454b00000)]
  0x00000209e96c32f0 JavaThread "C1 CompilerThread0" daemon [_thread_blocked, id=8704, stack(0x0000004454b00000,0x0000004454c00000)]
  0x00000209e96ce4f0 JavaThread "Sweeper thread" daemon [_thread_blocked, id=8220, stack(0x0000004454c00000,0x0000004454d00000)]
  0x00000209e96ae0e0 JavaThread "Notification Thread" daemon [_thread_blocked, id=16856, stack(0x0000004454d00000,0x0000004454e00000)]
  0x00000209e96af8f0 JavaThread "Common-Cleaner" daemon [_thread_blocked, id=1600, stack(0x0000004454f00000,0x0000004455000000)]
  0x00000209e96aea80 JavaThread "Java2D Disposer" daemon [_thread_blocked, id=12556, stack(0x0000004455100000,0x0000004455200000)]
  0x00000209e96b0c30 JavaThread "AWT-Shutdown" [_thread_blocked, id=16000, stack(0x0000004455200000,0x0000004455300000)]
  0x00000209e96ad270 JavaThread "AWT-Windows" daemon [_thread_in_native, id=7532, stack(0x0000004455300000,0x0000004455400000)]
=>0x00000209e96af420 JavaThread "AWT-EventQueue-0" [_thread_in_native, id=15052, stack(0x0000004455000000,0x0000004455100000)]
  0x00000209e96b0760 JavaThread "D3D Screen Updater" daemon [_thread_blocked, id=2728, stack(0x0000004455c00000,0x0000004455d00000)]
  0x00000209e96aef50 JavaThread "vertx-blocked-thread-checker" daemon [_thread_blocked, id=1772, stack(0x0000004455e00000,0x0000004455f00000)]
  0x00000209e96adc10 JavaThread "Thread-2" daemon [_thread_in_native, id=2304, stack(0x0000004456700000,0x0000004456800000)]
  0x00000209e96b0290 JavaThread "vert.x-acceptor-thread-0" [_thread_in_native, id=5684, stack(0x0000004455d00000,0x0000004455e00000)]
  0x00000209e96ad740 JavaThread "vert.x-eventloop-thread-0" [_thread_in_native, id=2284, stack(0x0000004456800000,0x0000004456900000)]
  0x00000209ea901ec0 JavaThread "DestroyJavaVM" [_thread_blocked, id=5868, stack(0x0000004453d00000,0x0000004453e00000)]
  0x00000209ea903ba0 JavaThread "TimerQueue" daemon [_thread_blocked, id=12976, stack(0x0000004455600000,0x0000004455700000)]

Other Threads:
  0x00000209e9687350 VMThread "VM Thread" [stack: 0x0000004454300000,0x0000004454400000] [id=2312]
  0x00000209cc96fa60 WatcherThread [stack: 0x0000004454e00000,0x0000004454f00000] [id=17192]
  0x00000209cc94bfd0 GCTaskThread "GC Thread#0" [stack: 0x0000004453e00000,0x0000004453f00000] [id=8012]
  0x00000209f02e2e10 GCTaskThread "GC Thread#1" [stack: 0x0000004455f00000,0x0000004456000000] [id=5752]
  0x00000209f0181530 GCTaskThread "GC Thread#2" [stack: 0x0000004456000000,0x0000004456100000] [id=10736]
  0x00000209f0237710 GCTaskThread "GC Thread#3" [stack: 0x0000004456100000,0x0000004456200000] [id=16748]
  0x00000209f0255130 GCTaskThread "GC Thread#4" [stack: 0x0000004456200000,0x0000004456300000] [id=15460]
  0x00000209f051fae0 GCTaskThread "GC Thread#5" [stack: 0x0000004456300000,0x0000004456400000] [id=2812]
  0x00000209f077e890 GCTaskThread "GC Thread#6" [stack: 0x0000004456400000,0x0000004456500000] [id=16836]
  0x00000209f070fc50 GCTaskThread "GC Thread#7" [stack: 0x0000004456500000,0x0000004456600000] [id=8028]
  0x00000209cc958d50 ConcurrentGCThread "G1 Main Marker" [stack: 0x0000004453f00000,0x0000004454000000] [id=7572]
  0x00000209cc959f00 ConcurrentGCThread "G1 Conc#0" [stack: 0x0000004454000000,0x0000004454100000] [id=15604]
  0x00000209cc9d24e0 ConcurrentGCThread "G1 Refine#0" [stack: 0x0000004454100000,0x0000004454200000] [id=6116]
  0x00000209f077de80 ConcurrentGCThread "G1 Refine#1" [stack: 0x0000004456600000,0x0000004456700000] [id=11552]
  0x00000209cc9d2f00 ConcurrentGCThread "G1 Service" [stack: 0x0000004454200000,0x0000004454300000] [id=3440]

Threads with active compile tasks:

VM state: not at safepoint (normal execution)

VM Mutex/Monitor currently owned by a thread: None

Heap address: 0x00000000a0e00000, size: 1522 MB, Compressed Oops mode: 32-bit

CDS archive(s) mapped at: [0x0000000800000000-0x0000000800bc0000-0x0000000800bc0000), size 12320768, SharedBaseAddress: 0x0000000800000000, ArchiveRelocationMode: 0.
Compressed class space mapped at: 0x0000000800c00000-0x0000000840c00000, reserved size: 1073741824
Narrow klass base: 0x0000000800000000, Narrow klass shift: 0, Narrow klass range: 0x100000000

GC Precious Log:
 CPUs: 8 total, 8 available
 Memory: 6082M
 Large Page Support: Disabled
 NUMA Support: Disabled
 Compressed Oops: Enabled (32-bit)
 Heap Region Size: 1M
 Heap Min Capacity: 8M
 Heap Initial Capacity: 96M
 Heap Max Capacity: 1522M
 Pre-touch: Disabled
 Parallel Workers: 8
 Concurrent Workers: 2
 Concurrent Refinement Workers: 8
 Periodic GC: Disabled

Heap:
 garbage-first heap   total 98304K, used 34800K [0x00000000a0e00000, 0x0000000100000000)
  region size 1024K, 30 young (30720K), 2 survivors (2048K)
 Metaspace       used 17892K, committed 18112K, reserved 1064960K
  class space    used 2036K, committed 2112K, reserved 1048576K

Heap Regions: E=young(eden), S=young(survivor), O=old, HS=humongous(starts), HC=humongous(continues), CS=collection set, F=free, OA=open archive, CA=closed archive, TAMS=top-at-mark-start (previous, next)
|   0|0x00000000a0e00000, 0x00000000a0f00000, 0x00000000a0f00000|100%| O|  |TAMS 0x00000000a0e00000, 0x00000000a0e00000| Untracked 
|   1|0x00000000a0f00000, 0x00000000a1000000, 0x00000000a1000000|100%| O|  |TAMS 0x00000000a0f00000, 0x00000000a0f00000| Untracked 
|   2|0x00000000a1000000, 0x00000000a1100000, 0x00000000a1100000|100%| O|  |TAMS 0x00000000a1000000, 0x00000000a1000000| Untracked 
|   3|0x00000000a1100000, 0x00000000a1200000, 0x00000000a1200000|100%| O|  |TAMS 0x00000000a1100000, 0x00000000a1100000| Untracked 
|   4|0x00000000a1200000, 0x00000000a1300000, 0x00000000a1300000|100%| O|  |TAMS 0x00000000a1200000, 0x00000000a1200000| Untracked 
|   5|0x00000000a1300000, 0x00000000a1341400, 0x00000000a1400000| 25%| O|  |TAMS 0x00000000a1300000, 0x00000000a1300000| Untracked 
|   6|0x00000000a1400000, 0x00000000a1400000, 0x00000000a1500000|  0%| F|  |TAMS 0x00000000a1400000, 0x00000000a1400000| Untracked 
|   7|0x00000000a1500000, 0x00000000a1500000, 0x00000000a1600000|  0%| F|  |TAMS 0x00000000a1500000, 0x00000000a1500000| Untracked 
|   8|0x00000000a1600000, 0x00000000a1600000, 0x00000000a1700000|  0%| F|  |TAMS 0x00000000a1600000, 0x00000000a1600000| Untracked 
|   9|0x00000000a1700000, 0x00000000a1700000, 0x00000000a1800000|  0%| F|  |TAMS 0x00000000a1700000, 0x00000000a1700000| Untracked 
|  10|0x00000000a1800000, 0x00000000a1800000, 0x00000000a1900000|  0%| F|  |TAMS 0x00000000a1800000, 0x00000000a1800000| Untracked 
|  11|0x00000000a1900000, 0x00000000a1900000, 0x00000000a1a00000|  0%| F|  |TAMS 0x00000000a1900000, 0x00000000a1900000| Untracked 
|  12|0x00000000a1a00000, 0x00000000a1a00000, 0x00000000a1b00000|  0%| F|  |TAMS 0x00000000a1a00000, 0x00000000a1a00000| Untracked 
|  13|0x00000000a1b00000, 0x00000000a1b00000, 0x00000000a1c00000|  0%| F|  |TAMS 0x00000000a1b00000, 0x00000000a1b00000| Untracked 
|  14|0x00000000a1c00000, 0x00000000a1c00000, 0x00000000a1d00000|  0%| F|  |TAMS 0x00000000a1c00000, 0x00000000a1c00000| Untracked 
|  15|0x00000000a1d00000, 0x00000000a1d00000, 0x00000000a1e00000|  0%| F|  |TAMS 0x00000000a1d00000, 0x00000000a1d00000| Untracked 
|  16|0x00000000a1e00000, 0x00000000a1e00000, 0x00000000a1f00000|  0%| F|  |TAMS 0x00000000a1e00000, 0x00000000a1e00000| Untracked 
|  17|0x00000000a1f00000, 0x00000000a1f00000, 0x00000000a2000000|  0%| F|  |TAMS 0x00000000a1f00000, 0x00000000a1f00000| Untracked 
|  18|0x00000000a2000000, 0x00000000a2000000, 0x00000000a2100000|  0%| F|  |TAMS 0x00000000a2000000, 0x00000000a2000000| Untracked 
|  19|0x00000000a2100000, 0x00000000a2100000, 0x00000000a2200000|  0%| F|  |TAMS 0x00000000a2100000, 0x00000000a2100000| Untracked 
|  20|0x00000000a2200000, 0x00000000a2200000, 0x00000000a2300000|  0%| F|  |TAMS 0x00000000a2200000, 0x00000000a2200000| Untracked 
|  21|0x00000000a2300000, 0x00000000a2300000, 0x00000000a2400000|  0%| F|  |TAMS 0x00000000a2300000, 0x00000000a2300000| Untracked 
|  22|0x00000000a2400000, 0x00000000a2400000, 0x00000000a2500000|  0%| F|  |TAMS 0x00000000a2400000, 0x00000000a2400000| Untracked 
|  23|0x00000000a2500000, 0x00000000a2500000, 0x00000000a2600000|  0%| F|  |TAMS 0x00000000a2500000, 0x00000000a2500000| Untracked 
|  24|0x00000000a2600000, 0x00000000a2600000, 0x00000000a2700000|  0%| F|  |TAMS 0x00000000a2600000, 0x00000000a2600000| Untracked 
|  25|0x00000000a2700000, 0x00000000a2700000, 0x00000000a2800000|  0%| F|  |TAMS 0x00000000a2700000, 0x00000000a2700000| Untracked 
|  26|0x00000000a2800000, 0x00000000a2800000, 0x00000000a2900000|  0%| F|  |TAMS 0x00000000a2800000, 0x00000000a2800000| Untracked 
|  27|0x00000000a2900000, 0x00000000a2900000, 0x00000000a2a00000|  0%| F|  |TAMS 0x00000000a2900000, 0x00000000a2900000| Untracked 
|  28|0x00000000a2a00000, 0x00000000a2a00000, 0x00000000a2b00000|  0%| F|  |TAMS 0x00000000a2a00000, 0x00000000a2a00000| Untracked 
|  29|0x00000000a2b00000, 0x00000000a2b00000, 0x00000000a2c00000|  0%| F|  |TAMS 0x00000000a2b00000, 0x00000000a2b00000| Untracked 
|  30|0x00000000a2c00000, 0x00000000a2c00000, 0x00000000a2d00000|  0%| F|  |TAMS 0x00000000a2c00000, 0x00000000a2c00000| Untracked 
|  31|0x00000000a2d00000, 0x00000000a2d00000, 0x00000000a2e00000|  0%| F|  |TAMS 0x00000000a2d00000, 0x00000000a2d00000| Untracked 
|  32|0x00000000a2e00000, 0x00000000a2e00000, 0x00000000a2f00000|  0%| F|  |TAMS 0x00000000a2e00000, 0x00000000a2e00000| Untracked 
|  33|0x00000000a2f00000, 0x00000000a2f00000, 0x00000000a3000000|  0%| F|  |TAMS 0x00000000a2f00000, 0x00000000a2f00000| Untracked 
|  34|0x00000000a3000000, 0x00000000a3000000, 0x00000000a3100000|  0%| F|  |TAMS 0x00000000a3000000, 0x00000000a3000000| Untracked 
|  35|0x00000000a3100000, 0x00000000a3100000, 0x00000000a3200000|  0%| F|  |TAMS 0x00000000a3100000, 0x00000000a3100000| Untracked 
|  36|0x00000000a3200000, 0x00000000a3200000, 0x00000000a3300000|  0%| F|  |TAMS 0x00000000a3200000, 0x00000000a3200000| Untracked 
|  37|0x00000000a3300000, 0x00000000a3300000, 0x00000000a3400000|  0%| F|  |TAMS 0x00000000a3300000, 0x00000000a3300000| Untracked 
|  38|0x00000000a3400000, 0x00000000a3400000, 0x00000000a3500000|  0%| F|  |TAMS 0x00000000a3400000, 0x00000000a3400000| Untracked 
|  39|0x00000000a3500000, 0x00000000a3500000, 0x00000000a3600000|  0%| F|  |TAMS 0x00000000a3500000, 0x00000000a3500000| Untracked 
|  40|0x00000000a3600000, 0x00000000a3600000, 0x00000000a3700000|  0%| F|  |TAMS 0x00000000a3600000, 0x00000000a3600000| Untracked 
|  41|0x00000000a3700000, 0x00000000a3700000, 0x00000000a3800000|  0%| F|  |TAMS 0x00000000a3700000, 0x00000000a3700000| Untracked 
|  42|0x00000000a3800000, 0x00000000a3800000, 0x00000000a3900000|  0%| F|  |TAMS 0x00000000a3800000, 0x00000000a3800000| Untracked 
|  43|0x00000000a3900000, 0x00000000a3900000, 0x00000000a3a00000|  0%| F|  |TAMS 0x00000000a3900000, 0x00000000a3900000| Untracked 
|  44|0x00000000a3a00000, 0x00000000a3a00000, 0x00000000a3b00000|  0%| F|  |TAMS 0x00000000a3a00000, 0x00000000a3a00000| Untracked 
|  45|0x00000000a3b00000, 0x00000000a3b00000, 0x00000000a3c00000|  0%| F|  |TAMS 0x00000000a3b00000, 0x00000000a3b00000| Untracked 
|  46|0x00000000a3c00000, 0x00000000a3c00000, 0x00000000a3d00000|  0%| F|  |TAMS 0x00000000a3c00000, 0x00000000a3c00000| Untracked 
|  47|0x00000000a3d00000, 0x00000000a3d00000, 0x00000000a3e00000|  0%| F|  |TAMS 0x00000000a3d00000, 0x00000000a3d00000| Untracked 
|  48|0x00000000a3e00000, 0x00000000a3e00000, 0x00000000a3f00000|  0%| F|  |TAMS 0x00000000a3e00000, 0x00000000a3e00000| Untracked 
|  49|0x00000000a3f00000, 0x00000000a3f00000, 0x00000000a4000000|  0%| F|  |TAMS 0x00000000a3f00000, 0x00000000a3f00000| Untracked 
|  50|0x00000000a4000000, 0x00000000a4000000, 0x00000000a4100000|  0%| F|  |TAMS 0x00000000a4000000, 0x00000000a4000000| Untracked 
|  51|0x00000000a4100000, 0x00000000a4100000, 0x00000000a4200000|  0%| F|  |TAMS 0x00000000a4100000, 0x00000000a4100000| Untracked 
|  52|0x00000000a4200000, 0x00000000a4200000, 0x00000000a4300000|  0%| F|  |TAMS 0x00000000a4200000, 0x00000000a4200000| Untracked 
|  53|0x00000000a4300000, 0x00000000a4300000, 0x00000000a4400000|  0%| F|  |TAMS 0x00000000a4300000, 0x00000000a4300000| Untracked 
|  54|0x00000000a4400000, 0x00000000a4400000, 0x00000000a4500000|  0%| F|  |TAMS 0x00000000a4400000, 0x00000000a4400000| Untracked 
|  55|0x00000000a4500000, 0x00000000a4500000, 0x00000000a4600000|  0%| F|  |TAMS 0x00000000a4500000, 0x00000000a4500000| Untracked 
|  56|0x00000000a4600000, 0x00000000a4600000, 0x00000000a4700000|  0%| F|  |TAMS 0x00000000a4600000, 0x00000000a4600000| Untracked 
|  57|0x00000000a4700000, 0x00000000a4700000, 0x00000000a4800000|  0%| F|  |TAMS 0x00000000a4700000, 0x00000000a4700000| Untracked 
|  58|0x00000000a4800000, 0x00000000a4800000, 0x00000000a4900000|  0%| F|  |TAMS 0x00000000a4800000, 0x00000000a4800000| Untracked 
|  59|0x00000000a4900000, 0x00000000a4900000, 0x00000000a4a00000|  0%| F|  |TAMS 0x00000000a4900000, 0x00000000a4900000| Untracked 
|  60|0x00000000a4a00000, 0x00000000a4a00000, 0x00000000a4b00000|  0%| F|  |TAMS 0x00000000a4a00000, 0x00000000a4a00000| Untracked 
|  61|0x00000000a4b00000, 0x00000000a4b00000, 0x00000000a4c00000|  0%| F|  |TAMS 0x00000000a4b00000, 0x00000000a4b00000| Untracked 
|  62|0x00000000a4c00000, 0x00000000a4c00000, 0x00000000a4d00000|  0%| F|  |TAMS 0x00000000a4c00000, 0x00000000a4c00000| Untracked 
|  63|0x00000000a4d00000, 0x00000000a4d00000, 0x00000000a4e00000|  0%| F|  |TAMS 0x00000000a4d00000, 0x00000000a4d00000| Untracked 
|  64|0x00000000a4e00000, 0x00000000a4e00000, 0x00000000a4f00000|  0%| F|  |TAMS 0x00000000a4e00000, 0x00000000a4e00000| Untracked 
|  65|0x00000000a4f00000, 0x00000000a4f00000, 0x00000000a5000000|  0%| F|  |TAMS 0x00000000a4f00000, 0x00000000a4f00000| Untracked 
|  66|0x00000000a5000000, 0x00000000a50ec020, 0x00000000a5100000| 92%| E|  |TAMS 0x00000000a5000000, 0x00000000a5000000| Complete 
|  67|0x00000000a5100000, 0x00000000a5200000, 0x00000000a5200000|100%| E|CS|TAMS 0x00000000a5100000, 0x00000000a5100000| Complete 
|  68|0x00000000a5200000, 0x00000000a5300000, 0x00000000a5300000|100%| E|CS|TAMS 0x00000000a5200000, 0x00000000a5200000| Complete 
|  69|0x00000000a5300000, 0x00000000a53bae00, 0x00000000a5400000| 72%| S|CS|TAMS 0x00000000a5300000, 0x00000000a5300000| Complete 
|  70|0x00000000a5400000, 0x00000000a5500000, 0x00000000a5500000|100%| E|CS|TAMS 0x00000000a5400000, 0x00000000a5400000| Complete 
|  71|0x00000000a5500000, 0x00000000a5600000, 0x00000000a5600000|100%| E|CS|TAMS 0x00000000a5500000, 0x00000000a5500000| Complete 
|  72|0x00000000a5600000, 0x00000000a5700000, 0x00000000a5700000|100%| E|CS|TAMS 0x00000000a5600000, 0x00000000a5600000| Complete 
|  73|0x00000000a5700000, 0x00000000a5800000, 0x00000000a5800000|100%| S|CS|TAMS 0x00000000a5700000, 0x00000000a5700000| Complete 
|  74|0x00000000a5800000, 0x00000000a5900000, 0x00000000a5900000|100%| E|CS|TAMS 0x00000000a5800000, 0x00000000a5800000| Complete 
|  75|0x00000000a5900000, 0x00000000a5a00000, 0x00000000a5a00000|100%| E|CS|TAMS 0x00000000a5900000, 0x00000000a5900000| Complete 
|  76|0x00000000a5a00000, 0x00000000a5b00000, 0x00000000a5b00000|100%| E|CS|TAMS 0x00000000a5a00000, 0x00000000a5a00000| Complete 
|  77|0x00000000a5b00000, 0x00000000a5c00000, 0x00000000a5c00000|100%| E|CS|TAMS 0x00000000a5b00000, 0x00000000a5b00000| Complete 
|  78|0x00000000a5c00000, 0x00000000a5d00000, 0x00000000a5d00000|100%| E|CS|TAMS 0x00000000a5c00000, 0x00000000a5c00000| Complete 
|  79|0x00000000a5d00000, 0x00000000a5e00000, 0x00000000a5e00000|100%| E|CS|TAMS 0x00000000a5d00000, 0x00000000a5d00000| Complete 
|  80|0x00000000a5e00000, 0x00000000a5f00000, 0x00000000a5f00000|100%| E|CS|TAMS 0x00000000a5e00000, 0x00000000a5e00000| Complete 
|  81|0x00000000a5f00000, 0x00000000a6000000, 0x00000000a6000000|100%| E|CS|TAMS 0x00000000a5f00000, 0x00000000a5f00000| Complete 
|  82|0x00000000a6000000, 0x00000000a6100000, 0x00000000a6100000|100%| E|CS|TAMS 0x00000000a6000000, 0x00000000a6000000| Complete 
|  83|0x00000000a6100000, 0x00000000a6200000, 0x00000000a6200000|100%| E|CS|TAMS 0x00000000a6100000, 0x00000000a6100000| Complete 
|  84|0x00000000a6200000, 0x00000000a6300000, 0x00000000a6300000|100%| E|CS|TAMS 0x00000000a6200000, 0x00000000a6200000| Complete 
|  85|0x00000000a6300000, 0x00000000a6400000, 0x00000000a6400000|100%| E|CS|TAMS 0x00000000a6300000, 0x00000000a6300000| Complete 
|  86|0x00000000a6400000, 0x00000000a6500000, 0x00000000a6500000|100%| E|CS|TAMS 0x00000000a6400000, 0x00000000a6400000| Complete 
|  87|0x00000000a6500000, 0x00000000a6600000, 0x00000000a6600000|100%| E|CS|TAMS 0x00000000a6500000, 0x00000000a6500000| Complete 
|  88|0x00000000a6600000, 0x00000000a6700000, 0x00000000a6700000|100%| E|CS|TAMS 0x00000000a6600000, 0x00000000a6600000| Complete 
|  89|0x00000000a6700000, 0x00000000a6800000, 0x00000000a6800000|100%| E|CS|TAMS 0x00000000a6700000, 0x00000000a6700000| Complete 
|  90|0x00000000a6800000, 0x00000000a6900000, 0x00000000a6900000|100%| E|CS|TAMS 0x00000000a6800000, 0x00000000a6800000| Complete 
|  91|0x00000000a6900000, 0x00000000a6a00000, 0x00000000a6a00000|100%| E|CS|TAMS 0x00000000a6900000, 0x00000000a6900000| Complete 
|  92|0x00000000a6a00000, 0x00000000a6b00000, 0x00000000a6b00000|100%| E|CS|TAMS 0x00000000a6a00000, 0x00000000a6a00000| Complete 
|  93|0x00000000a6b00000, 0x00000000a6c00000, 0x00000000a6c00000|100%| E|CS|TAMS 0x00000000a6b00000, 0x00000000a6b00000| Complete 
|  94|0x00000000a6c00000, 0x00000000a6d00000, 0x00000000a6d00000|100%| E|CS|TAMS 0x00000000a6c00000, 0x00000000a6c00000| Complete 
|  95|0x00000000a6d00000, 0x00000000a6e00000, 0x00000000a6e00000|100%| E|CS|TAMS 0x00000000a6d00000, 0x00000000a6d00000| Complete 

Card table byte_map: [0x00000209e3740000,0x00000209e3a40000] _byte_map_base: 0x00000209e3239000

Marking Bits (Prev, Next): (CMBitMap*) 0x00000209cc94c5e0, (CMBitMap*) 0x00000209cc94c620
 Prev Bits: [0x00000209e3d40000, 0x00000209e5508000)
 Next Bits: [0x00000209e5510000, 0x00000209e6cd8000)

Polling page: 0x00000209ca870000

Metaspace:

Usage:
  Non-class:     15.48 MB used.
      Class:      1.99 MB used.
       Both:     17.47 MB used.

Virtual space:
  Non-class space:       16.00 MB reserved,      15.62 MB ( 98%) committed,  2 nodes.
      Class space:        1.00 GB reserved,       2.06 MB ( <1%) committed,  1 nodes.
             Both:        1.02 GB reserved,      17.69 MB (  2%) committed. 

Chunk freelists:
   Non-Class:  224.00 KB
       Class:  1.88 MB
        Both:  2.10 MB

MaxMetaspaceSize: unlimited
CompressedClassSpaceSize: 1.00 GB
Initial GC threshold: 21.00 MB
Current GC threshold: 21.00 MB
CDS: on
MetaspaceReclaimPolicy: balanced
 - commit_granule_bytes: 65536.
 - commit_granule_words: 8192.
 - virtual_space_node_default_size: 1048576.
 - enlarge_chunks_in_place: 1.
 - new_chunks_are_fully_committed: 0.
 - uncommit_free_chunks: 1.
 - use_allocation_guard: 0.
 - handle_deallocations: 1.


Internal statistics:

num_allocs_failed_limit: 0.
num_arena_births: 200.
num_arena_deaths: 0.
num_vsnodes_births: 3.
num_vsnodes_deaths: 0.
num_space_committed: 283.
num_space_uncommitted: 0.
num_chunks_returned_to_freelist: 0.
num_chunks_taken_from_freelist: 508.
num_chunk_merges: 0.
num_chunk_splits: 337.
num_chunks_enlarged: 255.
num_purges: 0.
num_inconsistent_stats: 0.

CodeHeap 'non-profiled nmethods': size=120000Kb used=1083Kb max_used=1083Kb free=118916Kb
 bounds [0x00000209dbbe0000, 0x00000209dbe50000, 0x00000209e3110000]
CodeHeap 'profiled nmethods': size=120000Kb used=4803Kb max_used=4803Kb free=115196Kb
 bounds [0x00000209d46b0000, 0x00000209d4b70000, 0x00000209dbbe0000]
CodeHeap 'non-nmethods': size=5760Kb used=1355Kb max_used=1372Kb free=4404Kb
 bounds [0x00000209d4110000, 0x00000209d4380000, 0x00000209d46b0000]
 total_blobs=3095 nmethods=2393 adapters=614
 compilation: enabled
              stopped_count=0, restarted_count=0
 full_count=0

Compilation events (20 events):
Event: 28.621 Thread 0x00000209e96c32f0 2388       3       java.lang.invoke.MethodHandleNatives::linkCallSite (66 bytes)
Event: 28.621 Thread 0x00000209e96c32f0 nmethod 2388 0x00000209d4b5a190 code [0x00000209d4b5a360, 0x00000209d4b5a8a8]
Event: 28.621 Thread 0x00000209e96c32f0 2389       3       java.lang.invoke.MethodHandleNatives::linkCallSiteImpl (44 bytes)
Event: 28.622 Thread 0x00000209e96c32f0 nmethod 2389 0x00000209d4b5aa90 code [0x00000209d4b5acc0, 0x00000209d4b5b5d8]
Event: 28.622 Thread 0x00000209e96c32f0 2390   !   3       java.lang.invoke.CallSite::makeSite (91 bytes)
Event: 28.624 Thread 0x00000209e96c32f0 nmethod 2390 0x00000209d4b5b910 code [0x00000209d4b5bc40, 0x00000209d4b5cd18]
Event: 28.624 Thread 0x00000209e96c32f0 2392       3       java.util.concurrent.ConcurrentHashMap::isEmpty (15 bytes)
Event: 28.624 Thread 0x00000209e96c32f0 nmethod 2392 0x00000209d4b5d810 code [0x00000209d4b5d9c0, 0x00000209d4b5db68]
Event: 28.624 Thread 0x00000209e96c32f0 2391       3       java.lang.invoke.ConstantCallSite::<init> (17 bytes)
Event: 28.625 Thread 0x00000209e96c32f0 nmethod 2391 0x00000209d4b5dc10 code [0x00000209d4b5de00, 0x00000209d4b5e3e8]
Event: 28.659 Thread 0x00000209e96c32f0 2393   !   3       org.cef.handler.CefClientHandler::getNativeRef (47 bytes)
Event: 28.660 Thread 0x00000209e96c32f0 nmethod 2393 0x00000209d4b5e610 code [0x00000209d4b5e7e0, 0x00000209d4b5ed38]
Event: 28.661 Thread 0x00000209e96c32f0 2394       3       jdk.internal.loader.NativeLibraries::find (72 bytes)
Event: 28.662 Thread 0x00000209e96c32f0 nmethod 2394 0x00000209d4b5ef90 code [0x00000209d4b5f1c0, 0x00000209d4b5fa58]
Event: 28.662 Thread 0x00000209e96c32f0 2395       3       java.awt.Toolkit::enabledOnToolkit (16 bytes)
Event: 28.663 Thread 0x00000209e96c32f0 nmethod 2395 0x00000209d4b5fd10 code [0x00000209d4b5fea0, 0x00000209d4b60018]
Event: 28.683 Thread 0x00000209e96c32f0 2396       3       java.beans.PropertyChangeSupport::firePropertyChange (35 bytes)
Event: 28.684 Thread 0x00000209e96c32f0 nmethod 2396 0x00000209d4b60090 code [0x00000209d4b60280, 0x00000209d4b60a28]
Event: 28.689 Thread 0x00000209e96c32f0 2397       1       ch.qos.logback.core.UnsynchronizedAppenderBase::isStarted (5 bytes)
Event: 28.690 Thread 0x00000209e96c32f0 nmethod 2397 0x00000209dbcee990 code [0x00000209dbceeb20, 0x00000209dbceebf8]

GC Heap History (4 events):
Event: 2.973 GC heap before
{Heap before GC invocations=0 (full 0):
 garbage-first heap   total 98304K, used 22528K [0x00000000a0e00000, 0x0000000100000000)
  region size 1024K, 23 young (23552K), 0 survivors (0K)
 Metaspace       used 12408K, committed 12672K, reserved 1064960K
  class space    used 1426K, committed 1536K, reserved 1048576K
}
Event: 2.986 GC heap after
{Heap after GC invocations=1 (full 0):
 garbage-first heap   total 98304K, used 5216K [0x00000000a0e00000, 0x0000000100000000)
  region size 1024K, 3 young (3072K), 3 survivors (3072K)
 Metaspace       used 12408K, committed 12672K, reserved 1064960K
  class space    used 1426K, committed 1536K, reserved 1048576K
}
Event: 17.593 GC heap before
{Heap before GC invocations=1 (full 0):
 garbage-first heap   total 98304K, used 27744K [0x00000000a0e00000, 0x0000000100000000)
  region size 1024K, 25 young (25600K), 3 survivors (3072K)
 Metaspace       used 17448K, committed 17664K, reserved 1064960K
  class space    used 2026K, committed 2112K, reserved 1048576K
}
Event: 17.602 GC heap after
{Heap after GC invocations=2 (full 0):
 garbage-first heap   total 98304K, used 7152K [0x00000000a0e00000, 0x0000000100000000)
  region size 1024K, 2 young (2048K), 2 survivors (2048K)
 Metaspace       used 17448K, committed 17664K, reserved 1064960K
  class space    used 2026K, committed 2112K, reserved 1048576K
}

Deoptimization events (20 events):
Event: 12.657 Thread 0x00000209e96af420 DEOPT PACKING pc=0x00000209d4931fe8 sp=0x00000044550fdc70
Event: 12.657 Thread 0x00000209e96af420 DEOPT UNPACKING pc=0x00000209d4162b43 sp=0x00000044550fd070 mode 0
Event: 12.659 Thread 0x00000209e96af420 DEOPT PACKING pc=0x00000209d4a36bf7 sp=0x00000044550fdc50
Event: 12.659 Thread 0x00000209e96af420 DEOPT UNPACKING pc=0x00000209d4162b43 sp=0x00000044550fd070 mode 0
Event: 12.664 Thread 0x00000209e96af420 DEOPT PACKING pc=0x00000209d4931c7a sp=0x00000044550fd7e0
Event: 12.665 Thread 0x00000209e96af420 DEOPT UNPACKING pc=0x00000209d4162b43 sp=0x00000044550fcbd8 mode 0
Event: 12.665 Thread 0x00000209e96af420 DEOPT PACKING pc=0x00000209d49455c2 sp=0x00000044550fd770
Event: 12.665 Thread 0x00000209e96af420 DEOPT UNPACKING pc=0x00000209d4162b43 sp=0x00000044550fcc00 mode 0
Event: 12.865 Thread 0x00000209e96af420 DEOPT PACKING pc=0x00000209d4931c7a sp=0x00000044550fd780
Event: 12.865 Thread 0x00000209e96af420 DEOPT UNPACKING pc=0x00000209d4162b43 sp=0x00000044550fcb78 mode 0
Event: 12.866 Thread 0x00000209e96af420 DEOPT PACKING pc=0x00000209d4a01189 sp=0x00000044550fd190
Event: 12.867 Thread 0x00000209e96af420 DEOPT UNPACKING pc=0x00000209d4162b43 sp=0x00000044550fc518 mode 0
Event: 12.872 Thread 0x00000209e96af420 DEOPT PACKING pc=0x00000209d4931c7a sp=0x00000044550fd2e0
Event: 12.872 Thread 0x00000209e96af420 DEOPT UNPACKING pc=0x00000209d4162b43 sp=0x00000044550fc6d8 mode 0
Event: 12.890 Thread 0x00000209e96af420 DEOPT PACKING pc=0x00000209d4931c7a sp=0x00000044550fd1c0
Event: 12.890 Thread 0x00000209e96af420 DEOPT UNPACKING pc=0x00000209d4162b43 sp=0x00000044550fc5b8 mode 0
Event: 28.683 Thread 0x00000209e96af420 Uncommon trap: trap_request=0xfffffff4 fr.pc=0x00000209dbcc6a20 relative=0x0000000000000180
Event: 28.683 Thread 0x00000209e96af420 Uncommon trap: reason=null_check action=make_not_entrant pc=0x00000209dbcc6a20 method=java.awt.geom.AffineTransform.equals(Ljava/lang/Object;)Z @ 1 c2
Event: 28.683 Thread 0x00000209e96af420 DEOPT PACKING pc=0x00000209dbcc6a20 sp=0x00000044550fd760
Event: 28.683 Thread 0x00000209e96af420 DEOPT UNPACKING pc=0x00000209d41623a3 sp=0x00000044550fd6e8 mode 2

Classes unloaded (0 events):
No events

Classes redefined (0 events):
No events

Internal exceptions (20 events):
Event: 0.777 Thread 0x00000209cc915800 Exception <a 'java/lang/ClassNotFoundException'{0x00000000a65e7710}: com/sun/swing/internal/plaf/basic/resources/spi/basicProvider> (0x00000000a65e7710) 
thrown [t:\workspace\open\src\hotspot\share\classfile\systemDictionary.cpp, line 256]
Event: 0.787 Thread 0x00000209cc915800 Exception <a 'java/lang/NoSuchMethodError'{0x00000000a640e450}: 'int java.lang.invoke.DirectMethodHandle$Holder.invokeStatic(java.lang.Object)'> (0x00000000a640e450) 
thrown [t:\workspace\open\src\hotspot\share\interpreter\linkResolver.cpp, line 766]
Event: 1.240 Thread 0x00000209cc915800 Implicit null exception at 0x00000209dbc26758 to 0x00000209dbc267ee
Event: 1.242 Thread 0x00000209cc915800 Implicit null exception at 0x00000209dbc2598a to 0x00000209dbc25d5c
Event: 1.283 Thread 0x00000209cc915800 Exception <a 'sun/nio/fs/WindowsException'{0x00000000a6108128}> (0x00000000a6108128) 
thrown [t:\workspace\open\src\hotspot\share\prims\jni.cpp, line 516]
Event: 1.441 Thread 0x00000209e96ad270 Exception <a 'java/lang/NoSuchMethodError'{0x00000000a66fccc8}: 'void java.lang.invoke.DirectMethodHandle$Holder.invokeVirtual(java.lang.Object, java.lang.Object)'> (0x00000000a66fccc8) 
thrown [t:\workspace\open\src\hotspot\share\interpreter\linkResolver.cpp, line 766]
Event: 1.495 Thread 0x00000209cc915800 Exception <a 'java/lang/NoSuchMethodError'{0x00000000a6010b00}: 'void java.lang.invoke.DirectMethodHandle$Holder.invokeStaticInit(java.lang.Object)'> (0x00000000a6010b00) 
thrown [t:\workspace\open\src\hotspot\share\interpreter\linkResolver.cpp, line 766]
Event: 1.731 Thread 0x00000209e96af420 Exception <a 'java/lang/NoSuchMethodError'{0x00000000a6195c30}: 'void java.lang.invoke.DirectMethodHandle$Holder.invokeVirtual(java.lang.Object, java.lang.Object, java.lang.Object, int, int, int, int, double)'> (0x00000000a6195c30) 
thrown [t:\workspace\open\src\hotspot\share\interpreter\linkResolver.cpp, line 766]
Event: 1.798 Thread 0x00000209cc915800 Exception <a 'java/lang/NoSuchMethodError'{0x00000000a5feaf00}: 'org.slf4j.impl.StaticMDCBinder org.slf4j.impl.StaticMDCBinder.getSingleton()'> (0x00000000a5feaf00) 
thrown [t:\workspace\open\src\hotspot\share\interpreter\linkResolver.cpp, line 766]
Event: 1.846 Thread 0x00000209cc915800 Exception <a 'java/lang/NoSuchMethodError'{0x00000000a5d09a30}: 'java.lang.Object java.lang.invoke.DirectMethodHandle$Holder.invokeStaticInit(java.lang.Object, java.lang.Object, java.lang.Object, java.lang.Object)'> (0x00000000a5d09a30) 
thrown [t:\workspace\open\src\hotspot\share\interpreter\linkResolver.cpp, line 766]
Event: 1.908 Thread 0x00000209cc915800 Exception <a 'java/lang/NoSuchMethodError'{0x00000000a5d679e8}: 'java.lang.Object java.lang.invoke.DirectMethodHandle$Holder.invokeStaticInit(java.lang.Object, int, int, int, int)'> (0x00000000a5d679e8) 
thrown [t:\workspace\open\src\hotspot\share\interpreter\linkResolver.cpp, line 766]
Event: 2.167 Thread 0x00000209cc915800 Exception <a 'java/lang/NoSuchMethodError'{0x00000000a5c83980}: 'java.lang.Object java.lang.invoke.DirectMethodHandle$Holder.invokeStaticInit(java.lang.Object, java.lang.Object, int, int, int, int)'> (0x00000000a5c83980) 
thrown [t:\workspace\open\src\hotspot\share\interpreter\linkResolver.cpp, line 766]
Event: 2.438 Thread 0x00000209cc915800 Exception <a 'java/lang/NoSuchMethodError'{0x00000000a5aa7b28}: 'int java.lang.invoke.DirectMethodHandle$Holder.invokeSpecial(java.lang.Object, java.lang.Object, java.lang.Object)'> (0x00000000a5aa7b28) 
thrown [t:\workspace\open\src\hotspot\share\interpreter\linkResolver.cpp, line 766]
Event: 3.478 Thread 0x00000209cc915800 Exception <a 'sun/nio/fs/WindowsException'{0x00000000a6a274e8}> (0x00000000a6a274e8) 
thrown [t:\workspace\open\src\hotspot\share\prims\jni.cpp, line 516]
Event: 3.491 Thread 0x00000209cc915800 Exception <a 'java/lang/NoSuchMethodError'{0x00000000a6a34d50}: 'java.lang.Object java.lang.invoke.DirectMethodHandle$Holder.invokeInterface(java.lang.Object, java.lang.Object)'> (0x00000000a6a34d50) 
thrown [t:\workspace\open\src\hotspot\share\interpreter\linkResolver.cpp, line 766]
Event: 3.616 Thread 0x00000209cc915800 Exception <a 'java/lang/NoSuchMethodError'{0x00000000a6822f98}: 'void java.lang.invoke.DirectMethodHandle$Holder.invokeStaticInit(java.lang.Object, java.lang.Object)'> (0x00000000a6822f98) 
thrown [t:\workspace\open\src\hotspot\share\interpreter\linkResolver.cpp, line 766]
Event: 3.631 Thread 0x00000209cc915800 Exception <a 'java/lang/NoSuchMethodError'{0x00000000a6860958}: 'int java.lang.invoke.DirectMethodHandle$Holder.invokeStaticInit(java.lang.Object, java.lang.Object, java.lang.Object)'> (0x00000000a6860958) 
thrown [t:\workspace\open\src\hotspot\share\interpreter\linkResolver.cpp, line 766]
Event: 4.220 Thread 0x00000209cc915800 Exception <a 'java/lang/NoSuchMethodError'{0x00000000a61be000}: 'void java.lang.invoke.DirectMethodHandle$Holder.invokeStatic(java.lang.Object, java.lang.Object, java.lang.Object, java.lang.Object)'> (0x00000000a61be000) 
thrown [t:\workspace\open\src\hotspot\share\interpreter\linkResolver.cpp, line 766]
Event: 9.852 Thread 0x00000209cc915800 Exception <a 'java/lang/NoSuchMethodError'{0x00000000a5f58a00}: 'void java.lang.invoke.DirectMethodHandle$Holder.invokeStatic(java.lang.Object, java.lang.Object, java.lang.Object)'> (0x00000000a5f58a00) 
thrown [t:\workspace\open\src\hotspot\share\interpreter\linkResolver.cpp, line 766]
Event: 28.683 Thread 0x00000209e96af420 Implicit null exception at 0x00000209dbcc68cc to 0x00000209dbcc6a10

VM Operations (20 events):
Event: 18.613 Executing VM operation: Cleanup
Event: 18.614 Executing VM operation: Cleanup done
Event: 19.619 Executing VM operation: Cleanup
Event: 19.619 Executing VM operation: Cleanup done
Event: 20.625 Executing VM operation: Cleanup
Event: 20.626 Executing VM operation: Cleanup done
Event: 21.629 Executing VM operation: Cleanup
Event: 21.630 Executing VM operation: Cleanup done
Event: 22.633 Executing VM operation: Cleanup
Event: 22.634 Executing VM operation: Cleanup done
Event: 23.635 Executing VM operation: Cleanup
Event: 23.635 Executing VM operation: Cleanup done
Event: 25.640 Executing VM operation: Cleanup
Event: 25.640 Executing VM operation: Cleanup done
Event: 26.646 Executing VM operation: Cleanup
Event: 26.646 Executing VM operation: Cleanup done
Event: 27.651 Executing VM operation: Cleanup
Event: 27.651 Executing VM operation: Cleanup done
Event: 28.656 Executing VM operation: Cleanup
Event: 28.656 Executing VM operation: Cleanup done

Events (20 events):
Event: 24.969 Thread 0x00000209ea9006b0 Thread added: 0x00000209ea9006b0
Event: 24.969 Thread 0x00000209ea9006b0 Thread exited: 0x00000209ea9006b0
Event: 24.975 Thread 0x00000209ea904540 Thread added: 0x00000209ea904540
Event: 24.975 Thread 0x00000209ea904540 Thread exited: 0x00000209ea904540
Event: 28.614 Thread 0x00000209ea907090 Thread added: 0x00000209ea907090
Event: 28.614 Thread 0x00000209ea907090 Thread exited: 0x00000209ea907090
Event: 28.614 Thread 0x00000209ea9053b0 Thread added: 0x00000209ea9053b0
Event: 28.616 Thread 0x00000209ea9053b0 Thread exited: 0x00000209ea9053b0
Event: 28.624 loading class sun/awt/SunToolkit$1
Event: 28.625 loading class sun/awt/SunToolkit$1 done
Event: 28.653 Thread 0x00000209ea904a10 Thread added: 0x00000209ea904a10
Event: 28.654 Thread 0x00000209ea904a10 Thread exited: 0x00000209ea904a10
Event: 28.654 Thread 0x00000209ea904ee0 Thread added: 0x00000209ea904ee0
Event: 28.661 loading class java/awt/Window$1DisposeAction
Event: 28.661 loading class java/awt/Window$1DisposeAction done
Event: 28.664 Thread 0x00000209ea904ee0 Thread exited: 0x00000209ea904ee0
Event: 28.664 Thread 0x00000209ea907560 Thread added: 0x00000209ea907560
Event: 28.664 Thread 0x00000209ea907560 Thread exited: 0x00000209ea907560
Event: 28.694 Thread 0x00000209ea9053b0 Thread added: 0x00000209ea9053b0
Event: 28.694 Thread 0x00000209ea9053b0 Thread exited: 0x00000209ea9053b0


Dynamic libraries:
0x00007ff79a330000 - 0x00007ff79a33e000 	C:\Users\Neila\.jdks\openjdk-17\bin\java.exe
0x00007ffcb2430000 - 0x00007ffcb2625000 	C:\WINDOWS\SYSTEM32\ntdll.dll
0x00007ffcb11f0000 - 0x00007ffcb12ae000 	C:\WINDOWS\System32\KERNEL32.DLL
0x00007ffcb01c0000 - 0x00007ffcb0488000 	C:\WINDOWS\System32\KERNELBASE.dll
0x00007ffcafd80000 - 0x00007ffcafe80000 	C:\WINDOWS\System32\ucrtbase.dll
0x00007ffc9c140000 - 0x00007ffc9c158000 	C:\Users\Neila\.jdks\openjdk-17\bin\jli.dll
0x00007ffc92560000 - 0x00007ffc9257a000 	C:\Users\Neila\.jdks\openjdk-17\bin\VCRUNTIME140.dll
0x00007ffcb12b0000 - 0x00007ffcb1450000 	C:\WINDOWS\System32\USER32.dll
0x00007ffc9dd20000 - 0x00007ffc9dfba000 	C:\WINDOWS\WinSxS\amd64_microsoft.windows.common-controls_6595b64144ccf1df_6.0.19041.1110_none_60b5254171f9507e\COMCTL32.dll
0x00007ffcafe80000 - 0x00007ffcafea2000 	C:\WINDOWS\System32\win32u.dll
0x00007ffcb1c40000 - 0x00007ffcb1cde000 	C:\WINDOWS\System32\msvcrt.dll
0x00007ffcb1930000 - 0x00007ffcb195a000 	C:\WINDOWS\System32\GDI32.dll
0x00007ffcaff20000 - 0x00007ffcb002b000 	C:\WINDOWS\System32\gdi32full.dll
0x00007ffcafce0000 - 0x00007ffcafd7d000 	C:\WINDOWS\System32\msvcp_win.dll
0x00007ffcb1ce0000 - 0x00007ffcb1d10000 	C:\WINDOWS\System32\IMM32.DLL
0x00007ffc9bbc0000 - 0x00007ffc9bbcc000 	C:\Users\Neila\.jdks\openjdk-17\bin\vcruntime140_1.dll
0x00007ffc784d0000 - 0x00007ffc7855d000 	C:\Users\Neila\.jdks\openjdk-17\bin\msvcp140.dll
0x00007ffc40de0000 - 0x00007ffc4199e000 	C:\Users\Neila\.jdks\openjdk-17\bin\server\jvm.dll
0x00007ffcb1960000 - 0x00007ffcb1a0e000 	C:\WINDOWS\System32\ADVAPI32.dll
0x00007ffcb1e40000 - 0x00007ffcb1edc000 	C:\WINDOWS\System32\sechost.dll
0x00007ffcb1d10000 - 0x00007ffcb1e35000 	C:\WINDOWS\System32\RPCRT4.dll
0x00007ffcb0bf0000 - 0x00007ffcb0bf8000 	C:\WINDOWS\System32\PSAPI.DLL
0x00007ffca6820000 - 0x00007ffca6847000 	C:\WINDOWS\SYSTEM32\WINMM.dll
0x00007ffc9c090000 - 0x00007ffc9c099000 	C:\WINDOWS\SYSTEM32\WSOCK32.dll
0x00007ffca6850000 - 0x00007ffca685a000 	C:\WINDOWS\SYSTEM32\VERSION.dll
0x00007ffcb1a10000 - 0x00007ffcb1a7b000 	C:\WINDOWS\System32\WS2_32.dll
0x00007ffcad990000 - 0x00007ffcad9a2000 	C:\WINDOWS\SYSTEM32\kernel.appcore.dll
0x00007ffc9abc0000 - 0x00007ffc9abca000 	C:\Users\Neila\.jdks\openjdk-17\bin\jimage.dll
0x00007ffc9f9b0000 - 0x00007ffc9fb94000 	C:\WINDOWS\SYSTEM32\DBGHELP.DLL
0x00007ffc9eef0000 - 0x00007ffc9ef1c000 	C:\WINDOWS\SYSTEM32\dbgcore.DLL
0x00007ffcb0030000 - 0x00007ffcb00b2000 	C:\WINDOWS\System32\bcryptPrimitives.dll
0x00007ffc7f410000 - 0x00007ffc7f435000 	C:\Users\Neila\.jdks\openjdk-17\bin\java.dll
0x00007ffc78230000 - 0x00007ffc78306000 	C:\Users\Neila\.jdks\openjdk-17\bin\svml.dll
0x00007ffcb0490000 - 0x00007ffcb0bd4000 	C:\WINDOWS\System32\SHELL32.dll
0x00007ffcadc70000 - 0x00007ffcae404000 	C:\WINDOWS\SYSTEM32\windows.storage.dll
0x00007ffcb1ee0000 - 0x00007ffcb2234000 	C:\WINDOWS\System32\combase.dll
0x00007ffcaf4f0000 - 0x00007ffcaf51c000 	C:\WINDOWS\SYSTEM32\Wldp.dll
0x00007ffcb1140000 - 0x00007ffcb11ed000 	C:\WINDOWS\System32\SHCORE.dll
0x00007ffcb1450000 - 0x00007ffcb14a5000 	C:\WINDOWS\System32\shlwapi.dll
0x00007ffcafa90000 - 0x00007ffcafaaf000 	C:\WINDOWS\SYSTEM32\profapi.dll
0x00007ffc8ee60000 - 0x00007ffc8ee79000 	C:\Users\Neila\.jdks\openjdk-17\bin\net.dll
0x00007ffca4460000 - 0x00007ffca456a000 	C:\WINDOWS\SYSTEM32\WINHTTP.dll
0x00007ffcaf250000 - 0x00007ffcaf2ba000 	C:\WINDOWS\system32\mswsock.dll
0x00007ffc868d0000 - 0x00007ffc868e5000 	C:\Users\Neila\.jdks\openjdk-17\bin\nio.dll
0x00007ffc78210000 - 0x00007ffc78228000 	C:\Users\Neila\.jdks\openjdk-17\bin\zip.dll
0x00007ffc3fe10000 - 0x00007ffc3ff9e000 	C:\Users\Neila\.jdks\openjdk-17\bin\awt.dll
0x00007ffcb1b70000 - 0x00007ffcb1c3d000 	C:\WINDOWS\System32\OLEAUT32.dll
0x00007ffcad2e0000 - 0x00007ffcad370000 	C:\WINDOWS\SYSTEM32\apphelp.dll
0x00007ffc9a030000 - 0x00007ffc9a040000 	C:\Users\Neila\.jdks\openjdk-17\bin\verify.dll
0x00007ffcad590000 - 0x00007ffcad62e000 	C:\WINDOWS\system32\uxtheme.dll
0x00007ffcb0d60000 - 0x00007ffcb0e75000 	C:\WINDOWS\System32\MSCTF.dll
0x00007ffcb1010000 - 0x00007ffcb113a000 	C:\WINDOWS\System32\ole32.dll
0x00007ffc437e0000 - 0x00007ffc43869000 	C:\Users\Neila\.jdks\openjdk-17\bin\freetype.dll
0x00007ffc3fc10000 - 0x00007ffc3fcb8000 	C:\Users\Neila\.jdks\openjdk-17\bin\fontmanager.dll
0x00007ffcad960000 - 0x00007ffcad98f000 	C:\WINDOWS\system32\DWMAPI.DLL
0x00007ffc86950000 - 0x00007ffc86a76000 	C:\WINDOWS\system32\opengl32.dll
0x00007ffc9bae0000 - 0x00007ffc9bb0c000 	C:\WINDOWS\SYSTEM32\GLU32.dll
0x00007ffc800f0000 - 0x00007ffc802bf000 	C:\WINDOWS\system32\d3d9.dll
0x00007ffca6860000 - 0x00007ffca6a3b000 	C:\WINDOWS\System32\DriverStore\FileRepository\u0357645.inf_amd64_3c66802dbd4d45a0\B357435\aticfx64.dll
0x00007ffc80330000 - 0x00007ffc80363000 	C:\WINDOWS\System32\DriverStore\FileRepository\u0357645.inf_amd64_3c66802dbd4d45a0\B357435\atiu9p64.dll
0x00007ffc44870000 - 0x00007ffc45506000 	C:\WINDOWS\System32\DriverStore\FileRepository\u0357645.inf_amd64_3c66802dbd4d45a0\B357435\atiumd64.dll
0x000000006c690000 - 0x000000006d50d000 	C:\WINDOWS\System32\DriverStore\FileRepository\u0357645.inf_amd64_3c66802dbd4d45a0\B357435\atiumd6a.dll
0x00007ffcaf9c0000 - 0x00007ffcafa0b000 	C:\WINDOWS\SYSTEM32\POWRPROF.dll
0x00007ffcaf9a0000 - 0x00007ffcaf9b2000 	C:\WINDOWS\SYSTEM32\UMPDC.dll
0x00007ffca48e0000 - 0x00007ffca490f000 	C:\WINDOWS\SYSTEM32\amdihk64.dll
0x00007ffcab1d0000 - 0x00007ffcab20b000 	C:\WINDOWS\SYSTEM32\dxcore.dll
0x00007ffcb00c0000 - 0x00007ffcb010e000 	C:\WINDOWS\System32\cfgmgr32.dll
0x00007ffc9a940000 - 0x00007ffc9a946000 	C:\Users\Neila\AppData\Local\Temp\flatlaf.temp\flatlaf-windows-x86_64-489825413981000.dll
0x00007ffc9a930000 - 0x00007ffc9a937000 	C:\Users\Neila\.jdks\openjdk-17\bin\jawt.dll
0x00007ffca3230000 - 0x00007ffca3329000 	C:\WINDOWS\SYSTEM32\textinputframework.dll
0x00007ffcac880000 - 0x00007ffcacbde000 	C:\WINDOWS\System32\CoreUIComponents.dll
0x00007ffcacf60000 - 0x00007ffcad052000 	C:\WINDOWS\System32\CoreMessaging.dll
0x00007ffcae860000 - 0x00007ffcae893000 	C:\WINDOWS\SYSTEM32\ntmarta.dll
0x00007ffcab880000 - 0x00007ffcab9d4000 	C:\WINDOWS\SYSTEM32\wintypes.dll
0x00007ffcaf440000 - 0x00007ffcaf458000 	C:\WINDOWS\SYSTEM32\CRYPTSP.dll
0x00007ffcaebd0000 - 0x00007ffcaec04000 	C:\WINDOWS\system32\rsaenh.dll
0x00007ffcafcb0000 - 0x00007ffcafcd7000 	C:\WINDOWS\System32\bcrypt.dll
0x00007ffcafa50000 - 0x00007ffcafa7e000 	C:\WINDOWS\SYSTEM32\USERENV.dll
0x00007ffcaf460000 - 0x00007ffcaf46c000 	C:\WINDOWS\SYSTEM32\CRYPTBASE.dll
0x00007ffcaef40000 - 0x00007ffcaef7b000 	C:\WINDOWS\SYSTEM32\IPHLPAPI.DLL
0x00007ffcb1920000 - 0x00007ffcb1928000 	C:\WINDOWS\System32\NSI.dll
0x00007ffca6ce0000 - 0x00007ffca6cf7000 	C:\WINDOWS\SYSTEM32\dhcpcsvc6.DLL
0x00007ffca6cc0000 - 0x00007ffca6cdd000 	C:\WINDOWS\SYSTEM32\dhcpcsvc.DLL
0x00007ffcaef80000 - 0x00007ffcaf04b000 	C:\WINDOWS\SYSTEM32\DNSAPI.dll
0x00007ffc97e10000 - 0x00007ffc97e19000 	C:\Users\Neila\.jdks\openjdk-17\bin\management.dll
0x00007ffc96de0000 - 0x00007ffc96deb000 	C:\Users\Neila\.jdks\openjdk-17\bin\management_ext.dll
0x00007ffc8cf70000 - 0x00007ffc8cf7e000 	C:\Users\Neila\.jdks\openjdk-17\bin\sunmscapi.dll
0x00007ffcafb50000 - 0x00007ffcafca6000 	C:\WINDOWS\System32\CRYPT32.dll
0x00007ffcaf560000 - 0x00007ffcaf587000 	C:\WINDOWS\SYSTEM32\ncrypt.dll
0x00007ffcaf520000 - 0x00007ffcaf55b000 	C:\WINDOWS\SYSTEM32\NTASN1.dll
0x00007ffc8b250000 - 0x00007ffc8b257000 	C:\WINDOWS\system32\wshunix.dll
0x00007ffc98900000 - 0x00007ffc98917000 	C:\WINDOWS\system32\napinsp.dll
0x00007ffc988e0000 - 0x00007ffc988fb000 	C:\WINDOWS\system32\pnrpnsp.dll
0x00007ffc988c0000 - 0x00007ffc988d5000 	C:\WINDOWS\system32\wshbth.dll
0x00007ffcab450000 - 0x00007ffcab46d000 	C:\WINDOWS\system32\NLAapi.dll
0x00007ffc988a0000 - 0x00007ffc988b2000 	C:\WINDOWS\System32\winrnr.dll
0x000000006e0b0000 - 0x000000006e0bb000 	C:\Program Files\National Instruments\Shared\mDNS Responder\nimdnsNSP.dll
0x000000006e090000 - 0x000000006e0a1000 	C:\WINDOWS\SYSTEM32\nimdnsResponder.dll
0x00007ffca43d0000 - 0x00007ffca43da000 	C:\Windows\System32\rasadhlp.dll
0x00007ffca42f0000 - 0x00007ffca436f000 	C:\WINDOWS\System32\fwpuclnt.dll
0x00007ffc3f390000 - 0x00007ffc3f4b9000 	C:\Users\Neila\Downloads\win64\java-cef-build-bin\bin\chrome_elf.dll
0x00007ffc35680000 - 0x00007ffc3ed23000 	C:\Users\Neila\Downloads\win64\java-cef-build-bin\bin\libcef.dll
0x00007ffcafeb0000 - 0x00007ffcaff18000 	C:\WINDOWS\System32\WINTRUST.dll
0x00007ffcb0e80000 - 0x00007ffcb0f5b000 	C:\WINDOWS\System32\COMDLG32.dll
0x00007ffcab720000 - 0x00007ffcab816000 	C:\WINDOWS\SYSTEM32\PROPSYS.dll
0x00007ffc7ed30000 - 0x00007ffc7f025000 	C:\WINDOWS\SYSTEM32\UIAutomationCore.DLL
0x00007ffcae470000 - 0x00007ffcae563000 	C:\WINDOWS\SYSTEM32\dxgi.dll
0x00007ffc9fbe0000 - 0x00007ffc9fbfa000 	C:\WINDOWS\SYSTEM32\NETAPI32.dll
0x00007ffc9f9a0000 - 0x00007ffc9f9ac000 	C:\WINDOWS\SYSTEM32\Secur32.dll
0x00007ffc89da0000 - 0x00007ffc89e06000 	C:\WINDOWS\SYSTEM32\OLEACC.dll
0x00007ffcae410000 - 0x00007ffcae41d000 	C:\WINDOWS\SYSTEM32\HID.DLL
0x00007ffcab9e0000 - 0x00007ffcab9f4000 	C:\WINDOWS\SYSTEM32\WTSAPI32.dll
0x00007ffca10d0000 - 0x00007ffca134f000 	C:\WINDOWS\SYSTEM32\DWrite.dll
0x00007ffc92250000 - 0x00007ffc922e4000 	C:\WINDOWS\SYSTEM32\WINSPOOL.DRV
0x00007ffca88b0000 - 0x00007ffca88c9000 	C:\WINDOWS\SYSTEM32\USP10.dll
0x00007ffc9b990000 - 0x00007ffc9b9a1000 	C:\WINDOWS\SYSTEM32\credui.dll
0x00007ffca8880000 - 0x00007ffca88a4000 	C:\WINDOWS\SYSTEM32\dxva2.dll
0x00007ffca16d0000 - 0x00007ffca18bc000 	C:\WINDOWS\SYSTEM32\urlmon.dll
0x00007ffca8820000 - 0x00007ffca8871000 	C:\WINDOWS\SYSTEM32\CRYPTUI.dll
0x00007ffca9480000 - 0x00007ffca94e5000 	C:\WINDOWS\SYSTEM32\wevtapi.dll
0x00007ffc9f3c0000 - 0x00007ffc9f896000 	C:\WINDOWS\SYSTEM32\WININET.dll
0x00007ffc99450000 - 0x00007ffc9977b000 	C:\WINDOWS\SYSTEM32\ESENT.dll
0x00007ffca1a80000 - 0x00007ffca1d31000 	C:\WINDOWS\SYSTEM32\iertutil.dll
0x00007ffca16a0000 - 0x00007ffca16c8000 	C:\WINDOWS\SYSTEM32\srvcli.dll
0x00007ffcaf050000 - 0x00007ffcaf05c000 	C:\WINDOWS\SYSTEM32\netutils.dll
0x00007ffcafa10000 - 0x00007ffcafa42000 	C:\WINDOWS\SYSTEM32\SSPICLI.DLL
0x00007ffcaecf0000 - 0x00007ffcaed09000 	C:\WINDOWS\SYSTEM32\WKSCLI.DLL
0x00007ffca4c50000 - 0x00007ffca4c69000 	C:\WINDOWS\SYSTEM32\SAMCLI.DLL

dbghelp: loaded successfully - version: 4.0.5 - missing functions: none
symbol engine: initialized successfully - sym options: 0x614 - pdb path: .;C:\Users\Neila\.jdks\openjdk-17\bin;C:\WINDOWS\SYSTEM32;C:\WINDOWS\WinSxS\amd64_microsoft.windows.common-controls_6595b64144ccf1df_6.0.19041.1110_none_60b5254171f9507e;C:\Users\Neila\.jdks\openjdk-17\bin\server;C:\WINDOWS\System32\DriverStore\FileRepository\u0357645.inf_amd64_3c66802dbd4d45a0\B357435;C:\Users\Neila\AppData\Local\Temp\flatlaf.temp;C:\Program Files\National Instruments\Shared\mDNS Responder;C:\Users\Neila\Downloads\win64\java-cef-build-bin\bin

VM Arguments:
jvm_args: -Dfile.encoding=windows-1252 -Duser.country=US -Duser.language=en -Duser.variant 
java_command: io.neilshirsat.catan.render.MainFrame
java_class_path (initial): C:\Users\Neila\IdeaProjects\Catan-Backend-JVM\build\classes\java\main;C:\Users\Neila\IdeaProjects\Catan-Backend-JVM\build\classes\kotlin\main;C:\Users\Neila\IdeaProjects\Catan-Backend-JVM\build\resources\main;C:\Users\Neila\IdeaProjects\Catan-Backend-JVM\lib\gluegen-rt-natives-windows-amd64.jar;C:\Users\Neila\IdeaProjects\Catan-Backend-JVM\lib\gluegen-rt.jar;C:\Users\Neila\IdeaProjects\Catan-Backend-JVM\lib\jcef-tests.jar;C:\Users\Neila\IdeaProjects\Catan-Backend-JVM\lib\jcef.jar;C:\Users\Neila\IdeaProjects\Catan-Backend-JVM\lib\jogl-all-natives-windows-amd64.jar;C:\Users\Neila\IdeaProjects\Catan-Backend-JVM\lib\jogl-all.jar;C:\Users\Neila\.gradle\caches\modules-2\files-2.1\org.jetbrains.kotlin\kotlin-stdlib\1.5.31\6628d61d0f5603568e72d2d5915d2c034b4f1c55\kotlin-stdlib-1.5.31.jar;C:\Users\Neila\.gradle\caches\modules-2\files-2.1\ch.qos.logback\logback-classic\1.2.11\4741689214e9d1e8408b206506cbe76d1c6a7d60\logback-classic-1.2.11.jar;C:\Users\Neila\.gradle\caches\modules-2\files-2.1\org.slf4j\slf4j-api\1.7.36\6c62681a2f655b49963a5983b8b0950a6120ae14\slf4j-api-1.7.36.jar;C:\Users\Neila\.gradle\caches\modules-2\files-2.1\ch.qos.logback\logback-core\1.2.11\a01230df5ca5c34540cdaa3ad5efb012f1f1f792\logback-core-1.2.11.jar;C:\Users\Neila\.gradle\caches\modules-2\files-2.1\com.formdev\flatlaf-intellij-themes\2.1\92055d72182f1cbbe80e461cf4cfc232123f730\flatlaf-intellij-themes-2.1.jar;C:\Users\Neila\.gradle\caches\modules-2\files-2.1\com.formdev\flatlaf\2.1\d425a89164bb82e1967f84b6fd3eff5ff9f60ecd\flatlaf-2.1.jar;C:\Users\Neila\.gradle\caches\modules-2\files-2.1\io.vertx\vertx-web\4.2.7\a73cede61ace092a117eaa7c7ba261cde77fb5e7\vertx-web-4.2.7.jar;C:\Users\Neila\.gradle\caches\modules-2\files-2.1\commons-io\commons-io\2.11.0\a2503f302b11ebde7ebc3df41daebe0e4eea3689\commons-io-2.11.0.jar;C:\Users\Neila\.gradle\caches\modules-2\files-2.1\org.jetbrains\annotations\13.0\919f0dfe192fb4e063e7dacadee7f8bb9a2672a9\annotations-13.0.jar;C:\Users\Neila\.gradl
Launcher Type: SUN_STANDARD

[Global flags]
     intx CICompilerCount                          = 4                                         {product} {ergonomic}
     uint ConcGCThreads                            = 2                                         {product} {ergonomic}
     uint G1ConcRefinementThreads                  = 8                                         {product} {ergonomic}
   size_t G1HeapRegionSize                         = 1048576                                   {product} {ergonomic}
    uintx GCDrainStackTargetSize                   = 64                                        {product} {ergonomic}
   size_t InitialHeapSize                          = 100663296                                 {product} {ergonomic}
   size_t MarkStackSize                            = 4194304                                   {product} {ergonomic}
   size_t MaxHeapSize                              = 1595932672                                {product} {ergonomic}
   size_t MaxNewSize                               = 957349888                                 {product} {ergonomic}
   size_t MinHeapDeltaBytes                        = 1048576                                   {product} {ergonomic}
   size_t MinHeapSize                              = 8388608                                   {product} {ergonomic}
    uintx NonNMethodCodeHeapSize                   = 5839372                                {pd product} {ergonomic}
    uintx NonProfiledCodeHeapSize                  = 122909434                              {pd product} {ergonomic}
    uintx ProfiledCodeHeapSize                     = 122909434                              {pd product} {ergonomic}
    uintx ReservedCodeCacheSize                    = 251658240                              {pd product} {ergonomic}
     bool SegmentedCodeCache                       = true                                      {product} {ergonomic}
   size_t SoftMaxHeapSize                          = 1595932672                             {manageable} {ergonomic}
     bool UseCompressedClassPointers               = true                           {product lp64_product} {ergonomic}
     bool UseCompressedOops                        = true                           {product lp64_product} {ergonomic}
     bool UseG1GC                                  = true                                      {product} {ergonomic}
     bool UseLargePagesIndividualAllocation        = false                                  {pd product} {ergonomic}

Logging:
Log output configuration:
 #0: stdout all=warning uptime,level,tags
 #1: stderr all=off uptime,level,tags

Environment Variables:
JAVA_HOME=C:\Program Files\Java\jdk-15.0.1
CLASSPATH=C:\Program Files\Java\jdk-15.0.1\bin;C:\Program Files\Java\jre1.8.0_271\bin
PATH=C:\Program Files\National Instruments\Shared\OpenVINO\;C:\Python39\Scripts\;C:\Python39\;C:\Program Files\Common Files\Oracle\Java\javapath;C:\WINDOWS\system32;C:\WINDOWS;C:\WINDOWS\System32\Wbem;C:\WINDOWS\System32\WindowsPowerShell\v1.0\;C:\WINDOWS\System32\OpenSSH\;C:\Program Files (x86)\mingw64\bin;C:\Program Files\Java\jdk-15.0.1\bin;C:\Program Files\Microsoft SQL Server\130\Tools\Binn\;C:\Program Files\Microsoft SQL Server\Client SDK\ODBC\170\Tools\Binn\;C:\ProgramData\chocolatey\bin;C:\Program Files\nodejs\;C:\Program Files (x86)\Yarn\bin\;C:\Program Files\CMake\bin;C:\Program Files\dotnet\;C:\Users\Neila\Downloads\win64\java-cef-build-bin\bin;C:\Users\Neila\.cargo\bin;C:\Users\Neila\AppData\Local\Microsoft\WindowsApps;C:\Users\Neila\AppData\Local\Programs\Microsoft VS Code\bin;C:\Program Files (x86)\mingw64\bin;C:\Users\Neila\AppData\Local\GitHubDesktop\bin;C:\Users\Neila\AppData\Local\Programs\Git\cmd;C:\Users\Neila\AppData\Roaming\npm;C:\Users\Neila\AppData\Local\JetBrains\IntelliJ IDEA Community Edition 2021.2.1\bin;
USERNAME=Neila
OS=Windows_NT
PROCESSOR_IDENTIFIER=AMD64 Family 23 Model 24 Stepping 1, AuthenticAMD



---------------  S Y S T E M  ---------------

OS:
 Windows 10 , 64 bit Build 19041 (10.0.19041.1645)
OS uptime: 0 days 13:36 hours

CPU: total 8 (initial active 8) (8 cores per cpu, 2 threads per core) family 23 model 24 stepping 1 microcode 0x0, cx8, cmov, fxsr, ht, mmx, 3dnowpref, sse, sse2, sse3, ssse3, sse4a, sse4.1, sse4.2, popcnt, lzcnt, tsc, tscinvbit, avx, avx2, aes, clmul, bmi1, bmi2, adx, sha, fma, vzeroupper, clflush, clflushopt

Memory: 4k page, system-wide physical 6082M (410M free)
TotalPageFile size 12165M (AvailPageFile size 2071M)
current process WorkingSet (physical memory assigned to process): 156M, peak: 157M
current process commit charge ("private bytes"): 277M, peak: 279M

vm_info: OpenJDK 64-Bit Server VM (17+35-2724) for windows-amd64 JRE (17+35-2724), built on Aug  5 2021 23:26:02 by "mach5one" with MS VC++ 16.8 (VS2019)

END.
