#
# A fatal error has been detected by the Java Runtime Environment:
#
#  EXCEPTION_ACCESS_VIOLATION (0xc0000005) at pc=0x00007ffed9bcf247, pid=7780, tid=18156
#
# JRE version: Java(TM) SE Runtime Environment (17.0.1+12) (build 17.0.1+12-LTS-39)
# Java VM: Java HotSpot(TM) 64-Bit Server VM (17.0.1+12-LTS-39, mixed mode, sharing, tiered, compressed oops, compressed class ptrs, g1 gc, windows-amd64)
# Problematic frame:
# C  [jcef.dll+0x2f247]
#
# No core dump will be written. Minidumps are not enabled by default on client versions of Windows
#
# If you would like to submit a bug report, please visit:
#   https://bugreport.java.com/bugreport/crash.jsp
# The crash happened outside the Java Virtual Machine in native code.
# See problematic frame for where to report the bug.
#

---------------  S U M M A R Y ------------

Command Line: -agentlib:jdwp=transport=dt_socket,server=n,suspend=y,address=127.0.0.1:52264 -Dfile.encoding=windows-1252 -Duser.country=US -Duser.language=en -Duser.variant io.neilshirsat.catan.render.MainFrame

Host: Intel(R) Core(TM) i5-6500 CPU @ 3.20GHz, 4 cores, 15G,  Windows 10 , 64 bit Build 19041 (10.0.19041.1566)
Time: Fri Apr 22 12:54:31 2022 Central Daylight Time elapsed time: 52.682497 seconds (0d 0h 0m 52s)

---------------  T H R E A D  ---------------

Current thread (0x00000267ed8f6f50):  JavaThread "AWT-EventQueue-0" [_thread_in_native, id=18156, stack(0x000000ce0d600000,0x000000ce0d700000)]

Stack: [0x000000ce0d600000,0x000000ce0d700000],  sp=0x000000ce0d6feed0,  free space=1019k
Native frames: (J=compiled Java code, j=interpreted, Vv=VM code, C=native code)
C  [jcef.dll+0x2f247]

Java frames: (J=compiled Java code, j=interpreted, Vv=VM code)
j  org.cef.CefApp.N_Shutdown()V+0
j  org.cef.CefApp.access$600(Lorg/cef/CefApp;)V+1
j  org.cef.CefApp$5.run()V+31
J 1864 c1 java.awt.event.InvocationEvent.dispatch()V java.desktop@17.0.1 (69 bytes) @ 0x00000267d1223a1c [0x00000267d1223800+0x000000000000021c]
J 1912 c1 java.awt.EventQueue.dispatchEventImpl(Ljava/awt/AWTEvent;Ljava/lang/Object;)V java.desktop@17.0.1 (136 bytes) @ 0x00000267d1241944 [0x00000267d123fde0+0x0000000000001b64]
J 1911 c1 java.awt.EventQueue$4.run()Ljava/lang/Void; java.desktop@17.0.1 (60 bytes) @ 0x00000267d123f69c [0x00000267d123f560+0x000000000000013c]
J 1839 c1 java.awt.EventQueue.dispatchEvent(Ljava/awt/AWTEvent;)V java.desktop@17.0.1 (80 bytes) @ 0x00000267d11fabc4 [0x00000267d11fa5e0+0x00000000000005e4]
J 1914 c1 java.awt.EventDispatchThread.pumpOneEventForFilters(I)V java.desktop@17.0.1 (113 bytes) @ 0x00000267d1243664 [0x00000267d1242fa0+0x00000000000006c4]
j  java.awt.EventDispatchThread.pumpEventsForFilter(ILjava/awt/Conditional;Ljava/awt/EventFilter;)V+35 java.desktop@17.0.1
j  java.awt.EventDispatchThread.pumpEventsForHierarchy(ILjava/awt/Conditional;Ljava/awt/Component;)V+11 java.desktop@17.0.1
j  java.awt.EventDispatchThread.pumpEvents(ILjava/awt/Conditional;)V+4 java.desktop@17.0.1
j  java.awt.EventDispatchThread.pumpEvents(Ljava/awt/Conditional;)V+3 java.desktop@17.0.1
j  java.awt.EventDispatchThread.run()V+9 java.desktop@17.0.1
v  ~StubRoutines::call_stub

siginfo: EXCEPTION_ACCESS_VIOLATION (0xc0000005), reading address 0x0000000000000000


Register to memory mapping:

RIP=0x00007ffed9bcf247 jcef.dll
RAX=0x00000267ee18f4d0 points into unknown readable memory: 0x00000267ee18f4d0 | d0 f4 18 ee 67 02 00 00
RBX={method} {0x00000267ed245100} 'N_Shutdown' '()V' in 'org/cef/CefApp'
RCX=0x00007ffed9cc5900 jcef.dll
RDX=0x00000267ee18f4d0 points into unknown readable memory: 0x00000267ee18f4d0 | d0 f4 18 ee 67 02 00 00
RSP=0x000000ce0d6feed0 is pointing into the stack for thread: 0x00000267ed8f6f50
RBP=0x000000ce0d6fefa8 is pointing into the stack for thread: 0x00000267ed8f6f50
RSI=0x000000000000002d is an unknown value
RDI=0x0 is NULL
R8 =0x0000000000000009 is an unknown value
R9 =0x0000000701f13bf0 is an oop: java.io.PrintStream 
{0x0000000701f13bf0} - klass: 'java/io/PrintStream'
 - ---- fields (total size 5 words):
 - private volatile 'closed' 'Z' @12  false
 - protected 'out' 'Ljava/io/OutputStream;' @16  a 'java/io/BufferedOutputStream'{0x0000000701f13c18} (e03e2783)
 - private final 'closeLock' 'Ljava/lang/Object;' @20  a 'java/lang/Object'{0x0000000701f13cd8} (e03e279b)
 - private final 'autoFlush' 'Z' @13  true
 - private 'trouble' 'Z' @14  false
 - private 'closing' 'Z' @15  false
 - private 'formatter' 'Ljava/util/Formatter;' @24  NULL (0)
 - private 'textOut' 'Ljava/io/BufferedWriter;' @28  a 'java/io/BufferedWriter'{0x0000000701f13ce8} (e03e279d)
 - private 'charOut' 'Ljava/io/OutputStreamWriter;' @32  a 'java/io/OutputStreamWriter'{0x0000000701f13d10} (e03e27a2)
R10=0x00000267d08d1337 is at code_begin+1911 in an Interpreter codelet
method entry point (kind = native)  [0x00000267d08d0bc0, 0x00000267d08d1ce0]  4384 bytes
R11=0x0000000000000112 is an unknown value
R12=0x0 is NULL
R13={method} {0x00000267ed245100} 'N_Shutdown' '()V' in 'org/cef/CefApp'
R14=0x000000ce0d6fefc8 is pointing into the stack for thread: 0x00000267ed8f6f50
R15=0x00000267ed8f6f50 is a thread


Registers:
RAX=0x00000267ee18f4d0, RBX=0x00000267ed2450f8, RCX=0x00007ffed9cc5900, RDX=0x00000267ee18f4d0
RSP=0x000000ce0d6feed0, RBP=0x000000ce0d6fefa8, RSI=0x000000000000002d, RDI=0x0000000000000000
R8 =0x0000000000000009, R9 =0x0000000701f13bf0, R10=0x00000267d08d1337, R11=0x0000000000000112
R12=0x0000000000000000, R13=0x00000267ed2450f8, R14=0x000000ce0d6fefc8, R15=0x00000267ed8f6f50
RIP=0x00007ffed9bcf247, EFLAGS=0x0000000000010206

Top of Stack: (sp=0x000000ce0d6feed0)
0x000000ce0d6feed0:   00000267ed2450f8 000000000000002d
0x000000ce0d6feee0:   000000ce0d6fef28 00000008003ebba8
0x000000ce0d6feef0:   00000267d08c9efa 00007ffed9ba1621
0x000000ce0d6fef00:   00000267ed2450f8 0000000000000000
0x000000ce0d6fef10:   000000ce0d6fef28 000000ce0d6fef88
0x000000ce0d6fef20:   00000267d08c9efa 00000267d08d1366
0x000000ce0d6fef30:   0000000000000009 0000000000000000
0x000000ce0d6fef40:   000000ce0d6fef30 0000000800af387c
0x000000ce0d6fef50:   000000ce0d6fefb0 00000008003f40b8
0x000000ce0d6fef60:   000000ce0d6fef60 0000000000000000
0x000000ce0d6fef70:   000000ce0d6fefc8 00000267ed246cb0
0x000000ce0d6fef80:   0000000000000000 0000000708685858
0x000000ce0d6fef90:   00000267ed2450f8 0000000000000000
0x000000ce0d6fefa0:   000000ce0d6fefc8 000000ce0d6ff018
0x000000ce0d6fefb0:   00000267d08c9efa 0000000000000000
0x000000ce0d6fefc0:   00000267d08cd4f8 0000000708685de8 

Instructions: (pc=0x00007ffed9bcf247)
0x00007ffed9bcf147:   55 ff 48 8b cb e8 1f 42 fe ff 48 89 45 1f 48 8b
0x00007ffed9bcf157:   03 48 8b cb ff 50 78 48 85 c0 74 19 48 8b 03 48
0x00007ffed9bcf167:   8b cb ff 90 80 00 00 00 48 8b 03 48 8b cb ff 90
0x00007ffed9bcf177:   88 00 00 00 90 48 89 7d 2f 48 8b 55 3f 48 85 d2
0x00007ffed9bcf187:   74 14 80 7d 47 00 74 0e 48 8b 4d 37 48 8b 01 ff
0x00007ffed9bcf197:   90 b8 00 00 00 90 48 8b 55 ff 4c 8b 45 1f 4d 85
0x00007ffed9bcf1a7:   c0 75 04 32 db eb 15 49 8b d0 48 8b cb e8 87 f0
0x00007ffed9bcf1b7:   00 00 b3 01 48 8b 55 ff 4c 8b 45 1f 48 8d 05 26
0x00007ffed9bcf1c7:   c7 09 00 48 89 45 0f 4d 85 c0 74 1a 80 7d 27 00
0x00007ffed9bcf1d7:   74 14 48 8b 4d 17 48 8b 01 49 8b d0 ff 90 b8 00
0x00007ffed9bcf1e7:   00 00 48 8b 55 ff 48 89 7d ef 48 85 d2 74 15 80
0x00007ffed9bcf1f7:   7d 07 00 74 0f 48 8b 4d f7 4c 8b 01 41 ff 90 b8
0x00007ffed9bcf207:   00 00 00 90 0f b6 c3 4c 8d 9c 24 90 00 00 00 49
0x00007ffed9bcf217:   8b 5b 10 49 8b 7b 20 49 8b e3 5d c3 cc cc cc cc
0x00007ffed9bcf227:   cc cc cc cc cc cc cc cc cc 48 89 5c 24 08 57 48
0x00007ffed9bcf237:   83 ec 20 48 8b f9 e8 4e 2d 02 00 e8 89 14 ff ff
0x00007ffed9bcf247:   80 3f 00 74 10 bb 0a 00 00 00 e8 7a 2d 02 00 48
0x00007ffed9bcf257:   83 eb 01 75 f5 48 8b 5f 08 48 c7 47 08 00 00 00
0x00007ffed9bcf267:   00 48 85 db 74 15 48 8b cb e8 1b 0f 02 00 ba 08
0x00007ffed9bcf277:   00 00 00 48 8b cb e8 f2 b7 05 00 48 c7 47 08 00
0x00007ffed9bcf287:   00 00 00 48 8b 5c 24 30 48 83 c4 20 5f e9 c7 31
0x00007ffed9bcf297:   02 00 cc cc cc cc cc cc cc 48 89 5c 24 08 48 89
0x00007ffed9bcf2a7:   74 24 10 57 48 83 ec 20 8b 41 08 48 8b fa 41 0f
0x00007ffed9bcf2b7:   b6 d8 48 8b f1 89 42 08 4c 8d 42 10 48 8b 51 18
0x00007ffed9bcf2c7:   44 8b cb 48 8b 49 10 e8 8a 2c 02 00 48 8b 56 30
0x00007ffed9bcf2d7:   4c 8d 47 28 48 8b 4e 28 44 8b cb e8 76 2c 02 00
0x00007ffed9bcf2e7:   48 8b 56 48 4c 8d 47 40 48 8b 4e 40 44 8b cb e8
0x00007ffed9bcf2f7:   62 2c 02 00 8b 46 58 4c 8d 47 70 89 47 58 44 8b
0x00007ffed9bcf307:   cb 8b 46 5c 89 47 5c 8b 46 60 89 47 60 8b 46 64
0x00007ffed9bcf317:   89 47 64 8b 46 68 89 47 68 48 8b 56 78 48 8b 4e
0x00007ffed9bcf327:   70 e8 30 2c 02 00 48 8b 96 90 00 00 00 4c 8d 87
0x00007ffed9bcf337:   88 00 00 00 48 8b 8e 88 00 00 00 44 8b cb e8 13 


Stack slot to memory mapping:
stack at sp + 0 slots: {method} {0x00000267ed245100} 'N_Shutdown' '()V' in 'org/cef/CefApp'
stack at sp + 1 slots: 0x000000000000002d is an unknown value
stack at sp + 2 slots: 0x000000ce0d6fef28 is pointing into the stack for thread: 0x00000267ed8f6f50
stack at sp + 3 slots: 0x00000008003ebba8 is pointing into metadata
stack at sp + 4 slots: 0x00000267d08c9efa is at code_begin+3482 in an Interpreter codelet
return entry points  [0x00000267d08c9160, 0x00000267d08cb380]  8736 bytes
stack at sp + 5 slots: 0x00007ffed9ba1621 jcef.dll
stack at sp + 6 slots: {method} {0x00000267ed245100} 'N_Shutdown' '()V' in 'org/cef/CefApp'
stack at sp + 7 slots: 0x0 is NULL


---------------  P R O C E S S  ---------------

Threads class SMR info:
_java_thread_list=0x00000267ee402990, length=24, elements={
0x00000267eb4a7970, 0x00000267eb4a86f0, 0x00000267eb4c1d00, 0x00000267eb4c25c0,
0x00000267eb4c2e80, 0x00000267eb4c3740, 0x00000267eb4c43e0, 0x00000267ec0200f0,
0x00000267ec020600, 0x00000267ec0fb890, 0x00000267ec0f8e50, 0x00000267ec110380,
0x00000267ec129070, 0x00000267ec131d80, 0x00000267ec96e020, 0x00000267ec9ede00,
0x00000267ed930000, 0x00000267edac4860, 0x00000267edbdc0c0, 0x00000267edd50010,
0x00000267ed8f65b0, 0x00000267ed8f6f50, 0x00000267ed8f6a80, 0x00000267ed8f7420
}

Java Threads: ( => current thread )
  0x00000267eb4a7970 JavaThread "Reference Handler" daemon [_thread_blocked, id=15208, stack(0x000000ce0ba00000,0x000000ce0bb00000)]
  0x00000267eb4a86f0 JavaThread "Finalizer" daemon [_thread_blocked, id=12936, stack(0x000000ce0bb00000,0x000000ce0bc00000)]
  0x00000267eb4c1d00 JavaThread "Signal Dispatcher" daemon [_thread_blocked, id=16800, stack(0x000000ce0bc00000,0x000000ce0bd00000)]
  0x00000267eb4c25c0 JavaThread "Attach Listener" daemon [_thread_blocked, id=18376, stack(0x000000ce0bd00000,0x000000ce0be00000)]
  0x00000267eb4c2e80 JavaThread "Service Thread" daemon [_thread_blocked, id=8892, stack(0x000000ce0be00000,0x000000ce0bf00000)]
  0x00000267eb4c3740 JavaThread "Monitor Deflation Thread" daemon [_thread_blocked, id=14004, stack(0x000000ce0bf00000,0x000000ce0c000000)]
  0x00000267eb4c43e0 JavaThread "C2 CompilerThread0" daemon [_thread_blocked, id=11000, stack(0x000000ce0c000000,0x000000ce0c100000)]
  0x00000267ec0200f0 JavaThread "C1 CompilerThread0" daemon [_thread_blocked, id=14232, stack(0x000000ce0c100000,0x000000ce0c200000)]
  0x00000267ec020600 JavaThread "Sweeper thread" daemon [_thread_blocked, id=17516, stack(0x000000ce0c200000,0x000000ce0c300000)]
  0x00000267ec0fb890 JavaThread "JDWP Transport Listener: dt_socket" daemon [_thread_blocked, id=5268, stack(0x000000ce0c300000,0x000000ce0c400000)]
  0x00000267ec0f8e50 JavaThread "JDWP Event Helper Thread" daemon [_thread_blocked, id=5572, stack(0x000000ce0c400000,0x000000ce0c500000)]
  0x00000267ec110380 JavaThread "JDWP Command Reader" daemon [_thread_in_native, id=15264, stack(0x000000ce0c500000,0x000000ce0c600000)]
  0x00000267ec129070 JavaThread "Notification Thread" daemon [_thread_blocked, id=2176, stack(0x000000ce0c600000,0x000000ce0c700000)]
  0x00000267ec131d80 JavaThread "Common-Cleaner" daemon [_thread_blocked, id=10300, stack(0x000000ce0c800000,0x000000ce0c900000)]
  0x00000267ec96e020 JavaThread "vertx-blocked-thread-checker" daemon [_thread_blocked, id=14440, stack(0x000000ce0ce00000,0x000000ce0cf00000)]
  0x00000267ec9ede00 JavaThread "Thread-2" daemon [_thread_in_native, id=12520, stack(0x000000ce0cf00000,0x000000ce0d000000)]
  0x00000267ed930000 JavaThread "vert.x-acceptor-thread-0" [_thread_in_native, id=16004, stack(0x000000ce0d000000,0x000000ce0d100000)]
  0x00000267edac4860 JavaThread "vert.x-eventloop-thread-0" [_thread_in_native, id=17120, stack(0x000000ce0d100000,0x000000ce0d200000)]
  0x00000267edbdc0c0 JavaThread "Java2D Disposer" daemon [_thread_blocked, id=17716, stack(0x000000ce0d200000,0x000000ce0d300000)]
  0x00000267edd50010 JavaThread "AWT-Shutdown" [_thread_blocked, id=17776, stack(0x000000ce0d300000,0x000000ce0d400000)]
  0x00000267ed8f65b0 JavaThread "AWT-Windows" daemon [_thread_in_native, id=14688, stack(0x000000ce0d400000,0x000000ce0d500000)]
=>0x00000267ed8f6f50 JavaThread "AWT-EventQueue-0" [_thread_in_native, id=18156, stack(0x000000ce0d600000,0x000000ce0d700000)]
  0x00000267ed8f6a80 JavaThread "DestroyJavaVM" [_thread_blocked, id=16396, stack(0x000000ce0b300000,0x000000ce0b400000)]
  0x00000267ed8f7420 JavaThread "TimerQueue" daemon [_thread_blocked, id=13080, stack(0x000000ce0ed00000,0x000000ce0ee00000)]

Other Threads:
  0x00000267eb4a0ac0 VMThread "VM Thread" [stack: 0x000000ce0b900000,0x000000ce0ba00000] [id=4992]
  0x00000267ec114e80 WatcherThread [stack: 0x000000ce0c700000,0x000000ce0c800000] [id=10348]
  0x00000267c9102ff0 GCTaskThread "GC Thread#0" [stack: 0x000000ce0b400000,0x000000ce0b500000] [id=3872]
  0x00000267ec908ec0 GCTaskThread "GC Thread#1" [stack: 0x000000ce0ca00000,0x000000ce0cb00000] [id=2740]
  0x00000267ec909170 GCTaskThread "GC Thread#2" [stack: 0x000000ce0cb00000,0x000000ce0cc00000] [id=9752]
  0x00000267ec909420 GCTaskThread "GC Thread#3" [stack: 0x000000ce0cc00000,0x000000ce0cd00000] [id=136]
  0x00000267c9114c90 ConcurrentGCThread "G1 Main Marker" [stack: 0x000000ce0b500000,0x000000ce0b600000] [id=1768]
  0x00000267c91165c0 ConcurrentGCThread "G1 Conc#0" [stack: 0x000000ce0b600000,0x000000ce0b700000] [id=10368]
  0x00000267eb3720c0 ConcurrentGCThread "G1 Refine#0" [stack: 0x000000ce0b700000,0x000000ce0b800000] [id=13456]
  0x00000267ec9e9320 ConcurrentGCThread "G1 Refine#1" [stack: 0x000000ce0cd00000,0x000000ce0ce00000] [id=13112]
  0x00000267eb3729f0 ConcurrentGCThread "G1 Service" [stack: 0x000000ce0b800000,0x000000ce0b900000] [id=10948]

Threads with active compile tasks:

VM state: not at safepoint (normal execution)

VM Mutex/Monitor currently owned by a thread: None

Heap address: 0x0000000701c00000, size: 4068 MB, Compressed Oops mode: Zero based, Oop shift amount: 3

CDS archive(s) mapped at: [0x0000000800000000-0x0000000800bc0000-0x0000000800bc0000), size 12320768, SharedBaseAddress: 0x0000000800000000, ArchiveRelocationMode: 0.
Compressed class space mapped at: 0x0000000800c00000-0x0000000840c00000, reserved size: 1073741824
Narrow klass base: 0x0000000800000000, Narrow klass shift: 0, Narrow klass range: 0x100000000

GC Precious Log:
 CPUs: 4 total, 4 available
 Memory: 16268M
 Large Page Support: Disabled
 NUMA Support: Disabled
 Compressed Oops: Enabled (Zero based)
 Heap Region Size: 2M
 Heap Min Capacity: 8M
 Heap Initial Capacity: 256M
 Heap Max Capacity: 4068M
 Pre-touch: Disabled
 Parallel Workers: 4
 Concurrent Workers: 1
 Concurrent Refinement Workers: 4
 Periodic GC: Disabled

Heap:
 garbage-first heap   total 262144K, used 18933K [0x0000000701c00000, 0x0000000800000000)
  region size 2048K, 5 young (10240K), 2 survivors (4096K)
 Metaspace       used 17605K, committed 17792K, reserved 1064960K
  class space    used 2003K, committed 2112K, reserved 1048576K

Heap Regions: E=young(eden), S=young(survivor), O=old, HS=humongous(starts), HC=humongous(continues), CS=collection set, F=free, OA=open archive, CA=closed archive, TAMS=top-at-mark-start (previous, next)
|   0|0x0000000701c00000, 0x0000000701e00000, 0x0000000701e00000|100%| O|  |TAMS 0x0000000701c00000, 0x0000000701c00000| Untracked 
|   1|0x0000000701e00000, 0x0000000701f7d800, 0x0000000702000000| 74%| O|  |TAMS 0x0000000701e00000, 0x0000000701e00000| Untracked 
|   2|0x0000000702000000, 0x0000000702000000, 0x0000000702200000|  0%| F|  |TAMS 0x0000000702000000, 0x0000000702000000| Untracked 
|   3|0x0000000702200000, 0x0000000702400000, 0x0000000702400000|100%|HS|  |TAMS 0x0000000702200000, 0x0000000702200000| Complete 
|   4|0x0000000702400000, 0x0000000702600000, 0x0000000702600000|100%|HC|  |TAMS 0x0000000702400000, 0x0000000702400000| Complete 
|   5|0x0000000702600000, 0x0000000702800000, 0x0000000702800000|100%|HC|  |TAMS 0x0000000702600000, 0x0000000702600000| Complete 
|   6|0x0000000702800000, 0x0000000702a00000, 0x0000000702a00000|100%|HC|  |TAMS 0x0000000702800000, 0x0000000702800000| Complete 
|   7|0x0000000702a00000, 0x0000000702a00000, 0x0000000702c00000|  0%| F|  |TAMS 0x0000000702a00000, 0x0000000702a00000| Untracked 
|   8|0x0000000702c00000, 0x0000000702c00000, 0x0000000702e00000|  0%| F|  |TAMS 0x0000000702c00000, 0x0000000702c00000| Untracked 
|   9|0x0000000702e00000, 0x0000000702e00000, 0x0000000703000000|  0%| F|  |TAMS 0x0000000702e00000, 0x0000000702e00000| Untracked 
|  10|0x0000000703000000, 0x0000000703000000, 0x0000000703200000|  0%| F|  |TAMS 0x0000000703000000, 0x0000000703000000| Untracked 
|  11|0x0000000703200000, 0x0000000703200000, 0x0000000703400000|  0%| F|  |TAMS 0x0000000703200000, 0x0000000703200000| Untracked 
|  12|0x0000000703400000, 0x0000000703400000, 0x0000000703600000|  0%| F|  |TAMS 0x0000000703400000, 0x0000000703400000| Untracked 
|  13|0x0000000703600000, 0x0000000703600000, 0x0000000703800000|  0%| F|  |TAMS 0x0000000703600000, 0x0000000703600000| Untracked 
|  14|0x0000000703800000, 0x0000000703800000, 0x0000000703a00000|  0%| F|  |TAMS 0x0000000703800000, 0x0000000703800000| Untracked 
|  15|0x0000000703a00000, 0x0000000703a00000, 0x0000000703c00000|  0%| F|  |TAMS 0x0000000703a00000, 0x0000000703a00000| Untracked 
|  16|0x0000000703c00000, 0x0000000703c00000, 0x0000000703e00000|  0%| F|  |TAMS 0x0000000703c00000, 0x0000000703c00000| Untracked 
|  17|0x0000000703e00000, 0x0000000703e00000, 0x0000000704000000|  0%| F|  |TAMS 0x0000000703e00000, 0x0000000703e00000| Untracked 
|  18|0x0000000704000000, 0x0000000704000000, 0x0000000704200000|  0%| F|  |TAMS 0x0000000704000000, 0x0000000704000000| Untracked 
|  19|0x0000000704200000, 0x0000000704200000, 0x0000000704400000|  0%| F|  |TAMS 0x0000000704200000, 0x0000000704200000| Untracked 
|  20|0x0000000704400000, 0x0000000704400000, 0x0000000704600000|  0%| F|  |TAMS 0x0000000704400000, 0x0000000704400000| Untracked 
|  21|0x0000000704600000, 0x0000000704600000, 0x0000000704800000|  0%| F|  |TAMS 0x0000000704600000, 0x0000000704600000| Untracked 
|  22|0x0000000704800000, 0x0000000704800000, 0x0000000704a00000|  0%| F|  |TAMS 0x0000000704800000, 0x0000000704800000| Untracked 
|  23|0x0000000704a00000, 0x0000000704a00000, 0x0000000704c00000|  0%| F|  |TAMS 0x0000000704a00000, 0x0000000704a00000| Untracked 
|  24|0x0000000704c00000, 0x0000000704c00000, 0x0000000704e00000|  0%| F|  |TAMS 0x0000000704c00000, 0x0000000704c00000| Untracked 
|  25|0x0000000704e00000, 0x0000000704e00000, 0x0000000705000000|  0%| F|  |TAMS 0x0000000704e00000, 0x0000000704e00000| Untracked 
|  26|0x0000000705000000, 0x0000000705000000, 0x0000000705200000|  0%| F|  |TAMS 0x0000000705000000, 0x0000000705000000| Untracked 
|  27|0x0000000705200000, 0x0000000705200000, 0x0000000705400000|  0%| F|  |TAMS 0x0000000705200000, 0x0000000705200000| Untracked 
|  28|0x0000000705400000, 0x0000000705400000, 0x0000000705600000|  0%| F|  |TAMS 0x0000000705400000, 0x0000000705400000| Untracked 
|  29|0x0000000705600000, 0x0000000705600000, 0x0000000705800000|  0%| F|  |TAMS 0x0000000705600000, 0x0000000705600000| Untracked 
|  30|0x0000000705800000, 0x0000000705800000, 0x0000000705a00000|  0%| F|  |TAMS 0x0000000705800000, 0x0000000705800000| Untracked 
|  31|0x0000000705a00000, 0x0000000705a00000, 0x0000000705c00000|  0%| F|  |TAMS 0x0000000705a00000, 0x0000000705a00000| Untracked 
|  32|0x0000000705c00000, 0x0000000705c00000, 0x0000000705e00000|  0%| F|  |TAMS 0x0000000705c00000, 0x0000000705c00000| Untracked 
|  33|0x0000000705e00000, 0x0000000705e00000, 0x0000000706000000|  0%| F|  |TAMS 0x0000000705e00000, 0x0000000705e00000| Untracked 
|  34|0x0000000706000000, 0x0000000706000000, 0x0000000706200000|  0%| F|  |TAMS 0x0000000706000000, 0x0000000706000000| Untracked 
|  35|0x0000000706200000, 0x0000000706200000, 0x0000000706400000|  0%| F|  |TAMS 0x0000000706200000, 0x0000000706200000| Untracked 
|  36|0x0000000706400000, 0x0000000706400000, 0x0000000706600000|  0%| F|  |TAMS 0x0000000706400000, 0x0000000706400000| Untracked 
|  37|0x0000000706600000, 0x0000000706600000, 0x0000000706800000|  0%| F|  |TAMS 0x0000000706600000, 0x0000000706600000| Untracked 
|  38|0x0000000706800000, 0x0000000706800000, 0x0000000706a00000|  0%| F|  |TAMS 0x0000000706800000, 0x0000000706800000| Untracked 
|  39|0x0000000706a00000, 0x0000000706a00000, 0x0000000706c00000|  0%| F|  |TAMS 0x0000000706a00000, 0x0000000706a00000| Untracked 
|  40|0x0000000706c00000, 0x0000000706c00000, 0x0000000706e00000|  0%| F|  |TAMS 0x0000000706c00000, 0x0000000706c00000| Untracked 
|  41|0x0000000706e00000, 0x0000000706e00000, 0x0000000707000000|  0%| F|  |TAMS 0x0000000706e00000, 0x0000000706e00000| Untracked 
|  42|0x0000000707000000, 0x0000000707000000, 0x0000000707200000|  0%| F|  |TAMS 0x0000000707000000, 0x0000000707000000| Untracked 
|  43|0x0000000707200000, 0x0000000707200000, 0x0000000707400000|  0%| F|  |TAMS 0x0000000707200000, 0x0000000707200000| Untracked 
|  44|0x0000000707400000, 0x0000000707400000, 0x0000000707600000|  0%| F|  |TAMS 0x0000000707400000, 0x0000000707400000| Untracked 
|  45|0x0000000707600000, 0x0000000707600000, 0x0000000707800000|  0%| F|  |TAMS 0x0000000707600000, 0x0000000707600000| Untracked 
|  46|0x0000000707800000, 0x0000000707800000, 0x0000000707a00000|  0%| F|  |TAMS 0x0000000707800000, 0x0000000707800000| Untracked 
|  47|0x0000000707a00000, 0x0000000707a00000, 0x0000000707c00000|  0%| F|  |TAMS 0x0000000707a00000, 0x0000000707a00000| Untracked 
|  48|0x0000000707c00000, 0x0000000707c00000, 0x0000000707e00000|  0%| F|  |TAMS 0x0000000707c00000, 0x0000000707c00000| Untracked 
|  49|0x0000000707e00000, 0x0000000707e00000, 0x0000000708000000|  0%| F|  |TAMS 0x0000000707e00000, 0x0000000707e00000| Untracked 
|  50|0x0000000708000000, 0x0000000708000000, 0x0000000708200000|  0%| F|  |TAMS 0x0000000708000000, 0x0000000708000000| Untracked 
|  51|0x0000000708200000, 0x0000000708200000, 0x0000000708400000|  0%| F|  |TAMS 0x0000000708200000, 0x0000000708200000| Untracked 
|  52|0x0000000708400000, 0x00000007084fff48, 0x0000000708600000| 49%| S|CS|TAMS 0x0000000708400000, 0x0000000708400000| Complete 
|  53|0x0000000708600000, 0x0000000708800000, 0x0000000708800000|100%| S|CS|TAMS 0x0000000708600000, 0x0000000708600000| Complete 
|  54|0x0000000708800000, 0x0000000708800000, 0x0000000708a00000|  0%| F|  |TAMS 0x0000000708800000, 0x0000000708800000| Untracked 
|  55|0x0000000708a00000, 0x0000000708a00000, 0x0000000708c00000|  0%| F|  |TAMS 0x0000000708a00000, 0x0000000708a00000| Untracked 
|  56|0x0000000708c00000, 0x0000000708c00000, 0x0000000708e00000|  0%| F|  |TAMS 0x0000000708c00000, 0x0000000708c00000| Untracked 
|  57|0x0000000708e00000, 0x0000000708e00000, 0x0000000709000000|  0%| F|  |TAMS 0x0000000708e00000, 0x0000000708e00000| Untracked 
|  58|0x0000000709000000, 0x0000000709000000, 0x0000000709200000|  0%| F|  |TAMS 0x0000000709000000, 0x0000000709000000| Untracked 
|  59|0x0000000709200000, 0x0000000709200000, 0x0000000709400000|  0%| F|  |TAMS 0x0000000709200000, 0x0000000709200000| Untracked 
|  60|0x0000000709400000, 0x0000000709400000, 0x0000000709600000|  0%| F|  |TAMS 0x0000000709400000, 0x0000000709400000| Untracked 
|  61|0x0000000709600000, 0x0000000709600000, 0x0000000709800000|  0%| F|  |TAMS 0x0000000709600000, 0x0000000709600000| Untracked 
|  62|0x0000000709800000, 0x0000000709800000, 0x0000000709a00000|  0%| F|  |TAMS 0x0000000709800000, 0x0000000709800000| Untracked 
|  63|0x0000000709a00000, 0x0000000709a00000, 0x0000000709c00000|  0%| F|  |TAMS 0x0000000709a00000, 0x0000000709a00000| Untracked 
|  64|0x0000000709c00000, 0x0000000709c00000, 0x0000000709e00000|  0%| F|  |TAMS 0x0000000709c00000, 0x0000000709c00000| Untracked 
|  65|0x0000000709e00000, 0x0000000709e00000, 0x000000070a000000|  0%| F|  |TAMS 0x0000000709e00000, 0x0000000709e00000| Untracked 
|  66|0x000000070a000000, 0x000000070a000000, 0x000000070a200000|  0%| F|  |TAMS 0x000000070a000000, 0x000000070a000000| Untracked 
|  67|0x000000070a200000, 0x000000070a200000, 0x000000070a400000|  0%| F|  |TAMS 0x000000070a200000, 0x000000070a200000| Untracked 
|  68|0x000000070a400000, 0x000000070a400000, 0x000000070a600000|  0%| F|  |TAMS 0x000000070a400000, 0x000000070a400000| Untracked 
|  69|0x000000070a600000, 0x000000070a600000, 0x000000070a800000|  0%| F|  |TAMS 0x000000070a600000, 0x000000070a600000| Untracked 
|  70|0x000000070a800000, 0x000000070a800000, 0x000000070aa00000|  0%| F|  |TAMS 0x000000070a800000, 0x000000070a800000| Untracked 
|  71|0x000000070aa00000, 0x000000070aa00000, 0x000000070ac00000|  0%| F|  |TAMS 0x000000070aa00000, 0x000000070aa00000| Untracked 
|  72|0x000000070ac00000, 0x000000070ac00000, 0x000000070ae00000|  0%| F|  |TAMS 0x000000070ac00000, 0x000000070ac00000| Untracked 
|  73|0x000000070ae00000, 0x000000070ae00000, 0x000000070b000000|  0%| F|  |TAMS 0x000000070ae00000, 0x000000070ae00000| Untracked 
|  74|0x000000070b000000, 0x000000070b000000, 0x000000070b200000|  0%| F|  |TAMS 0x000000070b000000, 0x000000070b000000| Untracked 
|  75|0x000000070b200000, 0x000000070b200000, 0x000000070b400000|  0%| F|  |TAMS 0x000000070b200000, 0x000000070b200000| Untracked 
|  76|0x000000070b400000, 0x000000070b400000, 0x000000070b600000|  0%| F|  |TAMS 0x000000070b400000, 0x000000070b400000| Untracked 
|  77|0x000000070b600000, 0x000000070b600000, 0x000000070b800000|  0%| F|  |TAMS 0x000000070b600000, 0x000000070b600000| Untracked 
|  78|0x000000070b800000, 0x000000070b800000, 0x000000070ba00000|  0%| F|  |TAMS 0x000000070b800000, 0x000000070b800000| Untracked 
|  79|0x000000070ba00000, 0x000000070ba00000, 0x000000070bc00000|  0%| F|  |TAMS 0x000000070ba00000, 0x000000070ba00000| Untracked 
|  80|0x000000070bc00000, 0x000000070bc00000, 0x000000070be00000|  0%| F|  |TAMS 0x000000070bc00000, 0x000000070bc00000| Untracked 
|  81|0x000000070be00000, 0x000000070be00000, 0x000000070c000000|  0%| F|  |TAMS 0x000000070be00000, 0x000000070be00000| Untracked 
|  82|0x000000070c000000, 0x000000070c000000, 0x000000070c200000|  0%| F|  |TAMS 0x000000070c000000, 0x000000070c000000| Untracked 
|  83|0x000000070c200000, 0x000000070c200000, 0x000000070c400000|  0%| F|  |TAMS 0x000000070c200000, 0x000000070c200000| Untracked 
|  84|0x000000070c400000, 0x000000070c400000, 0x000000070c600000|  0%| F|  |TAMS 0x000000070c400000, 0x000000070c400000| Untracked 
|  85|0x000000070c600000, 0x000000070c600000, 0x000000070c800000|  0%| F|  |TAMS 0x000000070c600000, 0x000000070c600000| Untracked 
|  86|0x000000070c800000, 0x000000070c800000, 0x000000070ca00000|  0%| F|  |TAMS 0x000000070c800000, 0x000000070c800000| Untracked 
|  87|0x000000070ca00000, 0x000000070ca00000, 0x000000070cc00000|  0%| F|  |TAMS 0x000000070ca00000, 0x000000070ca00000| Untracked 
|  88|0x000000070cc00000, 0x000000070cc00000, 0x000000070ce00000|  0%| F|  |TAMS 0x000000070cc00000, 0x000000070cc00000| Untracked 
|  89|0x000000070ce00000, 0x000000070ce00000, 0x000000070d000000|  0%| F|  |TAMS 0x000000070ce00000, 0x000000070ce00000| Untracked 
|  90|0x000000070d000000, 0x000000070d000000, 0x000000070d200000|  0%| F|  |TAMS 0x000000070d000000, 0x000000070d000000| Untracked 
|  91|0x000000070d200000, 0x000000070d200000, 0x000000070d400000|  0%| F|  |TAMS 0x000000070d200000, 0x000000070d200000| Untracked 
|  92|0x000000070d400000, 0x000000070d400000, 0x000000070d600000|  0%| F|  |TAMS 0x000000070d400000, 0x000000070d400000| Untracked 
|  93|0x000000070d600000, 0x000000070d600000, 0x000000070d800000|  0%| F|  |TAMS 0x000000070d600000, 0x000000070d600000| Untracked 
|  94|0x000000070d800000, 0x000000070d800000, 0x000000070da00000|  0%| F|  |TAMS 0x000000070d800000, 0x000000070d800000| Untracked 
|  95|0x000000070da00000, 0x000000070da00000, 0x000000070dc00000|  0%| F|  |TAMS 0x000000070da00000, 0x000000070da00000| Untracked 
|  96|0x000000070dc00000, 0x000000070dc00000, 0x000000070de00000|  0%| F|  |TAMS 0x000000070dc00000, 0x000000070dc00000| Untracked 
|  97|0x000000070de00000, 0x000000070de00000, 0x000000070e000000|  0%| F|  |TAMS 0x000000070de00000, 0x000000070de00000| Untracked 
|  98|0x000000070e000000, 0x000000070e000000, 0x000000070e200000|  0%| F|  |TAMS 0x000000070e000000, 0x000000070e000000| Untracked 
|  99|0x000000070e200000, 0x000000070e200000, 0x000000070e400000|  0%| F|  |TAMS 0x000000070e200000, 0x000000070e200000| Untracked 
| 100|0x000000070e400000, 0x000000070e400000, 0x000000070e600000|  0%| F|  |TAMS 0x000000070e400000, 0x000000070e400000| Untracked 
| 101|0x000000070e600000, 0x000000070e600000, 0x000000070e800000|  0%| F|  |TAMS 0x000000070e600000, 0x000000070e600000| Untracked 
| 102|0x000000070e800000, 0x000000070e800000, 0x000000070ea00000|  0%| F|  |TAMS 0x000000070e800000, 0x000000070e800000| Untracked 
| 103|0x000000070ea00000, 0x000000070ea00000, 0x000000070ec00000|  0%| F|  |TAMS 0x000000070ea00000, 0x000000070ea00000| Untracked 
| 104|0x000000070ec00000, 0x000000070ec00000, 0x000000070ee00000|  0%| F|  |TAMS 0x000000070ec00000, 0x000000070ec00000| Untracked 
| 105|0x000000070ee00000, 0x000000070ee00000, 0x000000070f000000|  0%| F|  |TAMS 0x000000070ee00000, 0x000000070ee00000| Untracked 
| 106|0x000000070f000000, 0x000000070f000000, 0x000000070f200000|  0%| F|  |TAMS 0x000000070f000000, 0x000000070f000000| Untracked 
| 107|0x000000070f200000, 0x000000070f200000, 0x000000070f400000|  0%| F|  |TAMS 0x000000070f200000, 0x000000070f200000| Untracked 
| 108|0x000000070f400000, 0x000000070f400000, 0x000000070f600000|  0%| F|  |TAMS 0x000000070f400000, 0x000000070f400000| Untracked 
| 109|0x000000070f600000, 0x000000070f600000, 0x000000070f800000|  0%| F|  |TAMS 0x000000070f600000, 0x000000070f600000| Untracked 
| 110|0x000000070f800000, 0x000000070f800000, 0x000000070fa00000|  0%| F|  |TAMS 0x000000070f800000, 0x000000070f800000| Untracked 
| 111|0x000000070fa00000, 0x000000070fa00000, 0x000000070fc00000|  0%| F|  |TAMS 0x000000070fa00000, 0x000000070fa00000| Untracked 
| 112|0x000000070fc00000, 0x000000070fc00000, 0x000000070fe00000|  0%| F|  |TAMS 0x000000070fc00000, 0x000000070fc00000| Untracked 
| 113|0x000000070fe00000, 0x000000070fe00000, 0x0000000710000000|  0%| F|  |TAMS 0x000000070fe00000, 0x000000070fe00000| Untracked 
| 114|0x0000000710000000, 0x0000000710000000, 0x0000000710200000|  0%| F|  |TAMS 0x0000000710000000, 0x0000000710000000| Untracked 
| 115|0x0000000710200000, 0x0000000710200000, 0x0000000710400000|  0%| F|  |TAMS 0x0000000710200000, 0x0000000710200000| Untracked 
| 116|0x0000000710400000, 0x0000000710400000, 0x0000000710600000|  0%| F|  |TAMS 0x0000000710400000, 0x0000000710400000| Untracked 
| 117|0x0000000710600000, 0x0000000710600000, 0x0000000710800000|  0%| F|  |TAMS 0x0000000710600000, 0x0000000710600000| Untracked 
| 118|0x0000000710800000, 0x0000000710800000, 0x0000000710a00000|  0%| F|  |TAMS 0x0000000710800000, 0x0000000710800000| Untracked 
| 119|0x0000000710a00000, 0x0000000710a00000, 0x0000000710c00000|  0%| F|  |TAMS 0x0000000710a00000, 0x0000000710a00000| Untracked 
| 120|0x0000000710c00000, 0x0000000710c00000, 0x0000000710e00000|  0%| F|  |TAMS 0x0000000710c00000, 0x0000000710c00000| Untracked 
| 121|0x0000000710e00000, 0x0000000710e00000, 0x0000000711000000|  0%| F|  |TAMS 0x0000000710e00000, 0x0000000710e00000| Untracked 
| 122|0x0000000711000000, 0x0000000711000000, 0x0000000711200000|  0%| F|  |TAMS 0x0000000711000000, 0x0000000711000000| Untracked 
| 123|0x0000000711200000, 0x0000000711200000, 0x0000000711400000|  0%| F|  |TAMS 0x0000000711200000, 0x0000000711200000| Untracked 
| 124|0x0000000711400000, 0x0000000711400000, 0x0000000711600000|  0%| F|  |TAMS 0x0000000711400000, 0x0000000711400000| Untracked 
| 125|0x0000000711600000, 0x0000000711800000, 0x0000000711800000|100%| E|  |TAMS 0x0000000711600000, 0x0000000711600000| Complete 
| 126|0x0000000711800000, 0x0000000711a00000, 0x0000000711a00000|100%| E|CS|TAMS 0x0000000711800000, 0x0000000711800000| Complete 
| 127|0x0000000711a00000, 0x0000000711c00000, 0x0000000711c00000|100%| E|CS|TAMS 0x0000000711a00000, 0x0000000711a00000| Complete 

Card table byte_map: [0x00000267e00c0000,0x00000267e08c0000] _byte_map_base: 0x00000267dc8b2000

Marking Bits (Prev, Next): (CMBitMap*) 0x00000267c9104520, (CMBitMap*) 0x00000267c9104560
 Prev Bits: [0x00000267e10c0000, 0x00000267e5050000)
 Next Bits: [0x00000267e5050000, 0x00000267e8fe0000)

Polling page: 0x00000267c6ea0000

Metaspace:

Usage:
  Non-class:     15.24 MB used.
      Class:      1.96 MB used.
       Both:     17.19 MB used.

Virtual space:
  Non-class space:       16.00 MB reserved,      15.31 MB ( 96%) committed,  2 nodes.
      Class space:        1.00 GB reserved,       2.06 MB ( <1%) committed,  1 nodes.
             Both:        1.02 GB reserved,      17.38 MB (  2%) committed. 

Chunk freelists:
   Non-Class:  384.00 KB
       Class:  1.98 MB
        Both:  2.36 MB

MaxMetaspaceSize: unlimited
CompressedClassSpaceSize: 1.00 GB
Initial GC threshold: 21.00 MB
Current GC threshold: 21.00 MB
CDS: on
MetaspaceReclaimPolicy: balanced
 - commit_granule_bytes: 65536.
 - commit_granule_words: 8192.
 - virtual_space_node_default_size: 1048576.
 - enlarge_chunks_in_place: 1.
 - new_chunks_are_fully_committed: 0.
 - uncommit_free_chunks: 1.
 - use_allocation_guard: 0.
 - handle_deallocations: 1.


Internal statistics:

num_allocs_failed_limit: 0.
num_arena_births: 188.
num_arena_deaths: 0.
num_vsnodes_births: 3.
num_vsnodes_deaths: 0.
num_space_committed: 278.
num_space_uncommitted: 0.
num_chunks_returned_to_freelist: 0.
num_chunks_taken_from_freelist: 506.
num_chunk_merges: 0.
num_chunk_splits: 342.
num_chunks_enlarged: 244.
num_purges: 0.
num_inconsistent_stats: 0.

CodeHeap 'non-profiled nmethods': size=120000Kb used=746Kb max_used=746Kb free=119253Kb
 bounds [0x00000267d8390000, 0x00000267d8600000, 0x00000267df8c0000]
CodeHeap 'profiled nmethods': size=120000Kb used=4148Kb max_used=4148Kb free=115851Kb
 bounds [0x00000267d0e60000, 0x00000267d1270000, 0x00000267d8390000]
CodeHeap 'non-nmethods': size=5760Kb used=1413Kb max_used=1435Kb free=4346Kb
 bounds [0x00000267d08c0000, 0x00000267d0b30000, 0x00000267d0e60000]
 total_blobs=2647 nmethods=1951 adapters=609
 compilation: enabled
              stopped_count=0, restarted_count=0
 full_count=0

Compilation events (20 events):
Event: 52.404 Thread 0x00000267ec0200f0 1944       3       java.awt.Rectangle::setBounds (10 bytes)
Event: 52.404 Thread 0x00000267eb4c43e0 1943       4       java.util.ArrayList::add (25 bytes)
Event: 52.404 Thread 0x00000267ec0200f0 nmethod 1944 0x00000267d1261310 code [0x00000267d12614a0, 0x00000267d1261638]
Event: 52.404 Thread 0x00000267ec0200f0 1945       3       java.awt.Rectangle::reshape (22 bytes)
Event: 52.404 Thread 0x00000267ec0200f0 nmethod 1945 0x00000267d1261710 code [0x00000267d12618a0, 0x00000267d12619b8]
Event: 52.411 Thread 0x00000267eb4c43e0 nmethod 1943 0x00000267d8449490 code [0x00000267d8449640, 0x00000267d8449fa8]
Event: 52.511 Thread 0x00000267ec0200f0 1946   !   3       java.util.concurrent.ConcurrentHashMap::replaceNode (437 bytes)
Event: 52.512 Thread 0x00000267ec0200f0 nmethod 1946 0x00000267d1261a90 code [0x00000267d1261e20, 0x00000267d12639d8]
Event: 52.512 Thread 0x00000267ec0200f0 1947       3       java.util.concurrent.ConcurrentHashMap::remove (8 bytes)
Event: 52.512 Thread 0x00000267ec0200f0 nmethod 1947 0x00000267d1264790 code [0x00000267d1264940, 0x00000267d1264aa8]
Event: 52.512 Thread 0x00000267ec0200f0 1948       3       java.lang.invoke.BoundMethodHandle::editor (8 bytes)
Event: 52.513 Thread 0x00000267ec0200f0 nmethod 1948 0x00000267d1264b90 code [0x00000267d1264d60, 0x00000267d1265108]
Event: 52.518 Thread 0x00000267ec0200f0 1949       3       jdk.internal.org.objectweb.asm.ClassWriter::visit (160 bytes)
Event: 52.519 Thread 0x00000267ec0200f0 nmethod 1949 0x00000267d1265290 code [0x00000267d12654c0, 0x00000267d1265d58]
Event: 52.519 Thread 0x00000267ec0200f0 1951       3       jdk.internal.org.objectweb.asm.ClassWriter::toByteArray (1515 bytes)
Event: 52.520 Thread 0x00000267eb4c43e0 1952 %     4       java.lang.StringUTF16::compress @ 3 (50 bytes)
Event: 52.524 Thread 0x00000267ec0200f0 nmethod 1951 0x00000267d1266210 code [0x00000267d1266b40, 0x00000267d126aab8]
Event: 52.524 Thread 0x00000267ec0200f0 1950       3       jdk.internal.org.objectweb.asm.SymbolTable::setMajorVersionAndClassName (19 bytes)
Event: 52.524 Thread 0x00000267ec0200f0 nmethod 1950 0x00000267d126ce10 code [0x00000267d126cfc0, 0x00000267d126d1e8]
Event: 52.524 Thread 0x00000267eb4c43e0 nmethod 1952% 0x00000267d844a390 code [0x00000267d844a520, 0x00000267d844a918]

GC Heap History (12 events):
Event: 0.562 GC heap before
{Heap before GC invocations=0 (full 0):
 garbage-first heap   total 262144K, used 12288K [0x0000000701c00000, 0x0000000800000000)
  region size 2048K, 6 young (12288K), 0 survivors (0K)
 Metaspace       used 4993K, committed 5184K, reserved 1056768K
  class space    used 517K, committed 640K, reserved 1048576K
}
Event: 0.566 GC heap after
{Heap after GC invocations=1 (full 0):
 garbage-first heap   total 262144K, used 3455K [0x0000000701c00000, 0x0000000800000000)
  region size 2048K, 1 young (2048K), 1 survivors (2048K)
 Metaspace       used 4993K, committed 5184K, reserved 1056768K
  class space    used 517K, committed 640K, reserved 1048576K
}
Event: 0.851 GC heap before
{Heap before GC invocations=1 (full 0):
 garbage-first heap   total 262144K, used 13695K [0x0000000701c00000, 0x0000000800000000)
  region size 2048K, 6 young (12288K), 1 survivors (2048K)
 Metaspace       used 8833K, committed 9088K, reserved 1064960K
  class space    used 964K, committed 1088K, reserved 1048576K
}
Event: 0.853 GC heap after
{Heap after GC invocations=2 (full 0):
 garbage-first heap   total 262144K, used 4801K [0x0000000701c00000, 0x0000000800000000)
  region size 2048K, 1 young (2048K), 1 survivors (2048K)
 Metaspace       used 8833K, committed 9088K, reserved 1064960K
  class space    used 964K, committed 1088K, reserved 1048576K
}
Event: 14.631 GC heap before
{Heap before GC invocations=2 (full 0):
 garbage-first heap   total 262144K, used 37569K [0x0000000701c00000, 0x0000000800000000)
  region size 2048K, 13 young (26624K), 1 survivors (2048K)
 Metaspace       used 17306K, committed 17472K, reserved 1064960K
  class space    used 1991K, committed 2048K, reserved 1048576K
}
Event: 14.634 GC heap after
{Heap after GC invocations=3 (full 0):
 garbage-first heap   total 262144K, used 16810K [0x0000000701c00000, 0x0000000800000000)
  region size 2048K, 2 young (4096K), 2 survivors (4096K)
 Metaspace       used 17306K, committed 17472K, reserved 1064960K
  class space    used 1991K, committed 2048K, reserved 1048576K
}
Event: 18.360 GC heap before
{Heap before GC invocations=3 (full 0):
 garbage-first heap   total 262144K, used 141738K [0x0000000701c00000, 0x0000000800000000)
  region size 2048K, 63 young (129024K), 2 survivors (4096K)
 Metaspace       used 17475K, committed 17664K, reserved 1064960K
  class space    used 1993K, committed 2048K, reserved 1048576K
}
Event: 18.362 GC heap after
{Heap after GC invocations=4 (full 0):
 garbage-first heap   total 262144K, used 14893K [0x0000000701c00000, 0x0000000800000000)
  region size 2048K, 2 young (4096K), 2 survivors (4096K)
 Metaspace       used 17475K, committed 17664K, reserved 1064960K
  class space    used 1993K, committed 2048K, reserved 1048576K
}
Event: 20.215 GC heap before
{Heap before GC invocations=4 (full 0):
 garbage-first heap   total 262144K, used 166445K [0x0000000701c00000, 0x0000000800000000)
  region size 2048K, 76 young (155648K), 2 survivors (4096K)
 Metaspace       used 17513K, committed 17728K, reserved 1064960K
  class space    used 1993K, committed 2048K, reserved 1048576K
}
Event: 20.217 GC heap after
{Heap after GC invocations=5 (full 0):
 garbage-first heap   total 262144K, used 14816K [0x0000000701c00000, 0x0000000800000000)
  region size 2048K, 2 young (4096K), 2 survivors (4096K)
 Metaspace       used 17513K, committed 17728K, reserved 1064960K
  class space    used 1993K, committed 2048K, reserved 1048576K
}
Event: 52.221 GC heap before
{Heap before GC invocations=5 (full 0):
 garbage-first heap   total 262144K, used 166368K [0x0000000701c00000, 0x0000000800000000)
  region size 2048K, 76 young (155648K), 2 survivors (4096K)
 Metaspace       used 17518K, committed 17728K, reserved 1064960K
  class space    used 1993K, committed 2048K, reserved 1048576K
}
Event: 52.224 GC heap after
{Heap after GC invocations=6 (full 0):
 garbage-first heap   total 262144K, used 14837K [0x0000000701c00000, 0x0000000800000000)
  region size 2048K, 2 young (4096K), 2 survivors (4096K)
 Metaspace       used 17518K, committed 17728K, reserved 1064960K
  class space    used 1993K, committed 2048K, reserved 1048576K
}

Deoptimization events (20 events):
Event: 2.036 Thread 0x00000267ed8f6f50 DEOPT PACKING pc=0x00000267d116352d sp=0x000000ce0d6fcfc0
Event: 2.036 Thread 0x00000267ed8f6f50 DEOPT UNPACKING pc=0x00000267d0912b43 sp=0x000000ce0d6fc430 mode 0
Event: 2.038 Thread 0x00000267ed8f6f50 DEOPT PACKING pc=0x00000267d116352d sp=0x000000ce0d6fcdf0
Event: 2.038 Thread 0x00000267ed8f6f50 DEOPT UNPACKING pc=0x00000267d0912b43 sp=0x000000ce0d6fc260 mode 0
Event: 2.040 Thread 0x00000267ed8f6f50 DEOPT PACKING pc=0x00000267d116352d sp=0x000000ce0d6fcdf0
Event: 2.040 Thread 0x00000267ed8f6f50 DEOPT UNPACKING pc=0x00000267d0912b43 sp=0x000000ce0d6fc260 mode 0
Event: 2.049 Thread 0x00000267ed8f6f50 DEOPT PACKING pc=0x00000267d116352d sp=0x000000ce0d6fd6a0
Event: 2.049 Thread 0x00000267ed8f6f50 DEOPT UNPACKING pc=0x00000267d0912b43 sp=0x000000ce0d6fcb10 mode 0
Event: 2.050 Thread 0x00000267ed8f6f50 DEOPT PACKING pc=0x00000267d116352d sp=0x000000ce0d6fd6a0
Event: 2.050 Thread 0x00000267ed8f6f50 DEOPT UNPACKING pc=0x00000267d0912b43 sp=0x000000ce0d6fcb10 mode 0
Event: 2.052 Thread 0x00000267ed8f6f50 DEOPT PACKING pc=0x00000267d116352d sp=0x000000ce0d6fd420
Event: 2.052 Thread 0x00000267ed8f6f50 DEOPT UNPACKING pc=0x00000267d0912b43 sp=0x000000ce0d6fc890 mode 0
Event: 2.053 Thread 0x00000267ed8f6f50 DEOPT PACKING pc=0x00000267d116352d sp=0x000000ce0d6fd420
Event: 2.053 Thread 0x00000267ed8f6f50 DEOPT UNPACKING pc=0x00000267d0912b43 sp=0x000000ce0d6fc890 mode 0
Event: 2.055 Thread 0x00000267ed8f6f50 DEOPT PACKING pc=0x00000267d116352d sp=0x000000ce0d6fd300
Event: 2.055 Thread 0x00000267ed8f6f50 DEOPT UNPACKING pc=0x00000267d0912b43 sp=0x000000ce0d6fc770 mode 0
Event: 5.210 Thread 0x00000267ed8f6f50 DEOPT PACKING pc=0x00000267d1171542 sp=0x000000ce0d6fd980
Event: 5.210 Thread 0x00000267ed8f6f50 DEOPT UNPACKING pc=0x00000267d0912b43 sp=0x000000ce0d6fce30 mode 0
Event: 5.212 Thread 0x00000267ed8f6f50 DEOPT PACKING pc=0x00000267d1171542 sp=0x000000ce0d6fd860
Event: 5.212 Thread 0x00000267ed8f6f50 DEOPT UNPACKING pc=0x00000267d0912b43 sp=0x000000ce0d6fcd10 mode 0

Classes unloaded (0 events):
No events

Classes redefined (0 events):
No events

Internal exceptions (20 events):
Event: 0.503 Thread 0x00000267c90b4190 Exception <a 'java/lang/NoSuchMethodError'{0x00000007110d1898}: 'java.lang.Object java.lang.invoke.DirectMethodHandle$Holder.invokeStaticInit(java.lang.Object)'> (0x00000007110d1898) 
thrown [t:\workspace\open\src\hotspot\share\interpreter\linkResolver.cpp, line 766]
Event: 0.515 Thread 0x00000267c90b4190 Exception <a 'java/lang/NoSuchMethodError'{0x00000007110eebf0}: 'int java.lang.invoke.DirectMethodHandle$Holder.invokeSpecial(java.lang.Object, java.lang.Object, java.lang.Object)'> (0x00000007110eebf0) 
thrown [t:\workspace\open\src\hotspot\share\interpreter\linkResolver.cpp, line 766]
Event: 0.715 Thread 0x00000267c90b4190 Exception <a 'sun/nio/fs/WindowsException'{0x000000071166e178}> (0x000000071166e178) 
thrown [t:\workspace\open\src\hotspot\share\prims\jni.cpp, line 516]
Event: 0.721 Thread 0x00000267c90b4190 Exception <a 'java/lang/NoSuchMethodError'{0x000000071167bac0}: 'java.lang.Object java.lang.invoke.DirectMethodHandle$Holder.invokeInterface(java.lang.Object, java.lang.Object)'> (0x000000071167bac0) 
thrown [t:\workspace\open\src\hotspot\share\interpreter\linkResolver.cpp, line 766]
Event: 0.770 Thread 0x00000267c90b4190 Exception <a 'java/lang/NoSuchMethodError'{0x0000000711440148}: 'void java.lang.invoke.DirectMethodHandle$Holder.invokeStaticInit(java.lang.Object, java.lang.Object)'> (0x0000000711440148) 
thrown [t:\workspace\open\src\hotspot\share\interpreter\linkResolver.cpp, line 766]
Event: 0.775 Thread 0x00000267c90b4190 Exception <a 'java/lang/NoSuchMethodError'{0x000000071147aa78}: 'int java.lang.invoke.DirectMethodHandle$Holder.invokeStaticInit(java.lang.Object, java.lang.Object, java.lang.Object)'> (0x000000071147aa78) 
thrown [t:\workspace\open\src\hotspot\share\interpreter\linkResolver.cpp, line 766]
Event: 0.785 Thread 0x00000267c90b4190 Exception <a 'java/lang/NoSuchMethodError'{0x00000007114db7c8}: 'void java.lang.invoke.DirectMethodHandle$Holder.invokeSpecial(java.lang.Object, java.lang.Object, java.lang.Object)'> (0x00000007114db7c8) 
thrown [t:\workspace\open\src\hotspot\share\interpreter\linkResolver.cpp, line 766]
Event: 0.944 Thread 0x00000267c90b4190 Exception <a 'java/lang/NoSuchMethodError'{0x00000007118c1650}: 'void java.lang.invoke.DirectMethodHandle$Holder.invokeStatic(java.lang.Object, java.lang.Object, java.lang.Object, java.lang.Object)'> (0x00000007118c1650) 
thrown [t:\workspace\open\src\hotspot\share\interpreter\linkResolver.cpp, line 766]
Event: 1.056 Thread 0x00000267c90b4190 Exception <a 'java/lang/NoSuchMethodError'{0x00000007116b2730}: 'java.lang.Object java.lang.invoke.DirectMethodHandle$Holder.newInvokeSpecial(java.lang.Object, java.lang.Object, java.lang.Object, java.lang.Object, java.lang.Object)'> (0x00000007116b2730) 
thrown [t:\workspace\open\src\hotspot\share\interpreter\linkResolver.cpp, line 766]
Event: 1.058 Thread 0x00000267c90b4190 Exception <a 'java/lang/NoSuchMethodError'{0x00000007116bde68}: 'java.lang.Object java.lang.invoke.DirectMethodHandle$Holder.invokeStatic(java.lang.Object, int, java.lang.Object, java.lang.Object, java.lang.Object, java.lang.Object)'> (0x00000007116bde68) 
thrown [t:\workspace\open\src\hotspot\share\interpreter\linkResolver.cpp, line 766]
Event: 1.064 Thread 0x00000267c90b4190 Exception <a 'java/lang/NoSuchMethodError'{0x00000007116e7770}: 'java.lang.Object java.lang.invoke.DirectMethodHandle$Holder.invokeStatic(java.lang.Object, int, java.lang.Object)'> (0x00000007116e7770) 
thrown [t:\workspace\open\src\hotspot\share\interpreter\linkResolver.cpp, line 766]
Event: 1.075 Thread 0x00000267c90b4190 Exception <a 'java/lang/ClassNotFoundException'{0x0000000711735450}: com/sun/swing/internal/plaf/basic/resources/spi/basicProvider> (0x0000000711735450) 
thrown [t:\workspace\open\src\hotspot\share\classfile\systemDictionary.cpp, line 256]
Event: 1.080 Thread 0x00000267c90b4190 Exception <a 'java/lang/NoSuchMethodError'{0x0000000711758b80}: 'int java.lang.invoke.DirectMethodHandle$Holder.invokeStatic(java.lang.Object)'> (0x0000000711758b80) 
thrown [t:\workspace\open\src\hotspot\share\interpreter\linkResolver.cpp, line 766]
Event: 1.227 Thread 0x00000267c90b4190 Implicit null exception at 0x00000267d83fa940 to 0x00000267d83fb2dc
Event: 1.228 Thread 0x00000267c90b4190 Implicit null exception at 0x00000267d83dfa33 to 0x00000267d83dfdec
Event: 1.228 Thread 0x00000267c90b4190 Implicit null exception at 0x00000267d83decb3 to 0x00000267d83df08c
Event: 1.243 Thread 0x00000267c90b4190 Exception <a 'sun/nio/fs/WindowsException'{0x000000071124d720}> (0x000000071124d720) 
thrown [t:\workspace\open\src\hotspot\share\prims\jni.cpp, line 516]
Event: 1.863 Thread 0x00000267c90b4190 Exception <a 'java/lang/NoSuchMethodError'{0x0000000710ee0688}: 'void java.lang.invoke.DirectMethodHandle$Holder.invokeStaticInit(java.lang.Object)'> (0x0000000710ee0688) 
thrown [t:\workspace\open\src\hotspot\share\interpreter\linkResolver.cpp, line 766]
Event: 1.879 Thread 0x00000267ed8f65b0 Exception <a 'java/lang/NoSuchMethodError'{0x0000000711686e78}: 'void java.lang.invoke.DirectMethodHandle$Holder.invokeVirtual(java.lang.Object, java.lang.Object)'> (0x0000000711686e78) 
thrown [t:\workspace\open\src\hotspot\share\interpreter\linkResolver.cpp, line 766]
Event: 1.951 Thread 0x00000267ed8f6f50 Exception <a 'java/lang/NoSuchMethodError'{0x0000000710cb4b80}: 'void java.lang.invoke.DirectMethodHandle$Holder.invokeVirtual(java.lang.Object, java.lang.Object, java.lang.Object, int, int, int, int, double)'> (0x0000000710cb4b80) 
thrown [t:\workspace\open\src\hotspot\share\interpreter\linkResolver.cpp, line 766]

VM Operations (20 events):
Event: 15.641 Executing VM operation: Cleanup
Event: 15.641 Executing VM operation: Cleanup done
Event: 17.657 Executing VM operation: Cleanup
Event: 17.657 Executing VM operation: Cleanup done
Event: 18.360 Executing VM operation: G1CollectForAllocation
Event: 18.362 Executing VM operation: G1CollectForAllocation done
Event: 18.362 Executing VM operation: Cleanup
Event: 18.362 Executing VM operation: Cleanup done
Event: 20.215 Executing VM operation: G1CollectForAllocation
Event: 20.218 Executing VM operation: G1CollectForAllocation done
Event: 20.218 Executing VM operation: Cleanup
Event: 20.218 Executing VM operation: Cleanup done
Event: 21.223 Executing VM operation: Cleanup
Event: 21.223 Executing VM operation: Cleanup done
Event: 49.413 Executing VM operation: Cleanup
Event: 49.413 Executing VM operation: Cleanup done
Event: 52.221 Executing VM operation: G1CollectForAllocation
Event: 52.224 Executing VM operation: G1CollectForAllocation done
Event: 52.224 Executing VM operation: Cleanup
Event: 52.225 Executing VM operation: Cleanup done

Events (20 events):
Event: 52.399 loading class java/awt/ColorPaintContext
Event: 52.400 loading class java/awt/PaintContext
Event: 52.400 loading class java/awt/PaintContext done
Event: 52.400 loading class java/awt/ColorPaintContext done
Event: 52.400 loading class sun/java2d/pipe/AlphaPaintPipe$TileContext
Event: 52.400 loading class sun/java2d/pipe/AlphaPaintPipe$TileContext done
Event: 52.513 Thread 0x00000267ed8f7dc0 Thread added: 0x00000267ed8f7dc0
Event: 52.514 Thread 0x00000267ed8f7dc0 Thread exited: 0x00000267ed8f7dc0
Event: 52.514 Thread 0x00000267ed8f8760 Thread added: 0x00000267ed8f8760
Event: 52.515 Thread 0x00000267ed8f8760 Thread exited: 0x00000267ed8f8760
Event: 52.562 Thread 0x00000267ed8f7dc0 Thread added: 0x00000267ed8f7dc0
Event: 52.564 Thread 0x00000267ed8f7dc0 Thread exited: 0x00000267ed8f7dc0
Event: 52.564 Thread 0x00000267ed8f60e0 Thread added: 0x00000267ed8f60e0
Event: 52.567 Thread 0x00000267ed8f60e0 Thread exited: 0x00000267ed8f60e0
Event: 52.568 Thread 0x00000267ed8f8290 Thread added: 0x00000267ed8f8290
Event: 52.568 Thread 0x00000267ed8f8290 Thread exited: 0x00000267ed8f8290
Event: 52.570 Thread 0x00000267ed8f60e0 Thread added: 0x00000267ed8f60e0
Event: 52.571 Thread 0x00000267ed8f60e0 Thread exited: 0x00000267ed8f60e0
Event: 52.572 loading class java/awt/Window$1DisposeAction
Event: 52.572 loading class java/awt/Window$1DisposeAction done


Dynamic libraries:
0x00007ff7f7380000 - 0x00007ff7f7390000 	C:\Program Files\Java\jdk-17.0.1\bin\java.exe
0x00007fff4bd30000 - 0x00007fff4bf25000 	C:\windows\SYSTEM32\ntdll.dll
0x00007fff4bb90000 - 0x00007fff4bc4e000 	C:\windows\System32\KERNEL32.DLL
0x00007fff49a20000 - 0x00007fff49ce8000 	C:\windows\System32\KERNELBASE.dll
0x00007fff494b0000 - 0x00007fff495b0000 	C:\windows\System32\ucrtbase.dll
0x00007fff469b0000 - 0x00007fff469ca000 	C:\Program Files\Java\jdk-17.0.1\bin\VCRUNTIME140.dll
0x00007fff317d0000 - 0x00007fff317e8000 	C:\Program Files\Java\jdk-17.0.1\bin\jli.dll
0x00007fff4a280000 - 0x00007fff4a32e000 	C:\windows\System32\ADVAPI32.dll
0x00007fff4b8b0000 - 0x00007fff4b94e000 	C:\windows\System32\msvcrt.dll
0x00007fff4bc50000 - 0x00007fff4bcec000 	C:\windows\System32\sechost.dll
0x00007fff4b720000 - 0x00007fff4b845000 	C:\windows\System32\RPCRT4.dll
0x00007fff49f30000 - 0x00007fff4a0d0000 	C:\windows\System32\USER32.dll
0x00007fff49480000 - 0x00007fff494a2000 	C:\windows\System32\win32u.dll
0x00007fff4b6f0000 - 0x00007fff4b71b000 	C:\windows\System32\GDI32.dll
0x00007fff498a0000 - 0x00007fff499ab000 	C:\windows\System32\gdi32full.dll
0x00007fff49cf0000 - 0x00007fff49d8d000 	C:\windows\System32\msvcp_win.dll
0x00007fff370e0000 - 0x00007fff3737a000 	C:\windows\WinSxS\amd64_microsoft.windows.common-controls_6595b64144ccf1df_6.0.19041.1110_none_60b5254171f9507e\COMCTL32.dll
0x00007fff3df20000 - 0x00007fff3df2a000 	C:\windows\SYSTEM32\VERSION.dll
0x00007fff4a4b0000 - 0x00007fff4a4e0000 	C:\windows\System32\IMM32.DLL
0x00007fff31f80000 - 0x00007fff31f8c000 	C:\Program Files\Java\jdk-17.0.1\bin\vcruntime140_1.dll
0x00007fff1dc30000 - 0x00007fff1dcbd000 	C:\Program Files\Java\jdk-17.0.1\bin\msvcp140.dll
0x00007fff099b0000 - 0x00007fff0a56e000 	C:\Program Files\Java\jdk-17.0.1\bin\server\jvm.dll
0x00007fff4b5b0000 - 0x00007fff4b5b8000 	C:\windows\System32\PSAPI.DLL
0x00007fff393e0000 - 0x00007fff393e9000 	C:\windows\SYSTEM32\WSOCK32.dll
0x00007fff4a8f0000 - 0x00007fff4a95b000 	C:\windows\System32\WS2_32.dll
0x00007fff39eb0000 - 0x00007fff39ed7000 	C:\windows\SYSTEM32\WINMM.dll
0x00007fff47270000 - 0x00007fff47282000 	C:\windows\SYSTEM32\kernel.appcore.dll
0x00007fff319c0000 - 0x00007fff319ca000 	C:\Program Files\Java\jdk-17.0.1\bin\jimage.dll
0x00007fff38350000 - 0x00007fff38534000 	C:\windows\SYSTEM32\DBGHELP.DLL
0x00007fff381d0000 - 0x00007fff381fc000 	C:\windows\SYSTEM32\dbgcore.DLL
0x00007fff495b0000 - 0x00007fff49632000 	C:\windows\System32\bcryptPrimitives.dll
0x00007fff1b4a0000 - 0x00007fff1b4db000 	C:\Program Files\Java\jdk-17.0.1\bin\jdwp.dll
0x00007fff317a0000 - 0x00007fff317c5000 	C:\Program Files\Java\jdk-17.0.1\bin\java.dll
0x00007fff1db50000 - 0x00007fff1dc26000 	C:\Program Files\Java\jdk-17.0.1\bin\svml.dll
0x00007fff4a9f0000 - 0x00007fff4b134000 	C:\windows\System32\SHELL32.dll
0x00007fff47470000 - 0x00007fff47c04000 	C:\windows\SYSTEM32\windows.storage.dll
0x00007fff4a590000 - 0x00007fff4a8e4000 	C:\windows\System32\combase.dll
0x00007fff48de0000 - 0x00007fff48e0c000 	C:\windows\SYSTEM32\Wldp.dll
0x00007fff4bae0000 - 0x00007fff4bb8d000 	C:\windows\System32\SHCORE.dll
0x00007fff4ba20000 - 0x00007fff4ba75000 	C:\windows\System32\shlwapi.dll
0x00007fff49390000 - 0x00007fff493af000 	C:\windows\SYSTEM32\profapi.dll
0x00007fff31560000 - 0x00007fff3156c000 	C:\Program Files\Java\jdk-17.0.1\bin\dt_socket.dll
0x00007fff48830000 - 0x00007fff4886b000 	C:\windows\SYSTEM32\IPHLPAPI.DLL
0x00007fff48b40000 - 0x00007fff48baa000 	C:\windows\system32\mswsock.dll
0x00007fff31700000 - 0x00007fff31719000 	C:\Program Files\Java\jdk-17.0.1\bin\net.dll
0x00007fff48440000 - 0x00007fff48549000 	C:\windows\SYSTEM32\WINHTTP.dll
0x00007fff316e0000 - 0x00007fff316f5000 	C:\Program Files\Java\jdk-17.0.1\bin\nio.dll
0x00007fff31490000 - 0x00007fff314a8000 	C:\Program Files\Java\jdk-17.0.1\bin\zip.dll
0x00007ffed9f90000 - 0x00007ffeda11f000 	C:\Program Files\Java\jdk-17.0.1\bin\awt.dll
0x00007fff4b950000 - 0x00007fff4ba1d000 	C:\windows\System32\OLEAUT32.dll
0x00007fff46820000 - 0x00007fff468b0000 	C:\windows\SYSTEM32\apphelp.dll
0x00007fff31610000 - 0x00007fff31620000 	C:\Program Files\Java\jdk-17.0.1\bin\verify.dll
0x00007fff48d30000 - 0x00007fff48d48000 	C:\windows\SYSTEM32\CRYPTSP.dll
0x00007fff483b0000 - 0x00007fff483e4000 	C:\windows\system32\rsaenh.dll
0x00007fff49450000 - 0x00007fff49477000 	C:\windows\System32\bcrypt.dll
0x00007fff49350000 - 0x00007fff4937e000 	C:\windows\SYSTEM32\USERENV.dll
0x00007fff48d50000 - 0x00007fff48d5c000 	C:\windows\SYSTEM32\CRYPTBASE.dll
0x00007fff4a9e0000 - 0x00007fff4a9e8000 	C:\windows\System32\NSI.dll
0x00007fff43e50000 - 0x00007fff43e67000 	C:\windows\SYSTEM32\dhcpcsvc6.DLL
0x00007fff43c50000 - 0x00007fff43c6d000 	C:\windows\SYSTEM32\dhcpcsvc.DLL
0x00007fff48870000 - 0x00007fff4893a000 	C:\windows\SYSTEM32\DNSAPI.dll
0x00007fff31520000 - 0x00007fff31529000 	C:\Program Files\Java\jdk-17.0.1\bin\management.dll
0x00007fff30bd0000 - 0x00007fff30bdb000 	C:\Program Files\Java\jdk-17.0.1\bin\management_ext.dll
0x00007fff30b60000 - 0x00007fff30b6e000 	C:\Program Files\Java\jdk-17.0.1\bin\sunmscapi.dll
0x00007fff49740000 - 0x00007fff49896000 	C:\windows\System32\CRYPT32.dll
0x00007fff48e50000 - 0x00007fff48e77000 	C:\windows\SYSTEM32\ncrypt.dll
0x00007fff48e10000 - 0x00007fff48e4b000 	C:\windows\SYSTEM32\NTASN1.dll
0x00007fff30130000 - 0x00007fff30137000 	C:\windows\system32\wshunix.dll
0x00007fff3d7b0000 - 0x00007fff3d7c7000 	C:\windows\system32\napinsp.dll
0x00007fff3d910000 - 0x00007fff3d92b000 	C:\windows\system32\pnrpnsp.dll
0x00007fff3d7d0000 - 0x00007fff3d7e5000 	C:\windows\system32\wshbth.dll
0x00007fff466e0000 - 0x00007fff466fd000 	C:\windows\system32\NLAapi.dll
0x00007fff3d930000 - 0x00007fff3d942000 	C:\windows\System32\winrnr.dll
0x00007fff41e00000 - 0x00007fff41e0a000 	C:\Windows\System32\rasadhlp.dll
0x00007fff44a80000 - 0x00007fff44aff000 	C:\windows\System32\fwpuclnt.dll
0x00007fff46d90000 - 0x00007fff46e2e000 	C:\windows\system32\uxtheme.dll
0x00007fff49e10000 - 0x00007fff49f26000 	C:\windows\System32\MSCTF.dll
0x00007fff4b5c0000 - 0x00007fff4b6ea000 	C:\windows\System32\ole32.dll
0x00007fff18c40000 - 0x00007fff18cc9000 	C:\Program Files\Java\jdk-17.0.1\bin\freetype.dll
0x00007fff09530000 - 0x00007fff095d8000 	C:\Program Files\Java\jdk-17.0.1\bin\fontmanager.dll
0x00007fff47090000 - 0x00007fff470bf000 	C:\windows\system32\DWMAPI.DLL
0x00007fff23180000 - 0x00007fff232a6000 	C:\windows\system32\opengl32.dll
0x00007fff29640000 - 0x00007fff2966c000 	C:\windows\SYSTEM32\GLU32.dll
0x00007fff30a00000 - 0x00007fff30a06000 	C:\Users\slhscs343\AppData\Local\Temp\flatlaf.temp\flatlaf-windows-x86_64-2582809332016000.dll
0x00007fff30790000 - 0x00007fff30797000 	C:\Program Files\Java\jdk-17.0.1\bin\jawt.dll
0x00007fff08670000 - 0x00007fff08799000 	C:\Users\slhscs343\Documents\jcef\java-cef-build-bin\bin\chrome_elf.dll
0x00007ffeb5c10000 - 0x00007ffebf2b3000 	C:\Users\slhscs343\Documents\jcef\java-cef-build-bin\bin\libcef.dll
0x00007fff499b0000 - 0x00007fff49a18000 	C:\windows\System32\WINTRUST.dll
0x00007fff4a330000 - 0x00007fff4a40b000 	C:\windows\System32\COMDLG32.dll
0x00007fff47d60000 - 0x00007fff47e53000 	C:\windows\SYSTEM32\dxgi.dll
0x00007fff44440000 - 0x00007fff44536000 	C:\windows\SYSTEM32\PROPSYS.dll
0x00007fff219a0000 - 0x00007fff21c95000 	C:\windows\SYSTEM32\UIAutomationCore.DLL
0x00007fff417c0000 - 0x00007fff417cc000 	C:\windows\SYSTEM32\Secur32.dll
0x00007fff39ee0000 - 0x00007fff39efa000 	C:\windows\SYSTEM32\NETAPI32.dll
0x00007fff46a00000 - 0x00007fff46a14000 	C:\windows\SYSTEM32\WTSAPI32.dll
0x00007fff2d0c0000 - 0x00007fff2d126000 	C:\windows\SYSTEM32\OLEACC.dll
0x00007fff47c10000 - 0x00007fff47c1d000 	C:\windows\SYSTEM32\HID.DLL
0x00007fff32ee0000 - 0x00007fff3315f000 	C:\windows\SYSTEM32\DWrite.dll
0x00007fff2d170000 - 0x00007fff2d204000 	C:\windows\SYSTEM32\WINSPOOL.DRV
0x00007ffef4670000 - 0x00007ffef483f000 	C:\windows\SYSTEM32\d3d9.dll
0x00007fff31e10000 - 0x00007fff31e34000 	C:\windows\SYSTEM32\dxva2.dll
0x00007fff04790000 - 0x00007fff047a1000 	C:\windows\SYSTEM32\credui.dll
0x00007fff3b9a0000 - 0x00007fff3bb8c000 	C:\windows\SYSTEM32\urlmon.dll
0x00007fff094d0000 - 0x00007fff09521000 	C:\windows\SYSTEM32\CRYPTUI.dll
0x00007fff43a60000 - 0x00007fff43ac5000 	C:\windows\SYSTEM32\wevtapi.dll
0x00007fff2de70000 - 0x00007fff2e346000 	C:\windows\SYSTEM32\WININET.dll
0x00007fff34ab0000 - 0x00007fff34ddb000 	C:\windows\SYSTEM32\ESENT.dll
0x00007fff3b6e0000 - 0x00007fff3b991000 	C:\windows\SYSTEM32\iertutil.dll
0x00007fff3d320000 - 0x00007fff3d348000 	C:\windows\SYSTEM32\srvcli.dll
0x00007fff48940000 - 0x00007fff4894c000 	C:\windows\SYSTEM32\netutils.dll
0x00007fff2ffb0000 - 0x00007fff2ffc9000 	C:\windows\SYSTEM32\USP10.dll
0x00007fff49310000 - 0x00007fff49342000 	C:\windows\SYSTEM32\SSPICLI.DLL
0x00007fff485e0000 - 0x00007fff485f9000 	C:\windows\SYSTEM32\WKSCLI.DLL
0x00007fff3e0d0000 - 0x00007fff3e0e9000 	C:\windows\SYSTEM32\SAMCLI.DLL
0x00007fff48f60000 - 0x00007fff48f72000 	C:\windows\SYSTEM32\MSASN1.dll
0x00007ffed9ba0000 - 0x00007ffed9cd7000 	C:\Users\slhscs343\Documents\jcef\java-cef-build-bin\bin\jcef.dll
0x00007fff49180000 - 0x00007fff4918a000 	C:\windows\SYSTEM32\DPAPI.dll
0x00007fff4a4e0000 - 0x00007fff4a589000 	C:\windows\System32\clbcatq.dll
0x00007fff34630000 - 0x00007fff34729000 	C:\windows\SYSTEM32\textinputframework.dll
0x00007fff46490000 - 0x00007fff46582000 	C:\windows\System32\CoreMessaging.dll
0x00007fff46130000 - 0x00007fff4648e000 	C:\windows\System32\CoreUIComponents.dll
0x00007fff47d20000 - 0x00007fff47d53000 	C:\windows\SYSTEM32\ntmarta.dll
0x00007fff459d0000 - 0x00007fff45b24000 	C:\windows\SYSTEM32\wintypes.dll
0x00007fff47c20000 - 0x00007fff47c43000 	C:\windows\SYSTEM32\gpapi.dll
0x00007fff49240000 - 0x00007fff4929a000 	C:\windows\SYSTEM32\WINSTA.dll
0x00007fff404e0000 - 0x00007fff40565000 	C:\windows\System32\MMDevApi.dll
0x00007fff49120000 - 0x00007fff49153000 	C:\windows\System32\DEVOBJ.dll
0x00007fff496f0000 - 0x00007fff4973e000 	C:\windows\System32\cfgmgr32.dll

dbghelp: loaded successfully - version: 4.0.5 - missing functions: none
symbol engine: initialized successfully - sym options: 0x614 - pdb path: .;C:\Program Files\Java\jdk-17.0.1\bin;C:\windows\SYSTEM32;C:\windows\WinSxS\amd64_microsoft.windows.common-controls_6595b64144ccf1df_6.0.19041.1110_none_60b5254171f9507e;C:\Program Files\Java\jdk-17.0.1\bin\server;C:\Users\slhscs343\AppData\Local\Temp\flatlaf.temp;C:\Users\slhscs343\Documents\jcef\java-cef-build-bin\bin

VM Arguments:
jvm_args: -agentlib:jdwp=transport=dt_socket,server=n,suspend=y,address=127.0.0.1:52264 -Dfile.encoding=windows-1252 -Duser.country=US -Duser.language=en -Duser.variant 
java_command: io.neilshirsat.catan.render.MainFrame
java_class_path (initial): C:\Users\slhscs343\IdeaProjects\Catan-Backend-JVM\build\classes\java\main;C:\Users\slhscs343\IdeaProjects\Catan-Backend-JVM\build\classes\kotlin\main;C:\Users\slhscs343\IdeaProjects\Catan-Backend-JVM\build\resources\main;C:\Users\slhscs343\IdeaProjects\Catan-Backend-JVM\lib\gluegen-rt-natives-windows-amd64.jar;C:\Users\slhscs343\IdeaProjects\Catan-Backend-JVM\lib\gluegen-rt.jar;C:\Users\slhscs343\IdeaProjects\Catan-Backend-JVM\lib\jcef-tests.jar;C:\Users\slhscs343\IdeaProjects\Catan-Backend-JVM\lib\jcef.jar;C:\Users\slhscs343\IdeaProjects\Catan-Backend-JVM\lib\jogl-all-natives-windows-amd64.jar;C:\Users\slhscs343\IdeaProjects\Catan-Backend-JVM\lib\jogl-all.jar;C:\Users\slhscs343\.gradle\caches\modules-2\files-2.1\org.jetbrains.kotlin\kotlin-stdlib\1.5.31\6628d61d0f5603568e72d2d5915d2c034b4f1c55\kotlin-stdlib-1.5.31.jar;C:\Users\slhscs343\.gradle\caches\modules-2\files-2.1\ch.qos.logback\logback-classic\1.2.11\4741689214e9d1e8408b206506cbe76d1c6a7d60\logback-classic-1.2.11.jar;C:\Users\slhscs343\.gradle\caches\modules-2\files-2.1\org.slf4j\slf4j-api\1.7.36\6c62681a2f655b49963a5983b8b0950a6120ae14\slf4j-api-1.7.36.jar;C:\Users\slhscs343\.gradle\caches\modules-2\files-2.1\ch.qos.logback\logback-core\1.2.11\a01230df5ca5c34540cdaa3ad5efb012f1f1f792\logback-core-1.2.11.jar;C:\Users\slhscs343\.gradle\caches\modules-2\files-2.1\com.formdev\flatlaf-intellij-themes\2.1\92055d72182f1cbbe80e461cf4cfc232123f730\flatlaf-intellij-themes-2.1.jar;C:\Users\slhscs343\.gradle\caches\modules-2\files-2.1\com.formdev\flatlaf\2.1\d425a89164bb82e1967f84b6fd3eff5ff9f60ecd\flatlaf-2.1.jar;C:\Users\slhscs343\.gradle\caches\modules-2\files-2.1\io.vertx\vertx-web\4.2.7\a73cede61ace092a117eaa7c7ba261cde77fb5e7\vertx-web-4.2.7.jar;C:\Users\slhscs343\.gradle\caches\modules-2\files-2.1\org.jetbrains\annotations\13.0\919f0dfe192fb4e063e7dacadee7f8bb9a2672a9\annotations-13.0.jar;C:\Users\slhscs343\.gradle\caches\modules-2\files-2.1\org.jetbrains.kotlin\kotlin-stdlib-common
Launcher Type: SUN_STANDARD

[Global flags]
     intx CICompilerCount                          = 3                                         {product} {ergonomic}
     uint ConcGCThreads                            = 1                                         {product} {ergonomic}
     uint G1ConcRefinementThreads                  = 4                                         {product} {ergonomic}
   size_t G1HeapRegionSize                         = 2097152                                   {product} {ergonomic}
    uintx GCDrainStackTargetSize                   = 64                                        {product} {ergonomic}
   size_t InitialHeapSize                          = 268435456                                 {product} {ergonomic}
   size_t MarkStackSize                            = 4194304                                   {product} {ergonomic}
   size_t MaxHeapSize                              = 4265607168                                {product} {ergonomic}
   size_t MaxNewSize                               = 2558525440                                {product} {ergonomic}
   size_t MinHeapDeltaBytes                        = 2097152                                   {product} {ergonomic}
   size_t MinHeapSize                              = 8388608                                   {product} {ergonomic}
    uintx NonNMethodCodeHeapSize                   = 5832780                                {pd product} {ergonomic}
    uintx NonProfiledCodeHeapSize                  = 122912730                              {pd product} {ergonomic}
    uintx ProfiledCodeHeapSize                     = 122912730                              {pd product} {ergonomic}
    uintx ReservedCodeCacheSize                    = 251658240                              {pd product} {ergonomic}
     bool SegmentedCodeCache                       = true                                      {product} {ergonomic}
   size_t SoftMaxHeapSize                          = 4265607168                             {manageable} {ergonomic}
     bool UseCompressedClassPointers               = true                           {product lp64_product} {ergonomic}
     bool UseCompressedOops                        = true                           {product lp64_product} {ergonomic}
     bool UseG1GC                                  = true                                      {product} {ergonomic}
     bool UseLargePagesIndividualAllocation        = false                                  {pd product} {ergonomic}

Logging:
Log output configuration:
 #0: stdout all=warning uptime,level,tags
 #1: stderr all=off uptime,level,tags

Environment Variables:
PATH=C:\Program Files\Common Files\Oracle\Java\javapath;C:\Program Files (x86)\Common Files\Oracle\Java\javapath;C:\windows\system32;C:\windows;C:\windows\System32\Wbem;C:\windows\System32\WindowsPowerShell\v1.0\;C:\windows\System32\OpenSSH\;C:\Program Files\Git\cmd;C:\Program Files\nodejs\;C:\Program Files (x86)\Yarn\bin\;C:\Users\slhscs343\AppData\Local\Microsoft\WindowsApps;C:\Users\slhscs343\Documents\jcef\java-cef-build-bin\bin;C:\Users\slhscs343\AppData\Roaming\npm;C:\Users\slhscs343\AppData\Local\Yarn\bin
USERNAME=slhscs343
OS=Windows_NT
PROCESSOR_IDENTIFIER=Intel64 Family 6 Model 94 Stepping 3, GenuineIntel



---------------  S Y S T E M  ---------------

OS:
 Windows 10 , 64 bit Build 19041 (10.0.19041.1566)
OS uptime: 2 days 23:45 hours

CPU: total 4 (initial active 4) (4 cores per cpu, 1 threads per core) family 6 model 94 stepping 3 microcode 0xcc, cx8, cmov, fxsr, mmx, 3dnowpref, sse, sse2, sse3, ssse3, sse4.1, sse4.2, popcnt, lzcnt, tsc, tscinvbit, avx, avx2, aes, erms, clmul, bmi1, bmi2, rtm, adx, fma, vzeroupper, clflush, clflushopt

Memory: 4k page, system-wide physical 16268M (4666M free)
TotalPageFile size 22156M (AvailPageFile size 5871M)
current process WorkingSet (physical memory assigned to process): 151M, peak: 151M
current process commit charge ("private bytes"): 379M, peak: 386M

vm_info: Java HotSpot(TM) 64-Bit Server VM (17.0.1+12-LTS-39) for windows-amd64 JRE (17.0.1+12-LTS-39), built on Sep 27 2021 18:41:35 by "mach5one" with MS VC++ 16.8 (VS2019)

END.
