#
# A fatal error has been detected by the Java Runtime Environment:
#
#  EXCEPTION_ACCESS_VIOLATION (0xc0000005) at pc=0x00007ffed4b2f247, pid=13664, tid=14356
#
# JRE version: Java(TM) SE Runtime Environment (17.0.1+12) (build 17.0.1+12-LTS-39)
# Java VM: Java HotSpot(TM) 64-Bit Server VM (17.0.1+12-LTS-39, mixed mode, sharing, tiered, compressed oops, compressed class ptrs, g1 gc, windows-amd64)
# Problematic frame:
# C  [jcef.dll+0x2f247]
#
# No core dump will be written. Minidumps are not enabled by default on client versions of Windows
#
# If you would like to submit a bug report, please visit:
#   https://bugreport.java.com/bugreport/crash.jsp
# The crash happened outside the Java Virtual Machine in native code.
# See problematic frame for where to report the bug.
#

---------------  S U M M A R Y ------------

Command Line: -Dfile.encoding=windows-1252 -Duser.country=US -Duser.language=en -Duser.variant io.neilshirsat.catan.render.MainFrame

Host: Intel(R) Core(TM) i5-6500 CPU @ 3.20GHz, 4 cores, 15G,  Windows 10 , 64 bit Build 19041 (10.0.19041.1566)
Time: Wed Apr 20 13:30:07 2022 Central Daylight Time elapsed time: 1986.623589 seconds (0d 0h 33m 6s)

---------------  T H R E A D  ---------------

Current thread (0x000001e39263fc20):  JavaThread "AWT-EventQueue-0" [_thread_in_native, id=14356, stack(0x00000086bb100000,0x00000086bb200000)]

Stack: [0x00000086bb100000,0x00000086bb200000],  sp=0x00000086bb1fed50,  free space=1019k
Native frames: (J=compiled Java code, j=interpreted, Vv=VM code, C=native code)
C  [jcef.dll+0x2f247]

Java frames: (J=compiled Java code, j=interpreted, Vv=VM code)
j  org.cef.CefApp.N_Shutdown()V+0
j  org.cef.CefApp.access$600(Lorg/cef/CefApp;)V+1
j  org.cef.CefApp$5.run()V+31
J 1960 c1 java.awt.event.InvocationEvent.dispatch()V java.desktop@17.0.1 (69 bytes) @ 0x000001e38097481c [0x000001e380974600+0x000000000000021c]
J 1927 c1 java.awt.EventQueue.dispatchEventImpl(Ljava/awt/AWTEvent;Ljava/lang/Object;)V java.desktop@17.0.1 (136 bytes) @ 0x000001e38095a4dc [0x000001e3809589e0+0x0000000000001afc]
J 1881 c1 java.awt.EventQueue$4.run()Ljava/lang/Void; java.desktop@17.0.1 (60 bytes) @ 0x000001e38092a824 [0x000001e38092a6e0+0x0000000000000144]
J 1879 c1 java.awt.EventQueue.dispatchEvent(Ljava/awt/AWTEvent;)V java.desktop@17.0.1 (80 bytes) @ 0x000001e3809282a4 [0x000001e380927ce0+0x00000000000005c4]
J 1891 c1 java.awt.EventDispatchThread.pumpOneEventForFilters(I)V java.desktop@17.0.1 (113 bytes) @ 0x000001e38092ef34 [0x000001e38092e8a0+0x0000000000000694]
j  java.awt.EventDispatchThread.pumpEventsForFilter(ILjava/awt/Conditional;Ljava/awt/EventFilter;)V+35 java.desktop@17.0.1
j  java.awt.EventDispatchThread.pumpEventsForHierarchy(ILjava/awt/Conditional;Ljava/awt/Component;)V+11 java.desktop@17.0.1
j  java.awt.EventDispatchThread.pumpEvents(ILjava/awt/Conditional;)V+4 java.desktop@17.0.1
j  java.awt.EventDispatchThread.pumpEvents(Ljava/awt/Conditional;)V+3 java.desktop@17.0.1
j  java.awt.EventDispatchThread.run()V+9 java.desktop@17.0.1
v  ~StubRoutines::call_stub

siginfo: EXCEPTION_ACCESS_VIOLATION (0xc0000005), reading address 0x0000000000000000


Register to memory mapping:

RIP=0x00007ffed4b2f247 jcef.dll
RAX=0x000001e3925dd510 points into unknown readable memory: 0x000001e3925dd510 | 10 d5 5d 92 e3 01 00 00
RBX={method} {0x000001e39373e760} 'N_Shutdown' '()V' in 'org/cef/CefApp'
RCX=0x00007ffed4c25900 jcef.dll
RDX=0x000001e3925dd510 points into unknown readable memory: 0x000001e3925dd510 | 10 d5 5d 92 e3 01 00 00
RSP=0x00000086bb1fed50 is pointing into the stack for thread: 0x000001e39263fc20
RBP=0x00000086bb1fee28 is pointing into the stack for thread: 0x000001e39263fc20
RSI=0x000000000000002d is an unknown value
RDI=0x0 is NULL
R8 =0x0000000000000009 is an unknown value
R9 =0x00000000000000de is an unknown value
R10=0x000001e38000d5f2 is at code_begin+946 in an Interpreter codelet
method entry point (kind = native)  [0x000001e38000d240, 0x000001e38000dbc0]  2432 bytes
R11=0x0000000000000112 is an unknown value
R12=0x0 is NULL
R13={method} {0x000001e39373e760} 'N_Shutdown' '()V' in 'org/cef/CefApp'
R14=0x00000086bb1fee48 is pointing into the stack for thread: 0x000001e39263fc20
R15=0x000001e39263fc20 is a thread


Registers:
RAX=0x000001e3925dd510, RBX=0x000001e39373e758, RCX=0x00007ffed4c25900, RDX=0x000001e3925dd510
RSP=0x00000086bb1fed50, RBP=0x00000086bb1fee28, RSI=0x000000000000002d, RDI=0x0000000000000000
R8 =0x0000000000000009, R9 =0x00000000000000de, R10=0x000001e38000d5f2, R11=0x0000000000000112
R12=0x0000000000000000, R13=0x000001e39373e758, R14=0x00000086bb1fee48, R15=0x000001e39263fc20
RIP=0x00007ffed4b2f247, EFLAGS=0x0000000000010202

Top of Stack: (sp=0x00000086bb1fed50)
0x00000086bb1fed50:   000001e39373e758 000000000000002d
0x00000086bb1fed60:   00000086bb1feda8 00000008003ebba8
0x00000086bb1fed70:   000001e3800094fe 00007ffed4b01621
0x00000086bb1fed80:   000001e39373e758 0000000000000000
0x00000086bb1fed90:   00000086bb1feda8 00000086bb1fee08
0x00000086bb1feda0:   000001e3800094fe 000001e38000d621
0x00000086bb1fedb0:   0000000000000009 0000000000000000
0x00000086bb1fedc0:   00000086bb1fedb0 0000000800af387c
0x00000086bb1fedd0:   00000086bb1fee30 00000008003f40b8
0x00000086bb1fede0:   00000086bb1fede0 0000000000000000
0x00000086bb1fedf0:   00000086bb1fee48 000001e393744358
0x00000086bb1fee00:   0000000000000000 00000007082f5d78
0x00000086bb1fee10:   000001e39373e758 0000000000000000
0x00000086bb1fee20:   00000086bb1fee48 00000086bb1fee98
0x00000086bb1fee30:   000001e3800094fe 0000000000000000
0x00000086bb1fee40:   000001e38000af78 00000007082f6308 

Instructions: (pc=0x00007ffed4b2f247)
0x00007ffed4b2f147:   55 ff 48 8b cb e8 1f 42 fe ff 48 89 45 1f 48 8b
0x00007ffed4b2f157:   03 48 8b cb ff 50 78 48 85 c0 74 19 48 8b 03 48
0x00007ffed4b2f167:   8b cb ff 90 80 00 00 00 48 8b 03 48 8b cb ff 90
0x00007ffed4b2f177:   88 00 00 00 90 48 89 7d 2f 48 8b 55 3f 48 85 d2
0x00007ffed4b2f187:   74 14 80 7d 47 00 74 0e 48 8b 4d 37 48 8b 01 ff
0x00007ffed4b2f197:   90 b8 00 00 00 90 48 8b 55 ff 4c 8b 45 1f 4d 85
0x00007ffed4b2f1a7:   c0 75 04 32 db eb 15 49 8b d0 48 8b cb e8 87 f0
0x00007ffed4b2f1b7:   00 00 b3 01 48 8b 55 ff 4c 8b 45 1f 48 8d 05 26
0x00007ffed4b2f1c7:   c7 09 00 48 89 45 0f 4d 85 c0 74 1a 80 7d 27 00
0x00007ffed4b2f1d7:   74 14 48 8b 4d 17 48 8b 01 49 8b d0 ff 90 b8 00
0x00007ffed4b2f1e7:   00 00 48 8b 55 ff 48 89 7d ef 48 85 d2 74 15 80
0x00007ffed4b2f1f7:   7d 07 00 74 0f 48 8b 4d f7 4c 8b 01 41 ff 90 b8
0x00007ffed4b2f207:   00 00 00 90 0f b6 c3 4c 8d 9c 24 90 00 00 00 49
0x00007ffed4b2f217:   8b 5b 10 49 8b 7b 20 49 8b e3 5d c3 cc cc cc cc
0x00007ffed4b2f227:   cc cc cc cc cc cc cc cc cc 48 89 5c 24 08 57 48
0x00007ffed4b2f237:   83 ec 20 48 8b f9 e8 4e 2d 02 00 e8 89 14 ff ff
0x00007ffed4b2f247:   80 3f 00 74 10 bb 0a 00 00 00 e8 7a 2d 02 00 48
0x00007ffed4b2f257:   83 eb 01 75 f5 48 8b 5f 08 48 c7 47 08 00 00 00
0x00007ffed4b2f267:   00 48 85 db 74 15 48 8b cb e8 1b 0f 02 00 ba 08
0x00007ffed4b2f277:   00 00 00 48 8b cb e8 f2 b7 05 00 48 c7 47 08 00
0x00007ffed4b2f287:   00 00 00 48 8b 5c 24 30 48 83 c4 20 5f e9 c7 31
0x00007ffed4b2f297:   02 00 cc cc cc cc cc cc cc 48 89 5c 24 08 48 89
0x00007ffed4b2f2a7:   74 24 10 57 48 83 ec 20 8b 41 08 48 8b fa 41 0f
0x00007ffed4b2f2b7:   b6 d8 48 8b f1 89 42 08 4c 8d 42 10 48 8b 51 18
0x00007ffed4b2f2c7:   44 8b cb 48 8b 49 10 e8 8a 2c 02 00 48 8b 56 30
0x00007ffed4b2f2d7:   4c 8d 47 28 48 8b 4e 28 44 8b cb e8 76 2c 02 00
0x00007ffed4b2f2e7:   48 8b 56 48 4c 8d 47 40 48 8b 4e 40 44 8b cb e8
0x00007ffed4b2f2f7:   62 2c 02 00 8b 46 58 4c 8d 47 70 89 47 58 44 8b
0x00007ffed4b2f307:   cb 8b 46 5c 89 47 5c 8b 46 60 89 47 60 8b 46 64
0x00007ffed4b2f317:   89 47 64 8b 46 68 89 47 68 48 8b 56 78 48 8b 4e
0x00007ffed4b2f327:   70 e8 30 2c 02 00 48 8b 96 90 00 00 00 4c 8d 87
0x00007ffed4b2f337:   88 00 00 00 48 8b 8e 88 00 00 00 44 8b cb e8 13 


Stack slot to memory mapping:
stack at sp + 0 slots: {method} {0x000001e39373e760} 'N_Shutdown' '()V' in 'org/cef/CefApp'
stack at sp + 1 slots: 0x000000000000002d is an unknown value
stack at sp + 2 slots: 0x00000086bb1feda8 is pointing into the stack for thread: 0x000001e39263fc20
stack at sp + 3 slots: 0x00000008003ebba8 is pointing into metadata
stack at sp + 4 slots: 0x000001e3800094fe is at code_begin+1118 in an Interpreter codelet
return entry points  [0x000001e3800090a0, 0x000001e380009ba0]  2816 bytes
stack at sp + 5 slots: 0x00007ffed4b01621 jcef.dll
stack at sp + 6 slots: {method} {0x000001e39373e760} 'N_Shutdown' '()V' in 'org/cef/CefApp'
stack at sp + 7 slots: 0x0 is NULL


---------------  P R O C E S S  ---------------

Threads class SMR info:
_java_thread_list=0x000001e3929373d0, length=21, elements={
0x000001e3ff7ad0a0, 0x000001e3ff7ade20, 0x000001e3ff7c3f60, 0x000001e3ff7c4820,
0x000001e3ff7c50e0, 0x000001e3ff7c59a0, 0x000001e3ff7c7790, 0x000001e3ff7d5c80,
0x000001e3ff80e940, 0x000001e3ffa1f290, 0x000001e3ffa23750, 0x000001e391d3ce20,
0x000001e391f8ca80, 0x000001e392495980, 0x000001e391f8b5a0, 0x000001e392c40c50,
0x000001e391b209a0, 0x000001e392a2a8f0, 0x000001e39263fc20, 0x000001e391e892f0,
0x000001e391e88950
}

Java Threads: ( => current thread )
  0x000001e3ff7ad0a0 JavaThread "Reference Handler" daemon [_thread_blocked, id=11972, stack(0x00000086b9900000,0x00000086b9a00000)]
  0x000001e3ff7ade20 JavaThread "Finalizer" daemon [_thread_blocked, id=14148, stack(0x00000086b9a00000,0x00000086b9b00000)]
  0x000001e3ff7c3f60 JavaThread "Signal Dispatcher" daemon [_thread_blocked, id=4056, stack(0x00000086b9b00000,0x00000086b9c00000)]
  0x000001e3ff7c4820 JavaThread "Attach Listener" daemon [_thread_blocked, id=1752, stack(0x00000086b9c00000,0x00000086b9d00000)]
  0x000001e3ff7c50e0 JavaThread "Service Thread" daemon [_thread_blocked, id=12528, stack(0x00000086b9d00000,0x00000086b9e00000)]
  0x000001e3ff7c59a0 JavaThread "Monitor Deflation Thread" daemon [_thread_blocked, id=12488, stack(0x00000086b9e00000,0x00000086b9f00000)]
  0x000001e3ff7c7790 JavaThread "C2 CompilerThread0" daemon [_thread_blocked, id=12228, stack(0x00000086b9f00000,0x00000086ba000000)]
  0x000001e3ff7d5c80 JavaThread "C1 CompilerThread0" daemon [_thread_blocked, id=10104, stack(0x00000086ba000000,0x00000086ba100000)]
  0x000001e3ff80e940 JavaThread "Sweeper thread" daemon [_thread_blocked, id=7184, stack(0x00000086ba100000,0x00000086ba200000)]
  0x000001e3ffa1f290 JavaThread "Notification Thread" daemon [_thread_blocked, id=11324, stack(0x00000086ba200000,0x00000086ba300000)]
  0x000001e3ffa23750 JavaThread "Common-Cleaner" daemon [_thread_blocked, id=5704, stack(0x00000086ba400000,0x00000086ba500000)]
  0x000001e391d3ce20 JavaThread "vertx-blocked-thread-checker" daemon [_thread_blocked, id=3952, stack(0x00000086ba900000,0x00000086baa00000)]
  0x000001e391f8ca80 JavaThread "Thread-2" daemon [_thread_in_native, id=11740, stack(0x00000086bab00000,0x00000086bac00000)]
  0x000001e392495980 JavaThread "vert.x-acceptor-thread-0" [_thread_in_native, id=7768, stack(0x00000086bac00000,0x00000086bad00000)]
  0x000001e391f8b5a0 JavaThread "vert.x-eventloop-thread-0" [_thread_in_native, id=3220, stack(0x00000086bad00000,0x00000086bae00000)]
  0x000001e392c40c50 JavaThread "Java2D Disposer" daemon [_thread_blocked, id=15448, stack(0x00000086bae00000,0x00000086baf00000)]
  0x000001e391b209a0 JavaThread "AWT-Shutdown" [_thread_blocked, id=13188, stack(0x00000086baf00000,0x00000086bb000000)]
  0x000001e392a2a8f0 JavaThread "AWT-Windows" daemon [_thread_in_native, id=6208, stack(0x00000086bb000000,0x00000086bb100000)]
=>0x000001e39263fc20 JavaThread "AWT-EventQueue-0" [_thread_in_native, id=14356, stack(0x00000086bb100000,0x00000086bb200000)]
  0x000001e391e892f0 JavaThread "DestroyJavaVM" [_thread_blocked, id=5592, stack(0x00000086b9200000,0x00000086b9300000)]
  0x000001e391e88950 JavaThread "TimerQueue" daemon [_thread_blocked, id=888, stack(0x00000086bc700000,0x00000086bc800000)]

Other Threads:
  0x000001e3ff7a58c0 VMThread "VM Thread" [stack: 0x00000086b9800000,0x00000086b9900000] [id=14572]
  0x000001e3ec4d19a0 WatcherThread [stack: 0x00000086ba300000,0x00000086ba400000] [id=8524]
  0x000001e3ec4b0e20 GCTaskThread "GC Thread#0" [stack: 0x00000086b9300000,0x00000086b9400000] [id=6132]
  0x000001e391ca1090 GCTaskThread "GC Thread#1" [stack: 0x00000086ba500000,0x00000086ba600000] [id=11248]
  0x000001e391ca1340 GCTaskThread "GC Thread#2" [stack: 0x00000086ba600000,0x00000086ba700000] [id=3064]
  0x000001e391ca15f0 GCTaskThread "GC Thread#3" [stack: 0x00000086ba700000,0x00000086ba800000] [id=2172]
  0x000001e3ec4c3ed0 ConcurrentGCThread "G1 Main Marker" [stack: 0x00000086b9400000,0x00000086b9500000] [id=9036]
  0x000001e3ec4c4f90 ConcurrentGCThread "G1 Conc#0" [stack: 0x00000086b9500000,0x00000086b9600000] [id=14956]
  0x000001e3ff6720c0 ConcurrentGCThread "G1 Refine#0" [stack: 0x00000086b9600000,0x00000086b9700000] [id=14624]
  0x000001e391d28010 ConcurrentGCThread "G1 Refine#1" [stack: 0x00000086ba800000,0x00000086ba900000] [id=6176]
  0x000001e3ff6729f0 ConcurrentGCThread "G1 Service" [stack: 0x00000086b9700000,0x00000086b9800000] [id=2820]

Threads with active compile tasks:

VM state: not at safepoint (normal execution)

VM Mutex/Monitor currently owned by a thread: None

Heap address: 0x0000000701c00000, size: 4068 MB, Compressed Oops mode: Zero based, Oop shift amount: 3

CDS archive(s) mapped at: [0x0000000800000000-0x0000000800bc0000-0x0000000800bc0000), size 12320768, SharedBaseAddress: 0x0000000800000000, ArchiveRelocationMode: 0.
Compressed class space mapped at: 0x0000000800c00000-0x0000000840c00000, reserved size: 1073741824
Narrow klass base: 0x0000000800000000, Narrow klass shift: 0, Narrow klass range: 0x100000000

GC Precious Log:
 CPUs: 4 total, 4 available
 Memory: 16268M
 Large Page Support: Disabled
 NUMA Support: Disabled
 Compressed Oops: Enabled (Zero based)
 Heap Region Size: 2M
 Heap Min Capacity: 8M
 Heap Initial Capacity: 256M
 Heap Max Capacity: 4068M
 Pre-touch: Disabled
 Parallel Workers: 4
 Concurrent Workers: 1
 Concurrent Refinement Workers: 4
 Periodic GC: Disabled

Heap:
 garbage-first heap   total 262144K, used 31237K [0x0000000701c00000, 0x0000000800000000)
  region size 2048K, 11 young (22528K), 2 survivors (4096K)
 Metaspace       used 17571K, committed 17792K, reserved 1064960K
  class space    used 2001K, committed 2112K, reserved 1048576K

Heap Regions: E=young(eden), S=young(survivor), O=old, HS=humongous(starts), HC=humongous(continues), CS=collection set, F=free, OA=open archive, CA=closed archive, TAMS=top-at-mark-start (previous, next)
|   0|0x0000000701c00000, 0x0000000701e00000, 0x0000000701e00000|100%| O|  |TAMS 0x0000000701c00000, 0x0000000701c00000| Untracked 
|   1|0x0000000701e00000, 0x0000000701f75e00, 0x0000000702000000| 73%| O|  |TAMS 0x0000000701e00000, 0x0000000701e00000| Untracked 
|   2|0x0000000702000000, 0x0000000702000000, 0x0000000702200000|  0%| F|  |TAMS 0x0000000702000000, 0x0000000702000000| Untracked 
|   3|0x0000000702200000, 0x0000000702400000, 0x0000000702400000|100%|HS|  |TAMS 0x0000000702200000, 0x0000000702200000| Complete 
|   4|0x0000000702400000, 0x0000000702600000, 0x0000000702600000|100%|HC|  |TAMS 0x0000000702400000, 0x0000000702400000| Complete 
|   5|0x0000000702600000, 0x0000000702800000, 0x0000000702800000|100%|HC|  |TAMS 0x0000000702600000, 0x0000000702600000| Complete 
|   6|0x0000000702800000, 0x0000000702a00000, 0x0000000702a00000|100%|HC|  |TAMS 0x0000000702800000, 0x0000000702800000| Complete 
|   7|0x0000000702a00000, 0x0000000702a00000, 0x0000000702c00000|  0%| F|  |TAMS 0x0000000702a00000, 0x0000000702a00000| Untracked 
|   8|0x0000000702c00000, 0x0000000702c00000, 0x0000000702e00000|  0%| F|  |TAMS 0x0000000702c00000, 0x0000000702c00000| Untracked 
|   9|0x0000000702e00000, 0x0000000702e00000, 0x0000000703000000|  0%| F|  |TAMS 0x0000000702e00000, 0x0000000702e00000| Untracked 
|  10|0x0000000703000000, 0x0000000703000000, 0x0000000703200000|  0%| F|  |TAMS 0x0000000703000000, 0x0000000703000000| Untracked 
|  11|0x0000000703200000, 0x0000000703200000, 0x0000000703400000|  0%| F|  |TAMS 0x0000000703200000, 0x0000000703200000| Untracked 
|  12|0x0000000703400000, 0x0000000703400000, 0x0000000703600000|  0%| F|  |TAMS 0x0000000703400000, 0x0000000703400000| Untracked 
|  13|0x0000000703600000, 0x0000000703600000, 0x0000000703800000|  0%| F|  |TAMS 0x0000000703600000, 0x0000000703600000| Untracked 
|  14|0x0000000703800000, 0x0000000703800000, 0x0000000703a00000|  0%| F|  |TAMS 0x0000000703800000, 0x0000000703800000| Untracked 
|  15|0x0000000703a00000, 0x0000000703a00000, 0x0000000703c00000|  0%| F|  |TAMS 0x0000000703a00000, 0x0000000703a00000| Untracked 
|  16|0x0000000703c00000, 0x0000000703c00000, 0x0000000703e00000|  0%| F|  |TAMS 0x0000000703c00000, 0x0000000703c00000| Untracked 
|  17|0x0000000703e00000, 0x0000000703e00000, 0x0000000704000000|  0%| F|  |TAMS 0x0000000703e00000, 0x0000000703e00000| Untracked 
|  18|0x0000000704000000, 0x0000000704000000, 0x0000000704200000|  0%| F|  |TAMS 0x0000000704000000, 0x0000000704000000| Untracked 
|  19|0x0000000704200000, 0x0000000704200000, 0x0000000704400000|  0%| F|  |TAMS 0x0000000704200000, 0x0000000704200000| Untracked 
|  20|0x0000000704400000, 0x0000000704400000, 0x0000000704600000|  0%| F|  |TAMS 0x0000000704400000, 0x0000000704400000| Untracked 
|  21|0x0000000704600000, 0x0000000704600000, 0x0000000704800000|  0%| F|  |TAMS 0x0000000704600000, 0x0000000704600000| Untracked 
|  22|0x0000000704800000, 0x0000000704800000, 0x0000000704a00000|  0%| F|  |TAMS 0x0000000704800000, 0x0000000704800000| Untracked 
|  23|0x0000000704a00000, 0x0000000704a00000, 0x0000000704c00000|  0%| F|  |TAMS 0x0000000704a00000, 0x0000000704a00000| Untracked 
|  24|0x0000000704c00000, 0x0000000704c00000, 0x0000000704e00000|  0%| F|  |TAMS 0x0000000704c00000, 0x0000000704c00000| Untracked 
|  25|0x0000000704e00000, 0x0000000704e00000, 0x0000000705000000|  0%| F|  |TAMS 0x0000000704e00000, 0x0000000704e00000| Untracked 
|  26|0x0000000705000000, 0x0000000705000000, 0x0000000705200000|  0%| F|  |TAMS 0x0000000705000000, 0x0000000705000000| Untracked 
|  27|0x0000000705200000, 0x0000000705200000, 0x0000000705400000|  0%| F|  |TAMS 0x0000000705200000, 0x0000000705200000| Untracked 
|  28|0x0000000705400000, 0x0000000705400000, 0x0000000705600000|  0%| F|  |TAMS 0x0000000705400000, 0x0000000705400000| Untracked 
|  29|0x0000000705600000, 0x0000000705600000, 0x0000000705800000|  0%| F|  |TAMS 0x0000000705600000, 0x0000000705600000| Untracked 
|  30|0x0000000705800000, 0x0000000705800000, 0x0000000705a00000|  0%| F|  |TAMS 0x0000000705800000, 0x0000000705800000| Untracked 
|  31|0x0000000705a00000, 0x0000000705a00000, 0x0000000705c00000|  0%| F|  |TAMS 0x0000000705a00000, 0x0000000705a00000| Untracked 
|  32|0x0000000705c00000, 0x0000000705c00000, 0x0000000705e00000|  0%| F|  |TAMS 0x0000000705c00000, 0x0000000705c00000| Untracked 
|  33|0x0000000705e00000, 0x0000000705e00000, 0x0000000706000000|  0%| F|  |TAMS 0x0000000705e00000, 0x0000000705e00000| Untracked 
|  34|0x0000000706000000, 0x0000000706000000, 0x0000000706200000|  0%| F|  |TAMS 0x0000000706000000, 0x0000000706000000| Untracked 
|  35|0x0000000706200000, 0x0000000706200000, 0x0000000706400000|  0%| F|  |TAMS 0x0000000706200000, 0x0000000706200000| Untracked 
|  36|0x0000000706400000, 0x0000000706400000, 0x0000000706600000|  0%| F|  |TAMS 0x0000000706400000, 0x0000000706400000| Untracked 
|  37|0x0000000706600000, 0x0000000706600000, 0x0000000706800000|  0%| F|  |TAMS 0x0000000706600000, 0x0000000706600000| Untracked 
|  38|0x0000000706800000, 0x0000000706800000, 0x0000000706a00000|  0%| F|  |TAMS 0x0000000706800000, 0x0000000706800000| Untracked 
|  39|0x0000000706a00000, 0x0000000706a00000, 0x0000000706c00000|  0%| F|  |TAMS 0x0000000706a00000, 0x0000000706a00000| Untracked 
|  40|0x0000000706c00000, 0x0000000706c00000, 0x0000000706e00000|  0%| F|  |TAMS 0x0000000706c00000, 0x0000000706c00000| Untracked 
|  41|0x0000000706e00000, 0x0000000706e00000, 0x0000000707000000|  0%| F|  |TAMS 0x0000000706e00000, 0x0000000706e00000| Untracked 
|  42|0x0000000707000000, 0x0000000707000000, 0x0000000707200000|  0%| F|  |TAMS 0x0000000707000000, 0x0000000707000000| Untracked 
|  43|0x0000000707200000, 0x0000000707200000, 0x0000000707400000|  0%| F|  |TAMS 0x0000000707200000, 0x0000000707200000| Untracked 
|  44|0x0000000707400000, 0x0000000707400000, 0x0000000707600000|  0%| F|  |TAMS 0x0000000707400000, 0x0000000707400000| Untracked 
|  45|0x0000000707600000, 0x0000000707600000, 0x0000000707800000|  0%| F|  |TAMS 0x0000000707600000, 0x0000000707600000| Untracked 
|  46|0x0000000707800000, 0x0000000707800000, 0x0000000707a00000|  0%| F|  |TAMS 0x0000000707800000, 0x0000000707800000| Untracked 
|  47|0x0000000707a00000, 0x0000000707a00000, 0x0000000707c00000|  0%| F|  |TAMS 0x0000000707a00000, 0x0000000707a00000| Untracked 
|  48|0x0000000707c00000, 0x0000000707c00000, 0x0000000707e00000|  0%| F|  |TAMS 0x0000000707c00000, 0x0000000707c00000| Untracked 
|  49|0x0000000707e00000, 0x0000000707e00000, 0x0000000708000000|  0%| F|  |TAMS 0x0000000707e00000, 0x0000000707e00000| Untracked 
|  50|0x0000000708000000, 0x000000070810b6b0, 0x0000000708200000| 52%| S|CS|TAMS 0x0000000708000000, 0x0000000708000000| Complete 
|  51|0x0000000708200000, 0x0000000708400000, 0x0000000708400000|100%| S|CS|TAMS 0x0000000708200000, 0x0000000708200000| Complete 
|  52|0x0000000708400000, 0x0000000708400000, 0x0000000708600000|  0%| F|  |TAMS 0x0000000708400000, 0x0000000708400000| Untracked 
|  53|0x0000000708600000, 0x0000000708600000, 0x0000000708800000|  0%| F|  |TAMS 0x0000000708600000, 0x0000000708600000| Untracked 
|  54|0x0000000708800000, 0x0000000708800000, 0x0000000708a00000|  0%| F|  |TAMS 0x0000000708800000, 0x0000000708800000| Untracked 
|  55|0x0000000708a00000, 0x0000000708a00000, 0x0000000708c00000|  0%| F|  |TAMS 0x0000000708a00000, 0x0000000708a00000| Untracked 
|  56|0x0000000708c00000, 0x0000000708c00000, 0x0000000708e00000|  0%| F|  |TAMS 0x0000000708c00000, 0x0000000708c00000| Untracked 
|  57|0x0000000708e00000, 0x0000000708e00000, 0x0000000709000000|  0%| F|  |TAMS 0x0000000708e00000, 0x0000000708e00000| Untracked 
|  58|0x0000000709000000, 0x0000000709000000, 0x0000000709200000|  0%| F|  |TAMS 0x0000000709000000, 0x0000000709000000| Untracked 
|  59|0x0000000709200000, 0x0000000709200000, 0x0000000709400000|  0%| F|  |TAMS 0x0000000709200000, 0x0000000709200000| Untracked 
|  60|0x0000000709400000, 0x0000000709400000, 0x0000000709600000|  0%| F|  |TAMS 0x0000000709400000, 0x0000000709400000| Untracked 
|  61|0x0000000709600000, 0x0000000709600000, 0x0000000709800000|  0%| F|  |TAMS 0x0000000709600000, 0x0000000709600000| Untracked 
|  62|0x0000000709800000, 0x0000000709800000, 0x0000000709a00000|  0%| F|  |TAMS 0x0000000709800000, 0x0000000709800000| Untracked 
|  63|0x0000000709a00000, 0x0000000709a00000, 0x0000000709c00000|  0%| F|  |TAMS 0x0000000709a00000, 0x0000000709a00000| Untracked 
|  64|0x0000000709c00000, 0x0000000709c00000, 0x0000000709e00000|  0%| F|  |TAMS 0x0000000709c00000, 0x0000000709c00000| Untracked 
|  65|0x0000000709e00000, 0x0000000709e00000, 0x000000070a000000|  0%| F|  |TAMS 0x0000000709e00000, 0x0000000709e00000| Untracked 
|  66|0x000000070a000000, 0x000000070a000000, 0x000000070a200000|  0%| F|  |TAMS 0x000000070a000000, 0x000000070a000000| Untracked 
|  67|0x000000070a200000, 0x000000070a200000, 0x000000070a400000|  0%| F|  |TAMS 0x000000070a200000, 0x000000070a200000| Untracked 
|  68|0x000000070a400000, 0x000000070a400000, 0x000000070a600000|  0%| F|  |TAMS 0x000000070a400000, 0x000000070a400000| Untracked 
|  69|0x000000070a600000, 0x000000070a600000, 0x000000070a800000|  0%| F|  |TAMS 0x000000070a600000, 0x000000070a600000| Untracked 
|  70|0x000000070a800000, 0x000000070a800000, 0x000000070aa00000|  0%| F|  |TAMS 0x000000070a800000, 0x000000070a800000| Untracked 
|  71|0x000000070aa00000, 0x000000070aa00000, 0x000000070ac00000|  0%| F|  |TAMS 0x000000070aa00000, 0x000000070aa00000| Untracked 
|  72|0x000000070ac00000, 0x000000070ac00000, 0x000000070ae00000|  0%| F|  |TAMS 0x000000070ac00000, 0x000000070ac00000| Untracked 
|  73|0x000000070ae00000, 0x000000070ae00000, 0x000000070b000000|  0%| F|  |TAMS 0x000000070ae00000, 0x000000070ae00000| Untracked 
|  74|0x000000070b000000, 0x000000070b000000, 0x000000070b200000|  0%| F|  |TAMS 0x000000070b000000, 0x000000070b000000| Untracked 
|  75|0x000000070b200000, 0x000000070b200000, 0x000000070b400000|  0%| F|  |TAMS 0x000000070b200000, 0x000000070b200000| Untracked 
|  76|0x000000070b400000, 0x000000070b400000, 0x000000070b600000|  0%| F|  |TAMS 0x000000070b400000, 0x000000070b400000| Untracked 
|  77|0x000000070b600000, 0x000000070b600000, 0x000000070b800000|  0%| F|  |TAMS 0x000000070b600000, 0x000000070b600000| Untracked 
|  78|0x000000070b800000, 0x000000070b800000, 0x000000070ba00000|  0%| F|  |TAMS 0x000000070b800000, 0x000000070b800000| Untracked 
|  79|0x000000070ba00000, 0x000000070ba00000, 0x000000070bc00000|  0%| F|  |TAMS 0x000000070ba00000, 0x000000070ba00000| Untracked 
|  80|0x000000070bc00000, 0x000000070bc00000, 0x000000070be00000|  0%| F|  |TAMS 0x000000070bc00000, 0x000000070bc00000| Untracked 
|  81|0x000000070be00000, 0x000000070be00000, 0x000000070c000000|  0%| F|  |TAMS 0x000000070be00000, 0x000000070be00000| Untracked 
|  82|0x000000070c000000, 0x000000070c000000, 0x000000070c200000|  0%| F|  |TAMS 0x000000070c000000, 0x000000070c000000| Untracked 
|  83|0x000000070c200000, 0x000000070c200000, 0x000000070c400000|  0%| F|  |TAMS 0x000000070c200000, 0x000000070c200000| Untracked 
|  84|0x000000070c400000, 0x000000070c400000, 0x000000070c600000|  0%| F|  |TAMS 0x000000070c400000, 0x000000070c400000| Untracked 
|  85|0x000000070c600000, 0x000000070c600000, 0x000000070c800000|  0%| F|  |TAMS 0x000000070c600000, 0x000000070c600000| Untracked 
|  86|0x000000070c800000, 0x000000070c800000, 0x000000070ca00000|  0%| F|  |TAMS 0x000000070c800000, 0x000000070c800000| Untracked 
|  87|0x000000070ca00000, 0x000000070ca00000, 0x000000070cc00000|  0%| F|  |TAMS 0x000000070ca00000, 0x000000070ca00000| Untracked 
|  88|0x000000070cc00000, 0x000000070cc00000, 0x000000070ce00000|  0%| F|  |TAMS 0x000000070cc00000, 0x000000070cc00000| Untracked 
|  89|0x000000070ce00000, 0x000000070ce00000, 0x000000070d000000|  0%| F|  |TAMS 0x000000070ce00000, 0x000000070ce00000| Untracked 
|  90|0x000000070d000000, 0x000000070d000000, 0x000000070d200000|  0%| F|  |TAMS 0x000000070d000000, 0x000000070d000000| Untracked 
|  91|0x000000070d200000, 0x000000070d200000, 0x000000070d400000|  0%| F|  |TAMS 0x000000070d200000, 0x000000070d200000| Untracked 
|  92|0x000000070d400000, 0x000000070d400000, 0x000000070d600000|  0%| F|  |TAMS 0x000000070d400000, 0x000000070d400000| Untracked 
|  93|0x000000070d600000, 0x000000070d600000, 0x000000070d800000|  0%| F|  |TAMS 0x000000070d600000, 0x000000070d600000| Untracked 
|  94|0x000000070d800000, 0x000000070d800000, 0x000000070da00000|  0%| F|  |TAMS 0x000000070d800000, 0x000000070d800000| Untracked 
|  95|0x000000070da00000, 0x000000070da00000, 0x000000070dc00000|  0%| F|  |TAMS 0x000000070da00000, 0x000000070da00000| Untracked 
|  96|0x000000070dc00000, 0x000000070dc00000, 0x000000070de00000|  0%| F|  |TAMS 0x000000070dc00000, 0x000000070dc00000| Untracked 
|  97|0x000000070de00000, 0x000000070de00000, 0x000000070e000000|  0%| F|  |TAMS 0x000000070de00000, 0x000000070de00000| Untracked 
|  98|0x000000070e000000, 0x000000070e000000, 0x000000070e200000|  0%| F|  |TAMS 0x000000070e000000, 0x000000070e000000| Untracked 
|  99|0x000000070e200000, 0x000000070e200000, 0x000000070e400000|  0%| F|  |TAMS 0x000000070e200000, 0x000000070e200000| Untracked 
| 100|0x000000070e400000, 0x000000070e400000, 0x000000070e600000|  0%| F|  |TAMS 0x000000070e400000, 0x000000070e400000| Untracked 
| 101|0x000000070e600000, 0x000000070e600000, 0x000000070e800000|  0%| F|  |TAMS 0x000000070e600000, 0x000000070e600000| Untracked 
| 102|0x000000070e800000, 0x000000070e800000, 0x000000070ea00000|  0%| F|  |TAMS 0x000000070e800000, 0x000000070e800000| Untracked 
| 103|0x000000070ea00000, 0x000000070ea00000, 0x000000070ec00000|  0%| F|  |TAMS 0x000000070ea00000, 0x000000070ea00000| Untracked 
| 104|0x000000070ec00000, 0x000000070ec00000, 0x000000070ee00000|  0%| F|  |TAMS 0x000000070ec00000, 0x000000070ec00000| Untracked 
| 105|0x000000070ee00000, 0x000000070ee00000, 0x000000070f000000|  0%| F|  |TAMS 0x000000070ee00000, 0x000000070ee00000| Untracked 
| 106|0x000000070f000000, 0x000000070f000000, 0x000000070f200000|  0%| F|  |TAMS 0x000000070f000000, 0x000000070f000000| Untracked 
| 107|0x000000070f200000, 0x000000070f200000, 0x000000070f400000|  0%| F|  |TAMS 0x000000070f200000, 0x000000070f200000| Untracked 
| 108|0x000000070f400000, 0x000000070f400000, 0x000000070f600000|  0%| F|  |TAMS 0x000000070f400000, 0x000000070f400000| Untracked 
| 109|0x000000070f600000, 0x000000070f600000, 0x000000070f800000|  0%| F|  |TAMS 0x000000070f600000, 0x000000070f600000| Untracked 
| 110|0x000000070f800000, 0x000000070f800000, 0x000000070fa00000|  0%| F|  |TAMS 0x000000070f800000, 0x000000070f800000| Untracked 
| 111|0x000000070fa00000, 0x000000070fa00000, 0x000000070fc00000|  0%| F|  |TAMS 0x000000070fa00000, 0x000000070fa00000| Untracked 
| 112|0x000000070fc00000, 0x000000070fc00000, 0x000000070fe00000|  0%| F|  |TAMS 0x000000070fc00000, 0x000000070fc00000| Untracked 
| 113|0x000000070fe00000, 0x000000070fe00000, 0x0000000710000000|  0%| F|  |TAMS 0x000000070fe00000, 0x000000070fe00000| Untracked 
| 114|0x0000000710000000, 0x0000000710000000, 0x0000000710200000|  0%| F|  |TAMS 0x0000000710000000, 0x0000000710000000| Untracked 
| 115|0x0000000710200000, 0x0000000710200000, 0x0000000710400000|  0%| F|  |TAMS 0x0000000710200000, 0x0000000710200000| Untracked 
| 116|0x0000000710400000, 0x0000000710400000, 0x0000000710600000|  0%| F|  |TAMS 0x0000000710400000, 0x0000000710400000| Untracked 
| 117|0x0000000710600000, 0x0000000710600000, 0x0000000710800000|  0%| F|  |TAMS 0x0000000710600000, 0x0000000710600000| Untracked 
| 118|0x0000000710800000, 0x0000000710800000, 0x0000000710a00000|  0%| F|  |TAMS 0x0000000710800000, 0x0000000710800000| Untracked 
| 119|0x0000000710a00000, 0x0000000710a98240, 0x0000000710c00000| 29%| E|  |TAMS 0x0000000710a00000, 0x0000000710a00000| Complete 
| 120|0x0000000710c00000, 0x0000000710e00000, 0x0000000710e00000|100%| E|CS|TAMS 0x0000000710c00000, 0x0000000710c00000| Complete 
| 121|0x0000000710e00000, 0x0000000711000000, 0x0000000711000000|100%| E|CS|TAMS 0x0000000710e00000, 0x0000000710e00000| Complete 
| 122|0x0000000711000000, 0x0000000711200000, 0x0000000711200000|100%| E|CS|TAMS 0x0000000711000000, 0x0000000711000000| Complete 
| 123|0x0000000711200000, 0x0000000711400000, 0x0000000711400000|100%| E|CS|TAMS 0x0000000711200000, 0x0000000711200000| Complete 
| 124|0x0000000711400000, 0x0000000711600000, 0x0000000711600000|100%| E|CS|TAMS 0x0000000711400000, 0x0000000711400000| Complete 
| 125|0x0000000711600000, 0x0000000711800000, 0x0000000711800000|100%| E|CS|TAMS 0x0000000711600000, 0x0000000711600000| Complete 
| 126|0x0000000711800000, 0x0000000711a00000, 0x0000000711a00000|100%| E|CS|TAMS 0x0000000711800000, 0x0000000711800000| Complete 
| 127|0x0000000711a00000, 0x0000000711c00000, 0x0000000711c00000|100%| E|CS|TAMS 0x0000000711a00000, 0x0000000711a00000| Complete 

Card table byte_map: [0x000001e3f6260000,0x000001e3f6a60000] _byte_map_base: 0x000001e3f2a52000

Marking Bits (Prev, Next): (CMBitMap*) 0x000001e3ec4b3760, (CMBitMap*) 0x000001e3ec4b37a0
 Prev Bits: [0x000001e3f7260000, 0x000001e3fb1f0000)
 Next Bits: [0x000001e3fb1f0000, 0x000001e3ff180000)

Polling page: 0x000001e3ec330000

Metaspace:

Usage:
  Non-class:     15.20 MB used.
      Class:      1.96 MB used.
       Both:     17.16 MB used.

Virtual space:
  Non-class space:       16.00 MB reserved,      15.31 MB ( 96%) committed,  2 nodes.
      Class space:        1.00 GB reserved,       2.06 MB ( <1%) committed,  1 nodes.
             Both:        1.02 GB reserved,      17.38 MB (  2%) committed. 

Chunk freelists:
   Non-Class:  368.00 KB
       Class:  1.98 MB
        Both:  2.34 MB

MaxMetaspaceSize: unlimited
CompressedClassSpaceSize: 1.00 GB
Initial GC threshold: 21.00 MB
Current GC threshold: 21.00 MB
CDS: on
MetaspaceReclaimPolicy: balanced
 - commit_granule_bytes: 65536.
 - commit_granule_words: 8192.
 - virtual_space_node_default_size: 1048576.
 - enlarge_chunks_in_place: 1.
 - new_chunks_are_fully_committed: 0.
 - uncommit_free_chunks: 1.
 - use_allocation_guard: 0.
 - handle_deallocations: 1.


Internal statistics:

num_allocs_failed_limit: 0.
num_arena_births: 190.
num_arena_deaths: 0.
num_vsnodes_births: 3.
num_vsnodes_deaths: 0.
num_space_committed: 278.
num_space_uncommitted: 0.
num_chunks_returned_to_freelist: 0.
num_chunks_taken_from_freelist: 505.
num_chunk_merges: 0.
num_chunk_splits: 338.
num_chunks_enlarged: 246.
num_purges: 0.
num_inconsistent_stats: 0.

CodeHeap 'non-profiled nmethods': size=120000Kb used=921Kb max_used=921Kb free=119078Kb
 bounds [0x000001e387ad0000, 0x000001e387d40000, 0x000001e38f000000]
CodeHeap 'profiled nmethods': size=120000Kb used=4258Kb max_used=4258Kb free=115741Kb
 bounds [0x000001e3805a0000, 0x000001e3809d0000, 0x000001e387ad0000]
CodeHeap 'non-nmethods': size=5760Kb used=1348Kb max_used=1388Kb free=4411Kb
 bounds [0x000001e380000000, 0x000001e380270000, 0x000001e3805a0000]
 total_blobs=2820 nmethods=2124 adapters=609
 compilation: enabled
              stopped_count=0, restarted_count=0
 full_count=0

Compilation events (20 events):
Event: 1004.677 Thread 0x000001e3ff7c7790 2116       4       java.util.WeakHashMap$HashIterator::hasNext (95 bytes)
Event: 1004.685 Thread 0x000001e3ff7c7790 nmethod 2116 0x000001e387bb3790 code [0x000001e387bb3900, 0x000001e387bb3dd8]
Event: 1201.309 Thread 0x000001e3ff7c7790 2117       4       sun.awt.AWTAutoShutdown::isReadyToShutdown (37 bytes)
Event: 1201.310 Thread 0x000001e3ff7c7790 nmethod 2117 0x000001e387bb3f10 code [0x000001e387bb40a0, 0x000001e387bb4178]
Event: 1224.651 Thread 0x000001e3ff7d5c80 2118       3       java.lang.Boolean::valueOf (14 bytes)
Event: 1224.651 Thread 0x000001e3ff7d5c80 nmethod 2118 0x000001e3809c6e90 code [0x000001e3809c7020, 0x000001e3809c7198]
Event: 1224.652 Thread 0x000001e3ff7d5c80 2119   !   3       java.awt.Toolkit::setDesktopProperty (81 bytes)
Event: 1224.652 Thread 0x000001e3ff7d5c80 nmethod 2119 0x000001e3809c7210 code [0x000001e3809c7420, 0x000001e3809c7c88]
Event: 1353.903 Thread 0x000001e3ff7c7790 2120       4       java.util.TaskQueue::isEmpty (13 bytes)
Event: 1353.903 Thread 0x000001e3ff7c7790 nmethod 2120 0x000001e387bb4290 code [0x000001e387bb4400, 0x000001e387bb4498]
Event: 1782.499 Thread 0x000001e3ff7c7790 2121   !   4       sun.awt.AWTAutoShutdown::setToolkitBusy (124 bytes)
Event: 1782.503 Thread 0x000001e3ff7c7790 nmethod 2121 0x000001e387bb4590 code [0x000001e387bb4720, 0x000001e387bb4c78]
Event: 1986.494 Thread 0x000001e3ff7c7790 2122       4       java.lang.StringBuilder::append (8 bytes)
Event: 1986.494 Thread 0x000001e3ff7d5c80 2123       3       sun.awt.windows.WWindowPeer::preprocessPostEvent (72 bytes)
Event: 1986.494 Thread 0x000001e3ff7d5c80 nmethod 2123 0x000001e3809c7f10 code [0x000001e3809c8100, 0x000001e3809c8858]
Event: 1986.499 Thread 0x000001e3ff7c7790 nmethod 2122 0x000001e387bb5010 code [0x000001e387bb51c0, 0x000001e387bb57c8]
Event: 1986.499 Thread 0x000001e3ff7c7790 2124       4       java.util.HashMap::get (19 bytes)
Event: 1986.502 Thread 0x000001e3ff7c7790 nmethod 2124 0x000001e387bb5a90 code [0x000001e387bb5c40, 0x000001e387bb5fc8]
Event: 1986.531 Thread 0x000001e3ff7c7790 2125       4       sun.awt.AppContext::getAppContext (51 bytes)
Event: 1986.532 Thread 0x000001e3ff7c7790 nmethod 2125 0x000001e387bb6310 code [0x000001e387bb6480, 0x000001e387bb6538]

GC Heap History (8 events):
Event: 0.478 GC heap before
{Heap before GC invocations=0 (full 0):
 garbage-first heap   total 262144K, used 12288K [0x0000000701c00000, 0x0000000800000000)
  region size 2048K, 6 young (12288K), 0 survivors (0K)
 Metaspace       used 5047K, committed 5184K, reserved 1056768K
  class space    used 526K, committed 640K, reserved 1048576K
}
Event: 0.481 GC heap after
{Heap after GC invocations=1 (full 0):
 garbage-first heap   total 262144K, used 3463K [0x0000000701c00000, 0x0000000800000000)
  region size 2048K, 1 young (2048K), 1 survivors (2048K)
 Metaspace       used 5047K, committed 5184K, reserved 1056768K
  class space    used 526K, committed 640K, reserved 1048576K
}
Event: 0.727 GC heap before
{Heap before GC invocations=1 (full 0):
 garbage-first heap   total 262144K, used 11655K [0x0000000701c00000, 0x0000000800000000)
  region size 2048K, 6 young (12288K), 1 survivors (2048K)
 Metaspace       used 8800K, committed 8960K, reserved 1056768K
  class space    used 970K, committed 1088K, reserved 1048576K
}
Event: 0.730 GC heap after
{Heap after GC invocations=2 (full 0):
 garbage-first heap   total 262144K, used 4681K [0x0000000701c00000, 0x0000000800000000)
  region size 2048K, 1 young (2048K), 1 survivors (2048K)
 Metaspace       used 8800K, committed 8960K, reserved 1056768K
  class space    used 970K, committed 1088K, reserved 1048576K
}
Event: 22.869 GC heap before
{Heap before GC invocations=2 (full 0):
 garbage-first heap   total 262144K, used 37449K [0x0000000701c00000, 0x0000000800000000)
  region size 2048K, 12 young (24576K), 1 survivors (2048K)
 Metaspace       used 17220K, committed 17408K, reserved 1064960K
  class space    used 1990K, committed 2048K, reserved 1048576K
}
Event: 22.872 GC heap after
{Heap after GC invocations=3 (full 0):
 garbage-first heap   total 262144K, used 16789K [0x0000000701c00000, 0x0000000800000000)
  region size 2048K, 2 young (4096K), 2 survivors (4096K)
 Metaspace       used 17220K, committed 17408K, reserved 1064960K
  class space    used 1990K, committed 2048K, reserved 1048576K
}
Event: 40.058 GC heap before
{Heap before GC invocations=3 (full 0):
 garbage-first heap   total 262144K, used 168341K [0x0000000701c00000, 0x0000000800000000)
  region size 2048K, 76 young (155648K), 2 survivors (4096K)
 Metaspace       used 17479K, committed 17728K, reserved 1064960K
  class space    used 1992K, committed 2112K, reserved 1048576K
}
Event: 40.064 GC heap after
{Heap after GC invocations=4 (full 0):
 garbage-first heap   total 262144K, used 14853K [0x0000000701c00000, 0x0000000800000000)
  region size 2048K, 2 young (4096K), 2 survivors (4096K)
 Metaspace       used 17479K, committed 17728K, reserved 1064960K
  class space    used 1992K, committed 2112K, reserved 1048576K
}

Deoptimization events (20 events):
Event: 3.037 Thread 0x000001e39263fc20 DEOPT PACKING pc=0x000001e3808ad622 sp=0x00000086bb1fd740
Event: 3.037 Thread 0x000001e39263fc20 DEOPT UNPACKING pc=0x000001e380052b43 sp=0x00000086bb1fcb38 mode 0
Event: 3.311 Thread 0x000001e39263fc20 Uncommon trap: trap_request=0xffffff45 fr.pc=0x000001e387b6fd28 relative=0x0000000000000308
Event: 3.311 Thread 0x000001e39263fc20 Uncommon trap: reason=unstable_if action=reinterpret pc=0x000001e387b6fd28 method=sun.java2d.marlin.MarlinCache.touchTile(IIII[I)V @ 17 c2
Event: 3.311 Thread 0x000001e39263fc20 DEOPT PACKING pc=0x000001e387b6fd28 sp=0x00000086bb1fd4d0
Event: 3.312 Thread 0x000001e39263fc20 DEOPT UNPACKING pc=0x000001e3800523a3 sp=0x00000086bb1fd438 mode 2
Event: 3.312 Thread 0x000001e39263fc20 Uncommon trap: trap_request=0xffffff45 fr.pc=0x000001e387b6e5e4 relative=0x0000000000000f04
Event: 3.312 Thread 0x000001e39263fc20 Uncommon trap: reason=unstable_if action=reinterpret pc=0x000001e387b6e5e4 method=sun.java2d.marlin.MarlinCache.touchTile(IIII[I)V @ 17 c2
Event: 3.312 Thread 0x000001e39263fc20 DEOPT PACKING pc=0x000001e387b6e5e4 sp=0x00000086bb1fd530
Event: 3.312 Thread 0x000001e39263fc20 DEOPT UNPACKING pc=0x000001e3800523a3 sp=0x00000086bb1fd358 mode 2
Event: 3.312 Thread 0x000001e39263fc20 Uncommon trap: trap_request=0xffffff45 fr.pc=0x000001e387b6a740 relative=0x0000000000000fc0
Event: 3.312 Thread 0x000001e39263fc20 Uncommon trap: reason=unstable_if action=reinterpret pc=0x000001e387b6a740 method=sun.java2d.marlin.MarlinCache.touchTile(IIII[I)V @ 17 c2
Event: 3.312 Thread 0x000001e39263fc20 DEOPT PACKING pc=0x000001e387b6a740 sp=0x00000086bb1fd4f0
Event: 3.312 Thread 0x000001e39263fc20 DEOPT UNPACKING pc=0x000001e3800523a3 sp=0x00000086bb1fd358 mode 2
Event: 3.312 Thread 0x000001e39263fc20 Uncommon trap: trap_request=0xffffff45 fr.pc=0x000001e387b84a20 relative=0x0000000000003600
Event: 3.312 Thread 0x000001e39263fc20 Uncommon trap: reason=unstable_if action=reinterpret pc=0x000001e387b84a20 method=sun.java2d.marlin.MarlinTileGenerator.getAlphaRLE([BII)V @ 384 c2
Event: 3.312 Thread 0x000001e39263fc20 DEOPT PACKING pc=0x000001e387b84a20 sp=0x00000086bb1fd840
Event: 3.312 Thread 0x000001e39263fc20 DEOPT UNPACKING pc=0x000001e3800523a3 sp=0x00000086bb1fd6d0 mode 2
Event: 36.619 Thread 0x000001e39263fc20 DEOPT PACKING pc=0x000001e3808d93f7 sp=0x00000086bb1fd050
Event: 36.619 Thread 0x000001e39263fc20 DEOPT UNPACKING pc=0x000001e380052b43 sp=0x00000086bb1fc430 mode 0

Classes unloaded (0 events):
No events

Classes redefined (0 events):
No events

Internal exceptions (20 events):
Event: 0.433 Thread 0x000001e3ec464750 Exception <a 'java/lang/NoSuchMethodError'{0x00000007110ae108}: 'int java.lang.invoke.DirectMethodHandle$Holder.invokeSpecial(java.lang.Object, java.lang.Object, java.lang.Object)'> (0x00000007110ae108) 
thrown [t:\workspace\open\src\hotspot\share\interpreter\linkResolver.cpp, line 766]
Event: 0.606 Thread 0x000001e3ec464750 Exception <a 'sun/nio/fs/WindowsException'{0x000000071162d6c0}> (0x000000071162d6c0) 
thrown [t:\workspace\open\src\hotspot\share\prims\jni.cpp, line 516]
Event: 0.610 Thread 0x000001e3ec464750 Exception <a 'java/lang/NoSuchMethodError'{0x000000071163b248}: 'java.lang.Object java.lang.invoke.DirectMethodHandle$Holder.invokeInterface(java.lang.Object, java.lang.Object)'> (0x000000071163b248) 
thrown [t:\workspace\open\src\hotspot\share\interpreter\linkResolver.cpp, line 766]
Event: 0.650 Thread 0x000001e3ec464750 Exception <a 'java/lang/NoSuchMethodError'{0x000000071140a390}: 'void java.lang.invoke.DirectMethodHandle$Holder.invokeStaticInit(java.lang.Object, java.lang.Object)'> (0x000000071140a390) 
thrown [t:\workspace\open\src\hotspot\share\interpreter\linkResolver.cpp, line 766]
Event: 0.655 Thread 0x000001e3ec464750 Exception <a 'java/lang/NoSuchMethodError'{0x0000000711445c68}: 'int java.lang.invoke.DirectMethodHandle$Holder.invokeStaticInit(java.lang.Object, java.lang.Object, java.lang.Object)'> (0x0000000711445c68) 
thrown [t:\workspace\open\src\hotspot\share\interpreter\linkResolver.cpp, line 766]
Event: 0.666 Thread 0x000001e3ec464750 Exception <a 'java/lang/NoSuchMethodError'{0x00000007114a86c0}: 'void java.lang.invoke.DirectMethodHandle$Holder.invokeSpecial(java.lang.Object, java.lang.Object, java.lang.Object)'> (0x00000007114a86c0) 
thrown [t:\workspace\open\src\hotspot\share\interpreter\linkResolver.cpp, line 766]
Event: 0.824 Thread 0x000001e3ec464750 Exception <a 'java/lang/NoSuchMethodError'{0x00000007118a6948}: 'void java.lang.invoke.DirectMethodHandle$Holder.invokeStatic(java.lang.Object, java.lang.Object, java.lang.Object, java.lang.Object)'> (0x00000007118a6948) 
thrown [t:\workspace\open\src\hotspot\share\interpreter\linkResolver.cpp, line 766]
Event: 0.946 Thread 0x000001e3ec464750 Exception <a 'java/lang/NoSuchMethodError'{0x0000000711666ef8}: 'java.lang.Object java.lang.invoke.DirectMethodHandle$Holder.newInvokeSpecial(java.lang.Object, java.lang.Object, java.lang.Object, java.lang.Object, java.lang.Object)'> (0x0000000711666ef8) 
thrown [t:\workspace\open\src\hotspot\share\interpreter\linkResolver.cpp, line 766]
Event: 0.948 Thread 0x000001e3ec464750 Exception <a 'java/lang/NoSuchMethodError'{0x00000007116aae90}: 'java.lang.Object java.lang.invoke.DirectMethodHandle$Holder.invokeStatic(java.lang.Object, int, java.lang.Object, java.lang.Object, java.lang.Object, java.lang.Object)'> (0x00000007116aae90) 
thrown [t:\workspace\open\src\hotspot\share\interpreter\linkResolver.cpp, line 766]
Event: 0.953 Thread 0x000001e3ec464750 Exception <a 'java/lang/NoSuchMethodError'{0x00000007116d4798}: 'java.lang.Object java.lang.invoke.DirectMethodHandle$Holder.invokeStatic(java.lang.Object, int, java.lang.Object)'> (0x00000007116d4798) 
thrown [t:\workspace\open\src\hotspot\share\interpreter\linkResolver.cpp, line 766]
Event: 0.984 Thread 0x000001e3ec464750 Exception <a 'java/lang/ClassNotFoundException'{0x00000007117217d8}: com/sun/swing/internal/plaf/basic/resources/spi/basicProvider> (0x00000007117217d8) 
thrown [t:\workspace\open\src\hotspot\share\classfile\systemDictionary.cpp, line 256]
Event: 0.988 Thread 0x000001e3ec464750 Exception <a 'java/lang/NoSuchMethodError'{0x00000007117448b8}: 'int java.lang.invoke.DirectMethodHandle$Holder.invokeStatic(java.lang.Object)'> (0x00000007117448b8) 
thrown [t:\workspace\open\src\hotspot\share\interpreter\linkResolver.cpp, line 766]
Event: 1.097 Thread 0x000001e3ec464750 Implicit null exception at 0x000001e387b37cc0 to 0x000001e387b385bc
Event: 1.097 Thread 0x000001e3ec464750 Implicit null exception at 0x000001e387b230af to 0x000001e387b23368
Event: 1.098 Thread 0x000001e3ec464750 Implicit null exception at 0x000001e387b2282f to 0x000001e387b22b04
Event: 1.098 Thread 0x000001e3ec464750 Implicit null exception at 0x000001e387b38e0f to 0x000001e387b38e89
Event: 1.108 Thread 0x000001e3ec464750 Exception <a 'sun/nio/fs/WindowsException'{0x00000007112a7420}> (0x00000007112a7420) 
thrown [t:\workspace\open\src\hotspot\share\prims\jni.cpp, line 516]
Event: 1.654 Thread 0x000001e3ec464750 Exception <a 'java/lang/NoSuchMethodError'{0x0000000710fe82f8}: 'void java.lang.invoke.DirectMethodHandle$Holder.invokeStaticInit(java.lang.Object)'> (0x0000000710fe82f8) 
thrown [t:\workspace\open\src\hotspot\share\interpreter\linkResolver.cpp, line 766]
Event: 1.672 Thread 0x000001e392a2a8f0 Exception <a 'java/lang/NoSuchMethodError'{0x000000071167d8e0}: 'void java.lang.invoke.DirectMethodHandle$Holder.invokeVirtual(java.lang.Object, java.lang.Object)'> (0x000000071167d8e0) 
thrown [t:\workspace\open\src\hotspot\share\interpreter\linkResolver.cpp, line 766]
Event: 1.732 Thread 0x000001e39263fc20 Exception <a 'java/lang/NoSuchMethodError'{0x0000000710d18a10}: 'void java.lang.invoke.DirectMethodHandle$Holder.invokeVirtual(java.lang.Object, java.lang.Object, java.lang.Object, int, int, int, int, double)'> (0x0000000710d18a10) 
thrown [t:\workspace\open\src\hotspot\share\interpreter\linkResolver.cpp, line 766]

VM Operations (20 events):
Event: 37.966 Executing VM operation: Cleanup
Event: 37.966 Executing VM operation: Cleanup done
Event: 38.979 Executing VM operation: Cleanup
Event: 38.979 Executing VM operation: Cleanup done
Event: 39.987 Executing VM operation: Cleanup
Event: 39.987 Executing VM operation: Cleanup done
Event: 40.058 Executing VM operation: G1CollectForAllocation
Event: 40.064 Executing VM operation: G1CollectForAllocation done
Event: 41.076 Executing VM operation: Cleanup
Event: 41.076 Executing VM operation: Cleanup done
Event: 127.665 Executing VM operation: Cleanup
Event: 127.665 Executing VM operation: Cleanup done
Event: 259.626 Executing VM operation: Cleanup
Event: 259.626 Executing VM operation: Cleanup done
Event: 388.523 Executing VM operation: Cleanup
Event: 388.523 Executing VM operation: Cleanup done
Event: 564.729 Executing VM operation: Cleanup
Event: 564.729 Executing VM operation: Cleanup done
Event: 1005.910 Executing VM operation: Cleanup
Event: 1005.910 Executing VM operation: Cleanup done

Events (20 events):
Event: 127.146 Thread 0x000001e391e8a630 Thread added: 0x000001e391e8a630
Event: 127.146 Thread 0x000001e391e8a630 Thread exited: 0x000001e391e8a630
Event: 127.146 Thread 0x000001e391e8be40 Thread added: 0x000001e391e8be40
Event: 127.146 Thread 0x000001e391e8be40 Thread exited: 0x000001e391e8be40
Event: 1986.497 Thread 0x000001e391e8a630 Thread added: 0x000001e391e8a630
Event: 1986.499 Thread 0x000001e391e8a630 Thread exited: 0x000001e391e8a630
Event: 1986.499 Thread 0x000001e391e88e20 Thread added: 0x000001e391e88e20
Event: 1986.503 Thread 0x000001e391e88e20 Thread exited: 0x000001e391e88e20
Event: 1986.526 loading class java/awt/KeyboardFocusManager$2
Event: 1986.526 loading class java/awt/KeyboardFocusManager$2 done
Event: 1986.527 Thread 0x000001e391e88e20 Thread added: 0x000001e391e88e20
Event: 1986.527 loading class java/awt/Window$1DisposeAction
Event: 1986.527 Thread 0x000001e391e88e20 Thread exited: 0x000001e391e88e20
Event: 1986.527 Thread 0x000001e391e8b4a0 Thread added: 0x000001e391e8b4a0
Event: 1986.527 loading class java/awt/Window$1DisposeAction done
Event: 1986.529 Thread 0x000001e391e8b4a0 Thread exited: 0x000001e391e8b4a0
Event: 1986.529 Thread 0x000001e391e8be40 Thread added: 0x000001e391e8be40
Event: 1986.529 Thread 0x000001e391e8be40 Thread exited: 0x000001e391e8be40
Event: 1986.529 Thread 0x000001e391e88480 Thread added: 0x000001e391e88480
Event: 1986.529 Thread 0x000001e391e88480 Thread exited: 0x000001e391e88480


Dynamic libraries:
0x00007ff7f7380000 - 0x00007ff7f7390000 	C:\Program Files\Java\jdk-17.0.1\bin\java.exe
0x00007fff4bd30000 - 0x00007fff4bf25000 	C:\windows\SYSTEM32\ntdll.dll
0x00007fff4bb90000 - 0x00007fff4bc4e000 	C:\windows\System32\KERNEL32.DLL
0x00007fff49a20000 - 0x00007fff49ce8000 	C:\windows\System32\KERNELBASE.dll
0x00007fff494b0000 - 0x00007fff495b0000 	C:\windows\System32\ucrtbase.dll
0x00007fff37610000 - 0x00007fff3762a000 	C:\Program Files\Java\jdk-17.0.1\bin\VCRUNTIME140.dll
0x00007fff2fb80000 - 0x00007fff2fb98000 	C:\Program Files\Java\jdk-17.0.1\bin\jli.dll
0x00007fff4a280000 - 0x00007fff4a32e000 	C:\windows\System32\ADVAPI32.dll
0x00007fff4b8b0000 - 0x00007fff4b94e000 	C:\windows\System32\msvcrt.dll
0x00007fff4bc50000 - 0x00007fff4bcec000 	C:\windows\System32\sechost.dll
0x00007fff4b720000 - 0x00007fff4b845000 	C:\windows\System32\RPCRT4.dll
0x00007fff49f30000 - 0x00007fff4a0d0000 	C:\windows\System32\USER32.dll
0x00007fff49480000 - 0x00007fff494a2000 	C:\windows\System32\win32u.dll
0x00007fff4b6f0000 - 0x00007fff4b71b000 	C:\windows\System32\GDI32.dll
0x00007fff370e0000 - 0x00007fff3737a000 	C:\windows\WinSxS\amd64_microsoft.windows.common-controls_6595b64144ccf1df_6.0.19041.1110_none_60b5254171f9507e\COMCTL32.dll
0x00007fff498a0000 - 0x00007fff499ab000 	C:\windows\System32\gdi32full.dll
0x00007fff49cf0000 - 0x00007fff49d8d000 	C:\windows\System32\msvcp_win.dll
0x00007fff3df20000 - 0x00007fff3df2a000 	C:\windows\SYSTEM32\VERSION.dll
0x00007fff4a4b0000 - 0x00007fff4a4e0000 	C:\windows\System32\IMM32.DLL
0x00007fff469c0000 - 0x00007fff469cc000 	C:\Program Files\Java\jdk-17.0.1\bin\vcruntime140_1.dll
0x00007ffef2af0000 - 0x00007ffef2b7d000 	C:\Program Files\Java\jdk-17.0.1\bin\msvcp140.dll
0x00007ffec9fd0000 - 0x00007ffecab8e000 	C:\Program Files\Java\jdk-17.0.1\bin\server\jvm.dll
0x00007fff4b5b0000 - 0x00007fff4b5b8000 	C:\windows\System32\PSAPI.DLL
0x00007fff393e0000 - 0x00007fff393e9000 	C:\windows\SYSTEM32\WSOCK32.dll
0x00007fff39eb0000 - 0x00007fff39ed7000 	C:\windows\SYSTEM32\WINMM.dll
0x00007fff4a8f0000 - 0x00007fff4a95b000 	C:\windows\System32\WS2_32.dll
0x00007fff47270000 - 0x00007fff47282000 	C:\windows\SYSTEM32\kernel.appcore.dll
0x00007fff469a0000 - 0x00007fff469aa000 	C:\Program Files\Java\jdk-17.0.1\bin\jimage.dll
0x00007fff38350000 - 0x00007fff38534000 	C:\windows\SYSTEM32\DBGHELP.DLL
0x00007fff381d0000 - 0x00007fff381fc000 	C:\windows\SYSTEM32\dbgcore.DLL
0x00007fff495b0000 - 0x00007fff49632000 	C:\windows\System32\bcryptPrimitives.dll
0x00007fff2af80000 - 0x00007fff2afa5000 	C:\Program Files\Java\jdk-17.0.1\bin\java.dll
0x00007ffeed930000 - 0x00007ffeeda06000 	C:\Program Files\Java\jdk-17.0.1\bin\svml.dll
0x00007fff4a9f0000 - 0x00007fff4b134000 	C:\windows\System32\SHELL32.dll
0x00007fff47470000 - 0x00007fff47c04000 	C:\windows\SYSTEM32\windows.storage.dll
0x00007fff4a590000 - 0x00007fff4a8e4000 	C:\windows\System32\combase.dll
0x00007fff48de0000 - 0x00007fff48e0c000 	C:\windows\SYSTEM32\Wldp.dll
0x00007fff4bae0000 - 0x00007fff4bb8d000 	C:\windows\System32\SHCORE.dll
0x00007fff4ba20000 - 0x00007fff4ba75000 	C:\windows\System32\shlwapi.dll
0x00007fff49390000 - 0x00007fff493af000 	C:\windows\SYSTEM32\profapi.dll
0x00007fff2d5f0000 - 0x00007fff2d609000 	C:\Program Files\Java\jdk-17.0.1\bin\net.dll
0x00007fff48440000 - 0x00007fff48549000 	C:\windows\SYSTEM32\WINHTTP.dll
0x00007fff48b40000 - 0x00007fff48baa000 	C:\windows\system32\mswsock.dll
0x00007fff2ae90000 - 0x00007fff2aea5000 	C:\Program Files\Java\jdk-17.0.1\bin\nio.dll
0x00007fff2ae70000 - 0x00007fff2ae88000 	C:\Program Files\Java\jdk-17.0.1\bin\zip.dll
0x00007ffee8d50000 - 0x00007ffee8edf000 	C:\Program Files\Java\jdk-17.0.1\bin\awt.dll
0x00007fff4b950000 - 0x00007fff4ba1d000 	C:\windows\System32\OLEAUT32.dll
0x00007fff46820000 - 0x00007fff468b0000 	C:\windows\SYSTEM32\apphelp.dll
0x00007fff43270000 - 0x00007fff43280000 	C:\Program Files\Java\jdk-17.0.1\bin\verify.dll
0x00007fff48d30000 - 0x00007fff48d48000 	C:\windows\SYSTEM32\CRYPTSP.dll
0x00007fff483b0000 - 0x00007fff483e4000 	C:\windows\system32\rsaenh.dll
0x00007fff49450000 - 0x00007fff49477000 	C:\windows\System32\bcrypt.dll
0x00007fff49350000 - 0x00007fff4937e000 	C:\windows\SYSTEM32\USERENV.dll
0x00007fff48d50000 - 0x00007fff48d5c000 	C:\windows\SYSTEM32\CRYPTBASE.dll
0x00007fff48830000 - 0x00007fff4886b000 	C:\windows\SYSTEM32\IPHLPAPI.DLL
0x00007fff4a9e0000 - 0x00007fff4a9e8000 	C:\windows\System32\NSI.dll
0x00007fff43e50000 - 0x00007fff43e67000 	C:\windows\SYSTEM32\dhcpcsvc6.DLL
0x00007fff43c50000 - 0x00007fff43c6d000 	C:\windows\SYSTEM32\dhcpcsvc.DLL
0x00007fff48870000 - 0x00007fff4893a000 	C:\windows\SYSTEM32\DNSAPI.dll
0x00007fff35490000 - 0x00007fff35499000 	C:\Program Files\Java\jdk-17.0.1\bin\management.dll
0x00007fff31fb0000 - 0x00007fff31fbb000 	C:\Program Files\Java\jdk-17.0.1\bin\management_ext.dll
0x00007fff31f80000 - 0x00007fff31f8e000 	C:\Program Files\Java\jdk-17.0.1\bin\sunmscapi.dll
0x00007fff49740000 - 0x00007fff49896000 	C:\windows\System32\CRYPT32.dll
0x00007fff48e50000 - 0x00007fff48e77000 	C:\windows\SYSTEM32\ncrypt.dll
0x00007fff48e10000 - 0x00007fff48e4b000 	C:\windows\SYSTEM32\NTASN1.dll
0x00007fff31a20000 - 0x00007fff31a27000 	C:\windows\system32\wshunix.dll
0x00007fff3d7b0000 - 0x00007fff3d7c7000 	C:\windows\system32\napinsp.dll
0x00007fff3d910000 - 0x00007fff3d92b000 	C:\windows\system32\pnrpnsp.dll
0x00007fff3d7d0000 - 0x00007fff3d7e5000 	C:\windows\system32\wshbth.dll
0x00007fff466e0000 - 0x00007fff466fd000 	C:\windows\system32\NLAapi.dll
0x00007fff3d930000 - 0x00007fff3d942000 	C:\windows\System32\winrnr.dll
0x00007fff41e00000 - 0x00007fff41e0a000 	C:\Windows\System32\rasadhlp.dll
0x00007fff44a80000 - 0x00007fff44aff000 	C:\windows\System32\fwpuclnt.dll
0x00007fff46d90000 - 0x00007fff46e2e000 	C:\windows\system32\uxtheme.dll
0x00007fff49e10000 - 0x00007fff49f26000 	C:\windows\System32\MSCTF.dll
0x00007fff4b5c0000 - 0x00007fff4b6ea000 	C:\windows\System32\ole32.dll
0x00007fff2ab90000 - 0x00007fff2ac19000 	C:\Program Files\Java\jdk-17.0.1\bin\freetype.dll
0x00007ffef2d90000 - 0x00007ffef2e38000 	C:\Program Files\Java\jdk-17.0.1\bin\fontmanager.dll
0x00007fff47090000 - 0x00007fff470bf000 	C:\windows\system32\DWMAPI.DLL
0x00007fff23180000 - 0x00007fff232a6000 	C:\windows\system32\opengl32.dll
0x00007fff29640000 - 0x00007fff2966c000 	C:\windows\SYSTEM32\GLU32.dll
0x00007fff349d0000 - 0x00007fff349d6000 	C:\Users\slhscs343\AppData\Local\Temp\flatlaf.temp\flatlaf-windows-x86_64-856868819106000.dll
0x00007fff349c0000 - 0x00007fff349c7000 	C:\Program Files\Java\jdk-17.0.1\bin\jawt.dll
0x00007ffee42f0000 - 0x00007ffee4419000 	C:\Users\slhscs343\Documents\jcef\java-cef-build-bin\bin\chrome_elf.dll
0x00007ffec0920000 - 0x00007ffec9fc3000 	C:\Users\slhscs343\Documents\jcef\java-cef-build-bin\bin\libcef.dll
0x00007fff499b0000 - 0x00007fff49a18000 	C:\windows\System32\WINTRUST.dll
0x00007fff4a330000 - 0x00007fff4a40b000 	C:\windows\System32\COMDLG32.dll
0x00007fff47d60000 - 0x00007fff47e53000 	C:\windows\SYSTEM32\dxgi.dll
0x00007fff44440000 - 0x00007fff44536000 	C:\windows\SYSTEM32\PROPSYS.dll
0x00007fff2d0c0000 - 0x00007fff2d126000 	C:\windows\SYSTEM32\OLEACC.dll
0x00007fff219a0000 - 0x00007fff21c95000 	C:\windows\SYSTEM32\UIAutomationCore.DLL
0x00007fff417c0000 - 0x00007fff417cc000 	C:\windows\SYSTEM32\Secur32.dll
0x00007fff39ee0000 - 0x00007fff39efa000 	C:\windows\SYSTEM32\NETAPI32.dll
0x00007fff46a00000 - 0x00007fff46a14000 	C:\windows\SYSTEM32\WTSAPI32.dll
0x00007fff47c10000 - 0x00007fff47c1d000 	C:\windows\SYSTEM32\HID.DLL
0x00007fff32ee0000 - 0x00007fff3315f000 	C:\windows\SYSTEM32\DWrite.dll
0x00007fff2d170000 - 0x00007fff2d204000 	C:\windows\SYSTEM32\WINSPOOL.DRV
0x00007fff307b0000 - 0x00007fff307c9000 	C:\windows\SYSTEM32\USP10.dll
0x00007ffef4670000 - 0x00007ffef483f000 	C:\windows\SYSTEM32\d3d9.dll
0x00007fff31e10000 - 0x00007fff31e34000 	C:\windows\SYSTEM32\dxva2.dll
0x00007fff04790000 - 0x00007fff047a1000 	C:\windows\SYSTEM32\credui.dll
0x00007fff3b9a0000 - 0x00007fff3bb8c000 	C:\windows\SYSTEM32\urlmon.dll
0x00007fff43a60000 - 0x00007fff43ac5000 	C:\windows\SYSTEM32\wevtapi.dll
0x00007fff2ab30000 - 0x00007fff2ab81000 	C:\windows\SYSTEM32\CRYPTUI.dll
0x00007fff2de70000 - 0x00007fff2e346000 	C:\windows\SYSTEM32\WININET.dll
0x00007fff34ab0000 - 0x00007fff34ddb000 	C:\windows\SYSTEM32\ESENT.dll
0x00007fff3b6e0000 - 0x00007fff3b991000 	C:\windows\SYSTEM32\iertutil.dll
0x00007fff3d320000 - 0x00007fff3d348000 	C:\windows\SYSTEM32\srvcli.dll
0x00007fff48940000 - 0x00007fff4894c000 	C:\windows\SYSTEM32\netutils.dll
0x00007fff49310000 - 0x00007fff49342000 	C:\windows\SYSTEM32\SSPICLI.DLL
0x00007fff485e0000 - 0x00007fff485f9000 	C:\windows\SYSTEM32\WKSCLI.DLL
0x00007fff3e0d0000 - 0x00007fff3e0e9000 	C:\windows\SYSTEM32\SAMCLI.DLL
0x00007fff48f60000 - 0x00007fff48f72000 	C:\windows\SYSTEM32\MSASN1.dll
0x00007ffed4b00000 - 0x00007ffed4c37000 	C:\Users\slhscs343\Documents\jcef\java-cef-build-bin\bin\jcef.dll
0x00007fff49180000 - 0x00007fff4918a000 	C:\windows\SYSTEM32\DPAPI.dll
0x00007fff4a4e0000 - 0x00007fff4a589000 	C:\windows\System32\clbcatq.dll
0x00007fff34630000 - 0x00007fff34729000 	C:\windows\SYSTEM32\textinputframework.dll
0x00007fff46130000 - 0x00007fff4648e000 	C:\windows\System32\CoreUIComponents.dll
0x00007fff46490000 - 0x00007fff46582000 	C:\windows\System32\CoreMessaging.dll
0x00007fff47d20000 - 0x00007fff47d53000 	C:\windows\SYSTEM32\ntmarta.dll
0x00007fff459d0000 - 0x00007fff45b24000 	C:\windows\SYSTEM32\wintypes.dll
0x00007fff47c20000 - 0x00007fff47c43000 	C:\windows\SYSTEM32\gpapi.dll
0x00007fff49240000 - 0x00007fff4929a000 	C:\windows\SYSTEM32\WINSTA.dll
0x00007fff404e0000 - 0x00007fff40565000 	C:\windows\System32\MMDevApi.dll
0x00007fff49120000 - 0x00007fff49153000 	C:\windows\System32\DEVOBJ.dll
0x00007fff496f0000 - 0x00007fff4973e000 	C:\windows\System32\cfgmgr32.dll
0x00007fff445b0000 - 0x00007fff4465e000 	C:\windows\SYSTEM32\mscms.dll
0x00007fff44390000 - 0x00007fff443a1000 	C:\windows\SYSTEM32\ColorAdapterClient.dll

dbghelp: loaded successfully - version: 4.0.5 - missing functions: none
symbol engine: initialized successfully - sym options: 0x614 - pdb path: .;C:\Program Files\Java\jdk-17.0.1\bin;C:\windows\SYSTEM32;C:\windows\WinSxS\amd64_microsoft.windows.common-controls_6595b64144ccf1df_6.0.19041.1110_none_60b5254171f9507e;C:\Program Files\Java\jdk-17.0.1\bin\server;C:\Users\slhscs343\AppData\Local\Temp\flatlaf.temp;C:\Users\slhscs343\Documents\jcef\java-cef-build-bin\bin

VM Arguments:
jvm_args: -Dfile.encoding=windows-1252 -Duser.country=US -Duser.language=en -Duser.variant 
java_command: io.neilshirsat.catan.render.MainFrame
java_class_path (initial): C:\Users\slhscs343\IdeaProjects\Catan-Backend-JVM\build\classes\java\main;C:\Users\slhscs343\IdeaProjects\Catan-Backend-JVM\build\classes\kotlin\main;C:\Users\slhscs343\IdeaProjects\Catan-Backend-JVM\build\resources\main;C:\Users\slhscs343\IdeaProjects\Catan-Backend-JVM\lib\gluegen-rt-natives-windows-amd64.jar;C:\Users\slhscs343\IdeaProjects\Catan-Backend-JVM\lib\gluegen-rt.jar;C:\Users\slhscs343\IdeaProjects\Catan-Backend-JVM\lib\jcef-tests.jar;C:\Users\slhscs343\IdeaProjects\Catan-Backend-JVM\lib\jcef.jar;C:\Users\slhscs343\IdeaProjects\Catan-Backend-JVM\lib\jogl-all-natives-windows-amd64.jar;C:\Users\slhscs343\IdeaProjects\Catan-Backend-JVM\lib\jogl-all.jar;C:\Users\slhscs343\.gradle\caches\modules-2\files-2.1\org.jetbrains.kotlin\kotlin-stdlib\1.5.31\6628d61d0f5603568e72d2d5915d2c034b4f1c55\kotlin-stdlib-1.5.31.jar;C:\Users\slhscs343\.gradle\caches\modules-2\files-2.1\ch.qos.logback\logback-classic\1.2.11\4741689214e9d1e8408b206506cbe76d1c6a7d60\logback-classic-1.2.11.jar;C:\Users\slhscs343\.gradle\caches\modules-2\files-2.1\org.slf4j\slf4j-api\1.7.36\6c62681a2f655b49963a5983b8b0950a6120ae14\slf4j-api-1.7.36.jar;C:\Users\slhscs343\.gradle\caches\modules-2\files-2.1\ch.qos.logback\logback-core\1.2.11\a01230df5ca5c34540cdaa3ad5efb012f1f1f792\logback-core-1.2.11.jar;C:\Users\slhscs343\.gradle\caches\modules-2\files-2.1\com.formdev\flatlaf-intellij-themes\2.1\92055d72182f1cbbe80e461cf4cfc232123f730\flatlaf-intellij-themes-2.1.jar;C:\Users\slhscs343\.gradle\caches\modules-2\files-2.1\com.formdev\flatlaf\2.1\d425a89164bb82e1967f84b6fd3eff5ff9f60ecd\flatlaf-2.1.jar;C:\Users\slhscs343\.gradle\caches\modules-2\files-2.1\io.vertx\vertx-web\4.2.7\a73cede61ace092a117eaa7c7ba261cde77fb5e7\vertx-web-4.2.7.jar;C:\Users\slhscs343\.gradle\caches\modules-2\files-2.1\org.jetbrains\annotations\13.0\919f0dfe192fb4e063e7dacadee7f8bb9a2672a9\annotations-13.0.jar;C:\Users\slhscs343\.gradle\caches\modules-2\files-2.1\org.jetbrains.kotlin\kotlin-stdlib-common
Launcher Type: SUN_STANDARD

[Global flags]
     intx CICompilerCount                          = 3                                         {product} {ergonomic}
     uint ConcGCThreads                            = 1                                         {product} {ergonomic}
     uint G1ConcRefinementThreads                  = 4                                         {product} {ergonomic}
   size_t G1HeapRegionSize                         = 2097152                                   {product} {ergonomic}
    uintx GCDrainStackTargetSize                   = 64                                        {product} {ergonomic}
   size_t InitialHeapSize                          = 268435456                                 {product} {ergonomic}
   size_t MarkStackSize                            = 4194304                                   {product} {ergonomic}
   size_t MaxHeapSize                              = 4265607168                                {product} {ergonomic}
   size_t MaxNewSize                               = 2558525440                                {product} {ergonomic}
   size_t MinHeapDeltaBytes                        = 2097152                                   {product} {ergonomic}
   size_t MinHeapSize                              = 8388608                                   {product} {ergonomic}
    uintx NonNMethodCodeHeapSize                   = 5832780                                {pd product} {ergonomic}
    uintx NonProfiledCodeHeapSize                  = 122912730                              {pd product} {ergonomic}
    uintx ProfiledCodeHeapSize                     = 122912730                              {pd product} {ergonomic}
    uintx ReservedCodeCacheSize                    = 251658240                              {pd product} {ergonomic}
     bool SegmentedCodeCache                       = true                                      {product} {ergonomic}
   size_t SoftMaxHeapSize                          = 4265607168                             {manageable} {ergonomic}
     bool UseCompressedClassPointers               = true                           {product lp64_product} {ergonomic}
     bool UseCompressedOops                        = true                           {product lp64_product} {ergonomic}
     bool UseG1GC                                  = true                                      {product} {ergonomic}
     bool UseLargePagesIndividualAllocation        = false                                  {pd product} {ergonomic}

Logging:
Log output configuration:
 #0: stdout all=warning uptime,level,tags
 #1: stderr all=off uptime,level,tags

Environment Variables:
PATH=C:\Program Files\Common Files\Oracle\Java\javapath;C:\Program Files (x86)\Common Files\Oracle\Java\javapath;C:\windows\system32;C:\windows;C:\windows\System32\Wbem;C:\windows\System32\WindowsPowerShell\v1.0\;C:\windows\System32\OpenSSH\;C:\Program Files\Git\cmd;C:\Program Files\nodejs\;C:\Program Files (x86)\Yarn\bin\;C:\Users\slhscs343\AppData\Local\Microsoft\WindowsApps;C:\Users\slhscs343\Documents\jcef\java-cef-build-bin\bin;C:\Users\slhscs343\AppData\Roaming\npm;C:\Users\slhscs343\AppData\Local\Yarn\bin
USERNAME=slhscs343
OS=Windows_NT
PROCESSOR_IDENTIFIER=Intel64 Family 6 Model 94 Stepping 3, GenuineIntel



---------------  S Y S T E M  ---------------

OS:
 Windows 10 , 64 bit Build 19041 (10.0.19041.1566)
OS uptime: 1 days 0:21 hours

CPU: total 4 (initial active 4) (4 cores per cpu, 1 threads per core) family 6 model 94 stepping 3 microcode 0xcc, cx8, cmov, fxsr, mmx, 3dnowpref, sse, sse2, sse3, ssse3, sse4.1, sse4.2, popcnt, lzcnt, tsc, tscinvbit, avx, avx2, aes, erms, clmul, bmi1, bmi2, rtm, adx, fma, vzeroupper, clflush, clflushopt

Memory: 4k page, system-wide physical 16268M (7664M free)
TotalPageFile size 22156M (AvailPageFile size 12800M)
current process WorkingSet (physical memory assigned to process): 141M, peak: 144M
current process commit charge ("private bytes"): 378M, peak: 391M

vm_info: Java HotSpot(TM) 64-Bit Server VM (17.0.1+12-LTS-39) for windows-amd64 JRE (17.0.1+12-LTS-39), built on Sep 27 2021 18:41:35 by "mach5one" with MS VC++ 16.8 (VS2019)

END.
